0 120 70
1 94 65
16 73 60
446 68 60
184 68 60
2 66 62
3 60 57
4 60 54
5 52 61
447 52 55
17 51 57
33 49 57
8 49 59
185 47 57
1840 47 55
9 44 54
186 43 52
187 43 52
188 43 49
38 40 57
198 40 57
6 40 56
52 39 58
12 38 58
94 37 54
3254 36 50
268 36 54
34 36 54
189 35 56
7 35 53
53 34 53
455 34 52
448 34 52
493 34 52
494 34 49
192 33 49
54 33 57
14 32 50
15 32 49
10 32 53
28 31 52
35 31 54
57 30 53
569 30 52
11 30 50
421 30 54
487 30 52
269 30 49
270 30 46
214 30 49
13 30 53
1026 28 56
23 28 53
42 28 54
410 28 51
199 28 52
422 27 49
190 27 51
78 27 53
29 27 47
22 26 44
747 26 54
1845 26 44
560 26 52
21 26 45
24 26 48
1842 26 47
25 26 45
26 26 42
27 26 41
30 26 44
31 26 41
18 26 56
19 26 48
32 26 40
20 26 45
456 25 49
36 25 51
39 25 49
43 25 49
44 25 46
69 25 50
1841 25 52
55 25 52
449 25 49
46 24 53
79 24 53
191 24 48
659 23 54
527 23 51
631 23 51
271 23 53
56 23 49
413 23 48
423 22 53
63 22 52
1872 22 47
874 22 49
924 22 46
411 22 48
1925 22 44
1926 22 47
837 22 49
99 22 49
98 22 50
40 21 46
37 21 50
93 21 53
65 21 48
60 21 49
95 21 50
488 21 49
434 21 52
195 21 48
197 21 44
196 21 45
81 21 50
193 21 48
194 21 45
88 20 45
64 20 49
70 20 48
97 20 53
87 20 44
988 19 38
987 19 44
986 19 41
371 19 49
844 19 41
524 19 47
200 19 49
841 19 44
103 19 42
102 19 45
101 19 44
104 19 41
633 19 43
820 19 44
100 19 45
632 19 46
96 19 45
630 19 46
58 19 52
111 18 49
689 18 46
856 18 48
995 18 45
2608 18 47
503 18 45
418 18 48
112 18 46
114 18 46
819 18 49
115 18 45
582 18 49
906 18 45
838 18 46
1594 18 49
427 18 45
47 18 48
539 18 44
537 18 48
922 18 49
528 18 48
152 18 46
216 17 45
204 17 48
62 17 41
217 17 45
66 17 44
67 17 43
424 17 48
754 17 49
61 17 44
570 17 49
457 17 48
283 17 45
215 17 48
84 17 49
59 17 44
272 17 48
273 17 45
218 17 44
562 17 49
138 17 49
282 17 48
68 17 40
71 17 45
48 16 45
538 16 45
137 16 52
143 16 49
201 16 49
634 16 50
642 16 46
640 16 47
639 16 50
522 16 48
154 16 45
1843 16 44
1028 16 48
660 16 49
690 16 50
489 16 48
564 16 48
1590 16 49
450 16 48
1027 16 51
469 16 48
375 15 45
80 15 45
360 15 41
73 15 45
379 15 42
83 15 42
41 15 45
45 15 42
842 15 41
49 15 45
531 15 42
50 15 42
51 15 41
821 15 41
845 15 38
1847 15 46
126 15 50
90 15 42
89 15 41
82 15 45
546 14 36
1033 14 45
498 14 40
545 14 39
544 14 36
543 14 40
542 14 39
541 14 40
540 14 43
533 14 39
529 14 43
547 14 35
520 14 51
507 14 36
506 14 37
505 14 40
938 14 44
495 14 43
472 14 39
471 14 40
461 14 40
458 14 43
571 14 44
451 14 51
584 14 44
585 14 41
442 14 48
425 14 45
415 14 47
650 14 49
139 14 44
113 14 41
116 14 41
117 14 40
147 14 40
127 14 47
141 14 41
140 14 44
146 14 41
753 13 42
665 13 45
1903 13 44
479 13 48
875 13 44
167 13 45
373 13 46
490 13 45
504 13 44
1379 13 48
1880 13 44
1875 13 44
954 13 49
525 13 44
568 13 45
1008 13 41
1009 13 44
129 13 46
173 13 42
651 13 46
419 13 45
643 13 41
641 13 42
417 13 43
416 13 44
637 13 42
1928 13 44
414 13 44
1927 13 41
412 13 47
437 13 44
438 13 43
1905 13 41
202 13 46
470 13 47
939 13 45
1904 13 44
182 12 38
429 12 44
172 12 41
1030 12 40
1029 12 43
378 12 41
206 12 44
180 12 38
426 12 44
181 12 37
205 12 47
523 12 45
156 12 38
157 12 37
997 12 43
996 12 40
236 12 44
162 12 50
183 12 37
1873 12 44
161 12 53
858 12 43
664 12 42
759 12 46
696 12 42
118 12 45
695 12 45
635 12 45
119 12 42
636 12 42
667 12 41
666 12 42
583 12 46
663 12 45
653 12 46
839 12 45
131 12 41
132 12 42
105 12 54
1848 12 43
274 12 54
923 11 45
691 11 45
499 11 37
496 11 40
166 11 44
440 11 40
718 11 45
86 11 41
91 11 40
750 11 46
108 11 50
907 11 44
1530 11 42
92 11 41
459 11 40
937 11 45
106 11 51
452 11 48
74 11 41
327 11 44
329 11 40
330 11 41
331 11 48
428 11 41
72 11 44
534 11 36
430 11 41
532 11 39
431 11 40
439 11 41
530 11 40
75 11 44
598 11 45
513 11 45
857 11 45
756 11 46
435 11 47
85 11 44
77 11 40
521 11 48
76 11 41
652 10 41
644 10 48
657 10 47
436 10 44
3274 10 39
661 10 46
203 10 45
159 10 36
134 10 39
133 10 38
142 10 45
551 10 39
121 10 42
816 10 44
567 10 44
148 10 41
149 10 40
120 10 41
153 10 41
573 10 43
158 10 37
769 10 43
587 10 41
911 10 40
160 10 37
599 10 43
701 10 41
860 10 40
491 10 44
607 10 40
674 10 44
174 10 38
910 10 41
175 10 39
176 10 38
177 10 41
178 10 40
179 10 41
311 10 42
253 10 45
3237 10 36
3246 10 33
380 10 41
1359 10 45
391 10 38
1342 10 44
3247 10 36
941 10 39
999 10 40
1034 10 40
998 10 37
1908 10 43
978 10 41
3263 10 39
1932 10 44
979 10 44
1931 10 41
3313 10 39
1505 10 43
1883 10 44
955 10 46
1003 9 37
526 9 44
1850 9 40
1002 9 34
1851 9 39
151 9 37
1001 9 40
107 9 46
1004 9 33
508 9 39
1000 9 37
980 9 37
981 9 40
846 9 37
849 9 37
990 9 37
989 9 34
361 9 36
675 9 41
510 9 35
509 9 36
128 9 42
1098 9 41
766 9 43
1081 9 40
1080 9 39
1154 9 45
817 9 41
122 9 38
123 9 41
124 9 38
125 9 37
822 9 40
823 9 37
824 9 36
828 9 40
150 9 38
1037 9 48
752 9 43
135 9 37
136 9 38
1852 9 43
721 9 41
297 9 41
843 9 40
296 9 42
692 9 51
343 9 45
1005 9 36
345 9 41
944 9 37
382 9 40
948 9 36
908 9 41
1844 9 43
947 9 33
463 9 39
946 9 37
914 9 37
638 9 41
163 9 45
945 9 36
388 9 37
949 9 33
943 9 40
942 9 36
940 9 40
936 9 48
916 9 37
917 9 36
929 9 33
928 9 34
927 9 37
926 9 37
925 9 40
912 9 48
865 9 37
2611 9 44
2435 9 44
2606 9 44
164 9 45
165 9 42
420 9 44
864 9 40
646 9 47
168 9 41
169 9 42
950 9 32
866 9 36
1849 9 43
473 9 39
474 9 38
1846 9 40
170 9 42
171 9 41
377 9 42
880 9 41
913 9 40
1280 8 41
586 8 40
1608 8 40
1603 8 38
1321 8 48
110 8 42
712 8 39
767 8 42
310 8 41
277 8 45
648 8 39
281 8 42
1539 8 43
1529 8 39
280 8 41
656 8 37
655 8 38
279 8 41
278 8 42
1602 8 41
702 8 39
703 8 38
722 8 45
727 8 42
729 8 38
109 8 45
1341 8 40
1595 8 41
145 8 41
130 8 41
909 8 44
475 8 36
1032 8 40
328 8 41
1031 8 43
1858 8 43
144 8 44
325 8 45
476 8 35
238 8 44
376 8 42
155 8 40
859 8 40
497 8 39
500 8 36
861 8 37
1035 8 40
432 8 42
1097 8 40
441 8 40
444 8 42
445 8 41
1041 8 43
1040 8 46
453 8 47
460 8 39
465 8 35
462 8 36
464 8 36
1933 7 38
959 7 41
1934 7 41
3311 7 37
658 7 42
957 7 40
956 7 41
1886 7 41
1911 7 41
877 7 41
883 7 41
1548 7 41
1909 7 40
1440 7 40
740 7 37
768 7 42
1106 7 40
764 7 37
1116 7 44
1128 7 43
794 7 38
1155 7 42
1224 7 40
1279 7 44
818 7 41
1038 7 45
1036 7 37
751 7 42
749 7 45
960 7 38
1012 7 38
711 7 38
1013 7 41
1011 7 41
1404 7 41
1405 7 42
1439 7 39
1010 7 38
788 7 41
1482 7 36
1483 7 37
1484 7 40
1504 7 44
1881 7 41
313 7 37
588 7 37
589 7 40
591 7 36
339 7 35
340 7 36
315 7 34
374 7 43
362 7 33
590 7 37
344 7 42
255 7 37
649 7 38
552 7 36
397 7 34
608 7 37
566 7 45
392 7 37
335 7 39
575 7 40
645 7 43
480 7 40
326 7 42
602 7 40
515 7 37
579 7 40
443 7 45
514 7 40
433 7 41
600 7 40
237 7 45
356 6 29
231 6 37
232 6 33
992 6 36
364 6 33
991 6 33
370 6 29
363 6 32
357 6 30
1884 6 41
358 6 28
359 6 29
982 6 36
983 6 39
233 6 34
332 6 45
333 6 40
334 6 37
336 6 36
337 6 36
235 6 33
234 6 32
338 6 33
341 6 32
342 6 33
355 6 33
346 6 40
347 6 37
348 6 36
349 6 37
350 6 33
351 6 36
352 6 33
353 6 32
354 6 32
408 6 29
399 6 31
400 6 30
401 6 36
402 6 33
403 6 32
404 6 33
405 6 30
406 6 29
226 6 33
919 6 35
918 6 36
407 6 30
930 6 36
915 6 36
409 6 30
225 6 37
224 6 36
223 6 37
222 6 40
221 6 45
220 6 46
219 6 49
213 6 45
212 6 44
211 6 45
386 6 37
366 6 29
230 6 36
367 6 29
368 6 28
369 6 28
1039 6 44
372 6 46
229 6 32
381 6 38
383 6 37
384 6 37
385 6 34
365 6 30
387 6 36
389 6 33
390 6 34
393 6 34
394 6 34
395 6 33
396 6 33
398 6 30
228 6 33
227 6 36
932 6 32
931 6 33
3275 6 36
266 6 32
265 6 33
264 6 32
263 6 32
303 6 32
304 6 30
1617 6 48
262 6 33
261 6 32
3309 6 38
3284 6 34
3283 6 35
3280 6 38
267 6 33
260 6 33
3264 6 36
259 6 33
3258 6 35
258 6 34
3255 6 38
257 6 33
3253 6 32
3248 6 35
256 6 36
3245 6 33
3239 6 35
288 6 36
1410 6 38
294 6 33
295 6 34
1419 6 37
298 6 37
293 6 37
292 6 36
291 6 33
290 6 34
289 6 37
1365 6 41
299 6 34
254 6 36
287 6 37
1507 6 38
300 6 33
301 6 36
286 6 40
285 6 46
1531 6 36
1322 6 45
302 6 33
284 6 49
276 6 46
275 6 49
1076 6 40
241 6 36
240 6 36
1855 6 42
308 6 28
1127 6 44
239 6 37
1117 6 43
309 6 29
1861 6 40
312 6 36
314 6 33
1093 6 41
316 6 33
242 6 35
1066 6 41
1065 6 40
1060 6 40
1059 6 41
317 6 29
318 6 30
647 6 42
319 6 29
320 6 30
321 6 29
322 6 30
323 6 48
1156 6 41
3236 6 34
305 6 29
3233 6 31
1212 6 37
1189 6 36
1183 6 37
3203 6 31
3200 6 30
1176 6 38
1175 6 37
1169 6 37
1168 6 38
324 6 45
306 6 30
307 6 29
252 6 44
251 6 45
250 6 32
249 6 31
248 6 32
247 6 33
246 6 32
245 6 33
244 6 32
243 6 33
830 6 36
682 6 45
763 6 38
815 6 42
565 6 45
685 6 42
694 6 42
2025 6 46
829 6 39
770 6 39
207 6 48
840 6 46
208 6 45
209 6 44
850 6 36
210 6 48
2614 6 44
720 6 42
771 6 40
774 6 38
775 6 35
677 6 41
676 6 42
783 6 45
784 6 42
785 6 41
786 6 42
787 6 42
789 6 39
790 6 38
791 6 39
792 6 38
793 6 39
492 6 45
728 6 39
739 6 38
738 6 41
654 6 41
710 6 42
1609 5 37
1856 5 39
1130 5 38
1129 5 39
1283 5 32
1282 5 35
1281 5 36
1126 5 47
683 5 42
761 5 43
760 5 42
758 5 45
1857 5 38
1274 5 33
1273 5 36
684 5 41
1859 5 40
609 5 36
1854 5 39
1415 5 40
1161 5 44
723 5 42
725 5 36
601 5 39
1174 5 41
1182 5 38
603 5 36
1879 5 39
1853 5 42
1131 5 35
1878 5 40
1014 5 35
1015 5 38
1291 5 41
1877 5 43
1876 5 40
1874 5 43
776 5 34
1287 5 42
757 5 43
1692 5 36
1225 5 37
1684 5 35
594 5 37
1761 5 35
1685 5 34
1760 5 34
1688 5 33
1092 5 42
1109 5 39
1198 5 38
1083 5 35
1211 5 38
1210 5 37
1209 5 38
1208 5 37
1207 5 38
1101 5 36
1206 5 41
1205 5 40
1204 5 41
1199 5 39
606 5 35
697 5 46
698 5 43
1245 5 35
1244 5 36
1187 5 40
755 5 46
1242 5 36
1188 5 37
1119 5 36
1241 5 39
1107 5 47
605 5 36
604 5 39
1234 5 36
1075 5 41
1675 5 35
1676 5 34
1118 5 39
1679 5 34
1680 5 35
1082 5 34
1449 5 35
1930 5 43
1442 5 37
1340 5 41
1428 5 38
1427 5 37
887 5 38
1426 5 42
1503 5 47
1397 5 40
884 5 38
1343 5 41
1515 5 32
1516 5 31
563 5 46
668 5 46
516 5 36
1907 5 40
669 5 43
961 5 37
670 5 42
1510 5 36
1441 5 36
535 5 39
1906 5 43
1506 5 39
1386 5 39
1508 5 35
1387 5 36
1388 5 39
1509 5 39
962 5 38
1511 5 35
1512 5 36
553 5 35
1430 5 39
1347 5 38
1513 5 32
1429 5 38
1929 5 40
1514 5 35
1554 5 32
1541 5 40
1417 5 37
1488 5 32
1549 5 35
1472 5 36
1550 5 36
1551 5 34
1552 5 35
1366 5 38
1553 5 31
1332 5 41
1416 5 41
1367 5 39
1306 5 35
1305 5 32
1473 5 33
1304 5 36
1303 5 33
1302 5 39
1301 5 36
1538 5 40
1532 5 36
1533 5 39
1534 5 33
1328 5 41
1535 5 36
1333 5 42
1536 5 32
1360 5 42
1490 5 36
1324 5 45
1537 5 35
481 5 39
862 5 40
1450 5 36
1489 5 33
1418 5 38
705 4 31
3219 4 35
1196 4 41
3209 4 35
3218 4 32
1195 4 42
1197 4 42
716 4 31
1157 4 41
484 4 36
1158 4 40
1162 4 41
1163 4 40
1164 4 41
1167 4 42
1407 4 41
717 4 30
1406 4 40
625 4 34
715 4 30
714 4 34
713 4 33
1181 4 41
629 4 33
628 4 32
1789 4 40
3207 4 34
627 4 33
626 4 33
671 4 37
611 4 37
612 4 36
613 4 36
688 4 33
687 4 34
686 4 33
1619 4 39
1275 4 35
1276 4 32
681 4 32
1286 4 45
1325 4 42
680 4 33
610 4 40
1604 4 37
672 4 34
679 4 33
673 4 33
678 4 34
615 4 36
1597 4 40
1593 4 42
1555 4 45
1556 4 42
1592 4 43
1586 4 42
1356 4 45
623 4 32
622 4 32
621 4 33
1363 4 36
709 4 29
708 4 30
1691 4 39
662 4 45
707 4 33
1226 4 36
1683 4 38
620 4 36
624 4 37
619 4 33
706 4 30
614 4 35
618 4 32
1235 4 35
704 4 34
700 4 34
1345 4 35
699 4 37
617 4 33
616 4 37
693 4 46
800 4 33
1017 4 37
1016 4 34
779 4 31
780 4 34
781 4 31
782 4 30
572 4 41
795 4 37
796 4 36
797 4 33
798 4 37
799 4 34
778 4 35
801 4 34
802 4 33
803 4 34
804 4 30
805 4 33
806 4 33
807 4 30
808 4 29
809 4 34
810 4 33
811 4 34
1042 4 44
1054 4 33
1053 4 32
1052 4 36
1051 4 35
1050 4 44
1049 4 43
1048 4 44
1047 4 47
1046 4 32
1045 4 35
1044 4 36
1043 4 43
812 4 30
762 4 37
578 4 39
765 4 34
577 4 40
576 4 37
574 4 40
772 4 37
773 4 34
1864 4 36
1865 4 35
777 4 34
1916 4 40
512 4 32
511 4 33
502 4 37
501 4 40
454 4 48
466 4 40
467 4 37
468 4 36
477 4 36
478 4 35
1913 4 40
1914 4 37
2629 4 36
1918 4 37
1919 4 36
486 4 36
485 4 35
2663 4 33
2664 4 36
885 4 37
1937 4 37
482 4 37
1938 4 40
483 4 36
558 4 31
813 4 31
3078 4 33
3069 4 36
1894 4 40
966 4 33
965 4 34
964 4 37
963 4 34
814 4 30
958 4 37
561 4 49
559 4 32
597 4 33
557 4 32
556 4 32
555 4 33
554 4 36
550 4 32
549 4 33
548 4 36
536 4 36
519 4 33
518 4 32
517 4 33
1102 4 33
742 4 32
1862 4 39
1863 4 36
1111 4 35
1110 4 38
1108 4 46
743 4 33
1105 4 29
1104 4 30
1103 4 29
741 4 33
1100 4 32
1099 4 35
744 4 29
745 4 30
1096 4 33
1095 4 36
1094 4 37
746 4 29
1091 4 45
1090 4 28
730 4 37
719 4 45
3097 4 33
3096 4 30
3091 4 36
3090 4 33
724 4 37
726 4 33
596 4 34
595 4 33
1142 4 44
1056 4 31
731 4 34
732 4 33
733 4 34
734 4 30
735 4 33
736 4 30
737 4 29
1122 4 44
1121 4 35
1120 4 38
1067 4 35
581 4 37
1072 4 28
1073 4 29
1064 4 32
1057 4 32
1063 4 35
1074 4 44
1089 4 27
592 4 37
1058 4 45
1071 4 29
1070 4 33
1077 4 36
1062 4 33
1078 4 35
748 4 46
593 4 36
1084 4 31
1088 4 29
1085 4 32
1069 4 32
1068 4 36
1079 4 32
1087 4 28
1086 4 32
1061 4 36
1055 4 32
580 4 36
1433 3 33
3289 3 35
1436 3 33
3256 3 35
1435 3 32
1434 3 34
1437 3 29
1438 3 30
3281 3 35
3299 3 35
3147 3 35
3149 3 29
1912 3 40
2638 3 32
1910 3 39
3156 3 32
1797 3 36
1421 3 33
1414 3 30
3027 3 31
2024 3 43
3102 3 32
3108 3 29
3277 3 35
1936 3 40
1935 3 37
2781 3 35
2768 3 32
1420 3 32
3030 3 28
1422 3 31
1423 3 32
1424 3 28
1425 3 29
2695 3 31
2694 3 32
3205 3 35
3109 3 28
1431 3 32
1432 3 33
3142 3 32
1887 3 37
1610 3 36
3244 3 32
3223 3 35
3224 3 32
3067 3 35
1742 3 41
3076 3 32
1890 3 36
1889 3 37
1888 3 40
1519 3 39
1885 3 40
1540 3 37
3225 3 31
3226 3 32
3228 3 31
3231 3 28
1564 3 39
3235 3 31
1591 3 46
1882 3 40
1992 3 43
3199 3 27
1661 3 41
3202 3 28
1622 3 42
1620 3 43
2627 3 35
2610 3 41
3249 3 32
1666 3 42
1618 3 43
3307 3 34
2602 3 43
2550 3 32
2538 3 31
2440 3 41
2029 3 43
3211 3 31
1860 3 39
3036 3 32
3039 3 29
1020 3 34
1172 3 32
1171 3 30
1170 3 33
1166 3 33
1165 3 32
1160 3 32
1159 3 33
1146 3 39
1138 3 45
1132 3 38
1025 3 37
1024 3 34
1023 3 36
1022 3 33
1021 3 37
1173 3 29
1019 3 40
1018 3 37
1007 3 36
1006 3 33
994 3 37
993 3 34
985 3 40
984 3 37
977 3 33
976 3 34
975 3 37
974 3 32
973 3 33
972 3 36
1202 3 33
1326 3 36
1323 3 44
1223 3 30
1222 3 29
1221 3 33
1220 3 32
1219 3 33
1218 3 29
1217 3 32
1216 3 32
1215 3 33
1214 3 32
1213 3 33
1203 3 30
971 3 33
1201 3 34
1200 3 33
1194 3 29
1193 3 28
1192 3 32
1191 3 31
1190 3 32
1186 3 29
1185 3 32
1184 3 33
1180 3 30
1179 3 29
1178 3 33
1177 3 32
854 3 33
886 3 37
882 3 38
881 3 37
879 3 40
878 3 38
876 3 41
873 3 33
872 3 32
871 3 33
870 3 36
869 3 33
868 3 34
867 3 37
863 3 37
855 3 34
888 3 34
853 3 37
852 3 33
851 3 34
848 3 38
847 3 41
836 3 37
835 3 36
834 3 37
833 3 40
832 3 36
831 3 37
827 3 37
826 3 38
825 3 41
903 3 34
970 3 37
969 3 36
968 3 37
967 3 40
953 3 32
952 3 33
951 3 36
935 3 33
934 3 34
933 3 37
921 3 36
920 3 37
905 3 34
904 3 33
1412 3 33
902 3 33
901 3 33
900 3 34
899 3 33
898 3 34
897 3 37
896 3 36
895 3 37
894 3 37
893 3 36
892 3 37
891 3 40
890 3 34
889 3 35
1346 3 32
1357 3 44
1355 3 28
1354 3 29
1353 3 32
1352 3 29
1351 3 33
1350 3 32
1349 3 33
1348 3 36
1358 3 45
1344 3 36
1339 3 44
1338 3 29
1337 3 30
1336 3 33
1335 3 33
1334 3 36
1331 3 45
1330 3 32
1373 3 33
1413 3 29
1411 3 32
1409 3 33
1408 3 32
1378 3 29
1377 3 30
1376 3 33
1375 3 30
1374 3 34
1329 3 33
1372 3 34
1371 3 37
1370 3 33
1369 3 33
1368 3 36
1364 3 33
1362 3 37
1361 3 36
1327 3 33
1136 2 31
1499 2 36
1137 2 48
1497 2 32
1139 2 40
1140 2 39
1141 2 36
1143 2 39
1144 2 38
1145 2 35
1498 2 33
1147 2 36
1148 2 36
1149 2 35
1839 2 30
1150 2 32
1836 2 29
1835 2 30
1834 2 33
1151 2 36
1152 2 33
1153 2 32
1310 2 40
1495 2 34
1569 2 32
1491 2 32
1492 2 33
1493 2 36
1871 2 36
1870 2 35
1869 2 36
1868 2 36
1867 2 37
1866 2 40
1494 2 33
1135 2 32
1112 2 47
1113 2 39
1114 2 36
1115 2 35
1123 2 39
1124 2 36
1125 2 32
1496 2 37
1133 2 35
1134 2 35
1769 2 30
1780 2 31
1779 2 30
3216 2 32
3217 2 31
1568 2 37
1775 2 30
1774 2 29
1773 2 33
1772 2 32
1771 2 34
1770 2 33
1781 2 29
1768 2 29
1767 2 31
1766 2 30
1765 2 29
1764 2 28
1763 2 30
1762 2 29
1517 2 48
1518 2 40
1576 2 34
1559 2 35
1501 2 34
1502 2 37
1309 2 37
1308 2 35
1557 2 36
1810 2 39
3172 2 33
1802 2 30
1801 2 29
1558 2 37
1796 2 33
1500 2 33
1560 2 36
1561 2 32
1562 2 33
1563 2 36
1307 2 32
1565 2 40
1566 2 33
1567 2 36
3213 2 32
1782 2 30
1317 2 32
2675 2 33
1384 2 37
1383 2 40
1382 2 36
1381 2 37
3009 2 30
3010 2 33
3012 2 27
1380 2 40
1940 2 39
1939 2 36
2674 2 30
1542 2 37
1543 2 40
1544 2 34
1443 2 35
1444 2 36
1445 2 36
1446 2 37
1447 2 32
1448 2 33
1545 2 37
1398 2 37
1320 2 36
1319 2 33
1318 2 35
1403 2 33
2449 2 33
2471 2 30
2472 2 33
1402 2 34
1401 2 37
1400 2 33
1399 2 36
1546 2 33
1396 2 36
1395 2 39
1394 2 37
1393 2 40
1392 2 32
1391 2 33
1390 2 36
2639 2 33
1389 2 36
1385 2 33
1478 2 36
1469 2 37
1470 2 37
1471 2 34
1896 2 36
1895 2 39
1547 2 36
1316 2 36
1474 2 36
1475 2 33
1476 2 37
1477 2 34
1468 2 33
1479 2 33
1480 2 37
1481 2 34
1315 2 33
1314 2 36
1313 2 33
1485 2 33
1486 2 34
1487 2 37
1312 2 37
1457 2 36
1451 2 35
1452 2 36
1453 2 32
1921 2 35
1920 2 36
1454 2 33
1455 2 31
1917 2 39
1456 2 32
1915 2 36
1311 2 34
1458 2 37
1459 2 35
1460 2 36
1461 2 36
1462 2 37
1463 2 32
1464 2 33
1465 2 33
1466 2 34
1467 2 32
1266 2 33
1253 2 37
1254 2 36
1255 2 37
1257 2 36
1258 2 33
1259 2 34
1260 2 33
1261 2 36
1262 2 35
1263 2 36
1264 2 33
1265 2 32
1252 2 40
1267 2 32
3310 2 35
1268 2 32
1269 2 33
1632 2 30
1631 2 31
1630 2 32
1629 2 34
1628 2 35
1627 2 30
1626 2 31
1237 2 32
1227 2 36
1682 2 30
1681 2 29
1228 2 35
1229 2 39
1678 2 29
1677 2 30
1230 2 36
1231 2 35
1232 2 36
1233 2 37
1236 2 33
1625 2 34
1238 2 36
1239 2 32
1240 2 33
1243 2 36
1246 2 33
1665 2 45
1247 2 32
1248 2 35
1249 2 32
1250 2 31
1251 2 32
1587 2 37
1599 2 37
1598 2 37
1293 2 35
1596 2 38
1294 2 32
1295 2 36
1296 2 33
1297 2 36
1298 2 39
1299 2 33
1589 2 33
1588 2 36
1600 2 36
1300 2 36
1585 2 40
1584 2 37
1583 2 36
1582 2 37
1581 2 33
1580 2 36
1579 2 33
1578 2 32
1577 2 37
1575 2 33
1612 2 34
1624 2 33
1623 2 34
1270 2 32
1621 2 34
1271 2 33
1272 2 36
1277 2 36
1278 2 33
1616 2 33
1615 2 32
1614 2 33
1613 2 33
1256 2 37
1611 2 37
1284 2 35
1285 2 32
1288 2 37
1607 2 34
1606 2 33
1605 2 34
1289 2 36
1290 2 33
1292 2 36
1601 2 37
1526 2 36
1736 2 31
1735 2 37
1734 2 34
1733 2 32
1732 2 29
1731 2 33
1730 2 30
1523 2 36
1524 2 37
1574 2 40
1737 2 34
1527 2 33
1528 2 32
1722 2 29
1721 2 30
1720 2 29
1719 2 30
1718 2 33
1717 2 32
1716 2 33
1715 2 30
1747 2 29
1757 2 37
3222 2 29
1520 2 36
1521 2 40
1753 2 36
1752 2 30
1751 2 31
1750 2 34
1749 2 33
1748 2 34
1525 2 33
1746 2 30
1745 2 33
1744 2 32
1743 2 33
1522 2 37
1741 2 29
1740 2 30
1739 2 33
1738 2 30
1712 2 33
1714 2 31
1571 2 36
1570 2 35
1693 2 31
1704 2 29
1703 2 32
1713 2 30
1694 2 30
1695 2 29
1573 2 37
1696 2 30
1711 2 34
1697 2 33
1698 2 29
1710 2 34
1699 2 30
1700 2 33
1701 2 30
1702 2 29
1686 2 30
1689 2 28
1572 2 36
1687 2 29
1708 2 34
1705 2 28
1706 2 29
1707 2 37
1690 2 29
1709 2 33
1657 1 35
2734 1 29
2769 1 31
2733 1 28
2732 1 29
2706 1 30
2705 1 31
2696 1 32
3215 1 31
2673 1 29
2646 1 31
3089 1 32
2662 1 32
3251 1 31
2382 1 29
2028 1 40
2041 1 42
2229 1 34
2238 1 31
2244 1 30
2253 1 31
2296 1 40
2375 1 31
2377 1 30
2380 1 30
2616 1 38
2390 1 31
2392 1 30
2444 1 32
2461 1 29
2462 1 32
2537 1 28
2540 1 30
2549 1 29
2552 1 31
3150 1 28
3278 1 32
3181 1 31
3180 1 27
3179 1 30
3178 1 27
3177 1 26
3029 1 25
3171 1 30
3032 1 27
3110 1 29
3168 1 34
3158 1 31
3041 1 28
3155 1 29
3182 1 30
3116 1 31
3038 1 26
3146 1 32
3122 1 28
3132 1 26
3308 1 31
3131 1 25
3301 1 34
3130 1 26
3292 1 34
3123 1 27
3286 1 33
3285 1 34
2975 1 28
2766 1 29
3035 1 29
2780 1 32
2783 1 34
2912 1 34
2921 1 31
2959 1 31
2961 1 28
2963 1 27
2966 1 30
2968 1 27
2970 1 26
2973 1 31
2735 1 32
2977 1 27
3004 1 29
3005 1 32
3007 1 26
3095 1 29
3204 1 25
3260 1 34
3026 1 28
3201 1 24
3221 1 28
3234 1 30
3184 1 34
3183 1 31
1785 1 37
1758 1 33
1759 1 34
1776 1 34
1777 1 33
1778 1 34
1783 1 37
1784 1 36
1898 1 36
1756 1 36
1786 1 34
1824 1 37
1787 1 33
1823 1 33
1788 1 37
1790 1 34
1791 1 37
1792 1 33
1725 1 34
1670 1 35
1671 1 36
1826 1 36
1950 1 42
1672 1 33
1673 1 32
1674 1 33
1724 1 32
1793 1 34
1726 1 33
1825 1 34
1727 1 33
1728 1 32
1729 1 33
1754 1 33
1755 1 37
1811 1 36
1805 1 37
1806 1 36
1807 1 40
1941 1 37
1942 1 40
1808 1 37
1809 1 33
1819 1 34
1804 1 40
1818 1 33
1817 1 37
1816 1 37
1815 1 36
1812 1 36
1813 1 33
1814 1 32
1820 1 36
1794 1 32
1795 1 33
1899 1 40
1900 1 37
1901 1 36
1902 1 37
1822 1 32
1821 1 33
1723 1 33
1922 1 40
1923 1 37
1924 1 36
1798 1 33
1799 1 34
1800 1 37
1803 1 48
1651 1 34
1838 1 32
1640 1 38
1829 1 36
1638 1 37
1837 1 33
1642 1 35
1891 1 41
1833 1 32
1830 1 36
1831 1 35
2016 1 42
1652 1 37
1653 1 34
1832 1 33
1650 1 35
1649 1 38
1639 1 38
1648 1 37
1647 1 38
1893 1 37
1646 1 34
1645 1 33
1644 1 34
1643 1 37
1659 1 34
1668 1 36
1667 1 37
1664 1 32
1669 1 36
1633 1 38
1827 1 33
1663 1 35
1828 1 33
1662 1 36
1892 1 38
1660 1 37
1658 1 38
1641 1 34
1634 1 37
1656 1 41
1635 1 34
1897 1 37
1655 1 38
1636 1 41
1637 1 38
1654 1 33
2815 0 28
2816 0 25
2814 0 27
2810 0 25
2845 0 29
2813 0 28
2846 0 32
2812 0 25
2811 0 24
2847 0 28
2848 0 27
2849 0 28
2850 0 31
2851 0 27
2852 0 28
2853 0 27
2825 0 24
2832 0 28
2833 0 28
2834 0 28
2880 0 28
2835 0 31
2836 0 25
2831 0 27
2837 0 24
2830 0 25
2829 0 24
2828 0 27
2838 0 28
2827 0 24
2826 0 23
2817 0 26
2824 0 32
2839 0 24
2823 0 29
2840 0 25
2822 0 28
2821 0 29
2841 0 27
2820 0 29
2842 0 28
2843 0 29
2844 0 28
2819 0 28
2818 0 25
2904 0 24
2914 0 28
2913 0 35
1959 0 39
2911 0 31
2910 0 36
2909 0 29
2908 0 26
2907 0 25
2906 0 28
2905 0 25
2915 0 31
2903 0 29
2902 0 26
2901 0 25
2900 0 32
2899 0 29
2898 0 28
2897 0 31
2896 0 28
2895 0 27
2925 0 29
2934 0 31
2933 0 32
2932 0 28
2931 0 31
2930 0 28
2929 0 27
2928 0 28
2927 0 27
2926 0 24
2894 0 32
2924 0 28
2923 0 25
2922 0 32
1958 0 36
2920 0 28
2919 0 31
2918 0 30
2917 0 27
2916 0 32
2864 0 31
2873 0 36
2872 0 37
2871 0 37
2870 0 38
2869 0 36
2868 0 37
2867 0 38
2866 0 35
2865 0 32
2874 0 37
2863 0 32
2862 0 28
2861 0 31
2860 0 28
2859 0 27
2858 0 32
2857 0 29
2856 0 28
2855 0 31
2884 0 30
2893 0 29
2892 0 28
2891 0 25
2890 0 24
2889 0 25
2888 0 26
2887 0 29
2886 0 31
2885 0 28
2854 0 30
2883 0 27
2882 0 28
2881 0 31
2773 0 31
2879 0 32
2878 0 29
2877 0 35
2876 0 32
2875 0 38
2714 0 25
2722 0 28
2721 0 27
2720 0 27
2719 0 24
2718 0 28
2717 0 27
2716 0 28
2715 0 24
2723 0 27
2713 0 31
2712 0 30
2711 0 31
2710 0 30
2709 0 30
2708 0 27
2707 0 31
1970 0 40
2731 0 29
2739 0 28
2738 0 28
2737 0 28
2736 0 25
1966 0 38
1967 0 35
1968 0 36
1969 0 39
1971 0 39
2730 0 25
2729 0 26
2728 0 28
2727 0 25
2726 0 24
2725 0 25
2724 0 28
2679 0 24
2687 0 28
2686 0 32
2685 0 29
2684 0 28
2683 0 29
2682 0 25
2681 0 28
2680 0 25
2688 0 28
2678 0 32
2677 0 29
2676 0 29
1975 0 35
1976 0 39
1977 0 36
2672 0 30
2671 0 26
1972 0 39
2704 0 27
2703 0 28
2702 0 32
2701 0 31
2700 0 32
2699 0 31
2698 0 31
2697 0 28
2740 0 31
1973 0 38
1974 0 36
2693 0 28
2692 0 29
2691 0 36
2690 0 35
2689 0 31
1960 0 36
2791 0 24
2790 0 29
2789 0 28
2788 0 29
2787 0 25
2786 0 26
2785 0 25
2784 0 35
2792 0 25
2782 0 31
1961 0 35
1962 0 40
2779 0 31
2778 0 32
2777 0 31
2776 0 32
2775 0 28
2800 0 29
2808 0 24
2807 0 25
2806 0 24
2805 0 25
2804 0 32
2803 0 31
2802 0 28
2801 0 32
2774 0 31
2799 0 28
2798 0 29
2797 0 28
2796 0 29
2795 0 25
2794 0 28
2793 0 28
2748 0 27
2756 0 24
2755 0 31
2754 0 28
2753 0 27
2752 0 28
2751 0 28
2750 0 24
2749 0 25
2757 0 27
2747 0 24
2746 0 23
2745 0 24
2744 0 32
2743 0 29
2742 0 28
2741 0 29
2765 0 28
2993 0 23
2772 0 28
2771 0 27
2770 0 32
1963 0 37
1964 0 36
2767 0 28
1965 0 39
2809 0 24
2764 0 31
2763 0 28
2762 0 27
2761 0 28
2760 0 30
2759 0 27
2758 0 27
3139 0 24
3152 0 29
3151 0 28
3148 0 25
3145 0 31
3144 0 32
3143 0 31
3141 0 24
3140 0 25
3153 0 28
3138 0 25
3137 0 24
3136 0 21
3135 0 25
3134 0 26
3133 0 25
3129 0 22
3164 0 24
3175 0 27
3174 0 30
3173 0 27
3170 0 31
3169 0 28
3167 0 31
3166 0 28
3165 0 25
3128 0 27
3163 0 29
3162 0 24
3161 0 25
3160 0 26
3159 0 25
3157 0 28
3154 0 28
3093 0 29
3105 0 32
3104 0 31
3103 0 28
3101 0 29
3100 0 32
3099 0 29
3098 0 29
3094 0 30
3106 0 26
3092 0 26
3088 0 33
3087 0 32
3086 0 29
3085 0 28
3084 0 29
3083 0 28
3176 0 24
3107 0 25
3111 0 25
3112 0 28
3113 0 28
3114 0 29
3115 0 28
3117 0 27
3118 0 30
3119 0 31
3120 0 25
3121 0 24
3124 0 28
3125 0 24
3126 0 27
3127 0 28
3270 0 31
3288 0 30
3287 0 31
3282 0 34
3279 0 31
3276 0 35
3273 0 32
3272 0 33
3271 0 36
3290 0 34
3269 0 32
3268 0 35
3267 0 31
3266 0 32
3265 0 35
3262 0 30
3261 0 31
3259 0 31
3291 0 31
3293 0 33
3294 0 30
3295 0 31
3296 0 30
3297 0 32
3298 0 31
3300 0 34
3302 0 31
3303 0 35
3304 0 32
3305 0 35
3306 0 32
3312 0 36
3314 0 33
3192 0 31
3208 0 31
3206 0 32
3198 0 19
3197 0 21
3196 0 20
3195 0 27
3194 0 24
3193 0 23
3210 0 32
3191 0 28
3190 0 27
3189 0 28
3188 0 24
3187 0 27
3186 0 24
3185 0 23
3082 0 25
3212 0 28
3214 0 29
3220 0 28
3227 0 31
3229 0 30
3230 0 31
3232 0 27
3238 0 33
3240 0 32
3241 0 32
3242 0 31
3243 0 32
3250 0 31
3252 0 30
3257 0 34
1949 0 35
2985 0 24
2984 0 21
2983 0 21
2982 0 20
2981 0 25
2980 0 22
2979 0 21
2978 0 28
2986 0 25
2976 0 24
2974 0 25
1951 0 39
2972 0 28
2971 0 27
1952 0 36
2969 0 23
1953 0 35
2987 0 20
2988 0 21
2989 0 24
2990 0 19
2991 0 20
2992 0 20
2669 0 26
2994 0 24
2995 0 21
2996 0 22
2997 0 25
2998 0 20
2999 0 21
3000 0 21
3001 0 24
2943 0 29
2951 0 21
2950 0 22
2949 0 21
2948 0 20
2947 0 21
2946 0 21
2945 0 22
2944 0 32
2952 0 22
2942 0 28
2941 0 29
2940 0 25
2939 0 28
2938 0 25
2937 0 24
2936 0 35
3002 0 25
2953 0 21
2954 0 20
2955 0 21
2956 0 22
2957 0 21
2958 0 28
1957 0 40
2960 0 25
1956 0 39
2962 0 24
1955 0 40
2964 0 28
2965 0 27
1954 0 43
2967 0 24
3053 0 25
3061 0 22
3060 0 22
3059 0 21
3058 0 26
3057 0 23
3056 0 21
3055 0 22
3054 0 21
3062 0 25
3052 0 24
3051 0 21
3050 0 21
3049 0 20
3048 0 25
3047 0 22
3046 0 21
3045 0 20
3063 0 26
3064 0 38
3065 0 32
3066 0 29
3068 0 32
3070 0 33
3071 0 28
3072 0 31
3073 0 32
3074 0 29
3075 0 26
3077 0 29
3079 0 30
3080 0 32
3081 0 29
1944 0 43
3018 0 22
3017 0 23
3016 0 21
3015 0 22
3014 0 21
3013 0 22
1943 0 51
3011 0 26
3019 0 23
1945 0 42
3008 0 29
1946 0 39
3006 0 25
1947 0 41
1948 0 38
3003 0 28
2935 0 32
3020 0 22
3021 0 22
3022 0 21
3023 0 22
3024 0 21
3025 0 27
3028 0 24
3031 0 24
3033 0 28
3034 0 28
3037 0 25
3040 0 25
3042 0 29
3043 0 20
3044 0 21
2235 0 30
2246 0 24
2245 0 31
2243 0 27
2242 0 28
2241 0 27
2240 0 24
2239 0 32
2017 0 39
2237 0 28
2236 0 31
2247 0 27
2234 0 27
2233 0 32
2232 0 31
2231 0 28
2230 0 35
2018 0 40
2228 0 31
2227 0 40
2226 0 37
2257 0 29
2266 0 31
2265 0 32
2264 0 28
2263 0 31
2262 0 28
2261 0 27
2260 0 28
2259 0 27
2258 0 24
2225 0 35
2256 0 28
2255 0 25
2254 0 32
2015 0 40
2252 0 28
2251 0 27
2250 0 26
2249 0 23
2248 0 28
2195 0 29
2204 0 26
2203 0 25
2202 0 28
2201 0 25
2200 0 24
2199 0 29
2198 0 26
2197 0 25
2196 0 32
2205 0 29
2194 0 28
2193 0 31
2192 0 28
2191 0 27
2190 0 32
2189 0 29
2188 0 28
2187 0 25
2186 0 24
2215 0 24
2224 0 36
2223 0 36
2222 0 39
2221 0 40
2220 0 29
2219 0 26
2218 0 25
2217 0 28
2216 0 25
2267 0 32
2214 0 29
2213 0 26
2212 0 25
2211 0 28
2210 0 25
2209 0 24
2208 0 28
2207 0 25
2206 0 24
2317 0 28
2327 0 28
2326 0 27
2325 0 26
2324 0 27
2323 0 27
2322 0 28
2321 0 27
2320 0 24
2319 0 28
2318 0 25
2328 0 27
2316 0 25
2315 0 29
2314 0 26
2313 0 31
2312 0 28
2311 0 32
2310 0 29
2309 0 27
2308 0 24
2338 0 25
2347 0 27
2346 0 24
2345 0 23
2344 0 24
2343 0 28
2342 0 25
2341 0 24
2340 0 25
2339 0 24
2307 0 28
2337 0 27
2336 0 28
2335 0 24
2334 0 23
2333 0 24
2332 0 27
2331 0 26
2330 0 27
2329 0 28
2277 0 23
2286 0 25
2285 0 24
2284 0 31
2283 0 28
2282 0 27
2281 0 28
2280 0 24
2279 0 27
2278 0 24
2287 0 28
2276 0 32
2275 0 29
2274 0 28
2273 0 29
2272 0 25
2271 0 28
2270 0 25
2269 0 24
2268 0 35
2297 0 37
2306 0 25
2305 0 30
2304 0 27
2303 0 31
2302 0 28
2301 0 31
2300 0 28
2299 0 32
2298 0 29
2185 0 26
2014 0 43
2295 0 36
2294 0 39
2293 0 40
2292 0 32
2291 0 29
2290 0 28
2289 0 29
2288 0 25
2074 0 31
2084 0 27
2083 0 30
2082 0 28
2081 0 29
2080 0 32
2079 0 27
2078 0 28
2077 0 31
2076 0 28
2075 0 32
2085 0 28
2073 0 32
2072 0 35
2071 0 37
2070 0 38
2069 0 44
2068 0 41
2067 0 37
2066 0 38
2065 0 41
2095 0 24
2104 0 26
2103 0 29
2102 0 24
2101 0 23
2100 0 24
2099 0 25
2098 0 28
2097 0 25
2096 0 24
2064 0 36
2094 0 25
2093 0 29
2092 0 28
2091 0 29
2090 0 28
2089 0 27
2088 0 28
2087 0 31
2086 0 27
2034 0 39
2043 0 40
2042 0 39
2019 0 39
2040 0 39
2039 0 36
2038 0 35
2037 0 39
2036 0 38
2035 0 40
2044 0 43
2033 0 39
2032 0 36
2031 0 40
2030 0 37
2020 0 36
2021 0 39
2027 0 43
2026 0 40
2022 0 36
2054 0 38
2063 0 37
2062 0 40
2061 0 37
2060 0 41
2059 0 40
2058 0 41
2057 0 44
2056 0 38
2055 0 37
2105 0 25
2053 0 41
2052 0 40
2051 0 41
2050 0 44
2049 0 36
2048 0 35
2047 0 40
2046 0 37
2045 0 36
2155 0 32
2164 0 28
2163 0 28
2162 0 27
2161 0 29
2160 0 28
2159 0 28
2158 0 27
2157 0 29
2156 0 28
2165 0 29
2154 0 31
2153 0 28
2152 0 27
2151 0 31
2150 0 30
2149 0 32
2148 0 31
2147 0 28
2146 0 25
2175 0 24
2184 0 25
2183 0 25
2182 0 24
2181 0 29
2180 0 28
2179 0 28
2178 0 27
2177 0 29
2176 0 28
2145 0 27
2174 0 23
2173 0 25
2172 0 24
2171 0 28
2170 0 27
2169 0 28
2168 0 27
2167 0 25
2166 0 24
2115 0 31
2124 0 24
2123 0 28
2122 0 25
2121 0 32
2120 0 29
2119 0 31
2118 0 28
2117 0 30
2116 0 27
2125 0 27
2114 0 28
2113 0 31
2112 0 28
2111 0 32
2110 0 29
2109 0 35
2108 0 32
2107 0 25
2106 0 24
2135 0 27
2144 0 24
2143 0 28
2142 0 25
2141 0 28
2140 0 25
2139 0 29
2138 0 26
2137 0 32
2136 0 29
2348 0 25
2134 0 24
2133 0 27
2132 0 24
2131 0 28
2130 0 25
2129 0 31
2128 0 28
2127 0 28
2126 0 25
2559 0 29
2569 0 24
2568 0 27
2567 0 26
2566 0 23
2565 0 24
2564 0 23
2563 0 27
2562 0 24
2561 0 23
2560 0 24
2570 0 25
2558 0 28
2557 0 25
2556 0 29
2555 0 26
2554 0 25
2553 0 32
1994 0 40
2551 0 28
1995 0 37
2580 0 25
2589 0 25
2588 0 28
2587 0 27
2586 0 24
2585 0 25
2584 0 24
2583 0 28
2582 0 25
2581 0 24
1996 0 36
2579 0 31
2578 0 28
2577 0 27
2576 0 28
2575 0 24
2574 0 27
2573 0 24
2572 0 23
2571 0 28
2519 0 26
2528 0 24
2527 0 24
2526 0 28
2525 0 25
2524 0 24
2523 0 25
2522 0 29
2521 0 26
2520 0 25
2529 0 27
2518 0 28
2517 0 25
2516 0 25
2515 0 29
2514 0 26
2513 0 25
2512 0 26
2511 0 28
2510 0 25
2539 0 27
2548 0 28
2547 0 28
2546 0 27
2545 0 24
2544 0 28
2543 0 25
2542 0 24
2541 0 31
1997 0 39
2590 0 26
1998 0 40
1999 0 38
2536 0 27
2535 0 37
2534 0 36
2533 0 28
2532 0 25
2531 0 24
2530 0 25
2640 0 32
2649 0 25
2648 0 31
2647 0 32
1981 0 40
2645 0 28
2644 0 28
2643 0 29
2642 0 28
2641 0 25
2650 0 24
1982 0 36
1983 0 36
2637 0 29
2636 0 31
2635 0 32
2634 0 31
2633 0 28
2632 0 32
2631 0 35
2660 0 29
2023 0 35
2668 0 25
2667 0 35
2666 0 32
2665 0 32
1978 0 40
1979 0 43
1980 0 37
2661 0 33
2630 0 33
2659 0 32
2658 0 29
2657 0 28
2656 0 27
2655 0 28
2654 0 28
2653 0 29
2652 0 27
2651 0 28
2600 0 44
2609 0 44
1990 0 39
2607 0 41
1991 0 36
2605 0 37
2604 0 40
2603 0 40
1993 0 40
2601 0 41
1989 0 40
2599 0 32
2598 0 29
2597 0 28
2596 0 29
2595 0 25
2594 0 28
2593 0 25
2592 0 24
2591 0 29
2620 0 39
1984 0 39
2628 0 32
1985 0 35
2626 0 29
2625 0 32
2624 0 40
2623 0 41
2622 0 36
2621 0 37
2509 0 24
2619 0 40
2618 0 40
2617 0 41
1986 0 43
2615 0 37
1987 0 42
2613 0 37
2612 0 36
1988 0 39
2398 0 28
2408 0 28
2407 0 27
2406 0 28
2405 0 24
2404 0 27
2403 0 24
2402 0 23
2401 0 28
2400 0 25
2399 0 24
2409 0 31
2397 0 27
2396 0 24
2395 0 28
2394 0 25
2393 0 31
2008 0 37
2391 0 27
2009 0 36
2389 0 28
2419 0 27
2428 0 28
2427 0 24
2426 0 27
2425 0 24
2424 0 23
2423 0 28
2422 0 25
2421 0 24
2420 0 30
2388 0 27
2418 0 26
2417 0 27
2416 0 23
2415 0 26
2414 0 23
2413 0 22
2412 0 27
2411 0 24
2410 0 23
2358 0 24
2367 0 27
2366 0 24
2365 0 23
2364 0 24
2363 0 28
2362 0 25
2361 0 24
2360 0 25
2359 0 27
2368 0 25
2357 0 23
2356 0 24
2355 0 27
2354 0 24
2353 0 23
2352 0 24
2351 0 28
2350 0 25
2349 0 24
2378 0 31
2387 0 26
2386 0 23
2385 0 27
2384 0 24
2383 0 30
2010 0 37
2381 0 26
2011 0 35
2379 0 27
2429 0 27
2012 0 36
2376 0 27
2013 0 43
2374 0 28
2373 0 36
2372 0 35
2371 0 28
2370 0 25
2369 0 24
2479 0 29
2488 0 27
2487 0 28
2486 0 27
2485 0 28
2484 0 28
2483 0 25
2482 0 29
2481 0 26
2480 0 25
2489 0 29
2478 0 26
2477 0 30
2476 0 27
2475 0 26
2474 0 32
2473 0 29
2000 0 35
2001 0 39
2470 0 29
2499 0 25
2508 0 25
2507 0 27
2506 0 24
2505 0 24
2504 0 28
2503 0 25
2502 0 24
2501 0 25
2500 0 24
2469 0 28
2498 0 24
2497 0 25
2496 0 27
2495 0 28
2494 0 27
2493 0 28
2492 0 28
2491 0 29
2490 0 28
2439 0 37
2448 0 29
2447 0 32
2446 0 28
2445 0 29
2005 0 37
2443 0 28
2442 0 31
2441 0 38
2006 0 36
2004 0 39
2438 0 40
2437 0 38
2436 0 41
2007 0 40
2434 0 37
2433 0 40
2432 0 43
2431 0 31
2430 0 28
2459 0 25
2468 0 25
2467 0 29
2466 0 26
2465 0 25
2464 0 31
2463 0 28
2002 0 36
2003 0 40
2460 0 28
2670 0 29
2458 0 24
2457 0 25
2456 0 26
2455 0 25
2454 0 28
2453 0 29
2452 0 28
2451 0 29
2450 0 30
==================
0 120 70
1 94 65
2 66 62
5 52 61
16 73 60
446 68 60
184 68 60
8 49 59
52 39 58
12 38 58
33 49 57
3 60 57
54 33 57
198 40 57
38 40 57
17 51 57
185 47 57
1026 28 56
6 40 56
18 26 56
189 35 56
1840 47 55
447 52 55
35 31 54
42 28 54
747 26 54
659 23 54
421 30 54
4 60 54
9 44 54
105 12 54
274 12 54
34 36 54
94 37 54
268 36 54
46 24 53
79 24 53
97 20 53
423 22 53
78 27 53
271 23 53
23 28 53
93 21 53
161 12 53
13 30 53
7 35 53
57 30 53
10 32 53
53 34 53
560 26 52
487 30 52
1841 25 52
55 25 52
493 34 52
448 34 52
455 34 52
63 22 52
434 21 52
187 43 52
186 43 52
58 19 52
137 16 52
199 28 52
28 31 52
569 30 52
1943 0 51
190 27 51
527 23 51
631 23 51
410 28 51
36 25 51
106 11 51
451 14 51
692 9 51
520 14 51
1027 16 51
126 15 50
11 30 50
634 16 50
639 16 50
690 16 50
98 22 50
37 21 50
95 21 50
162 12 50
81 21 50
3254 36 50
14 32 50
108 11 50
69 25 50
819 18 49
64 20 49
456 25 49
371 19 49
200 19 49
188 43 49
214 30 49
192 33 49
954 13 49
269 30 49
111 18 49
650 14 49
219 6 49
15 32 49
582 18 49
1594 18 49
561 4 49
922 18 49
1590 16 49
660 16 49
754 17 49
570 17 49
84 17 49
562 17 49
138 17 49
201 16 49
143 16 49
422 27 49
449 25 49
99 22 49
837 22 49
275 6 49
284 6 49
56 23 49
60 21 49
488 21 49
43 25 49
39 25 49
494 34 49
874 22 49
411 22 48
215 17 48
522 16 48
193 21 48
454 4 48
272 17 48
457 17 48
469 16 48
47 18 48
537 18 48
1028 16 48
528 18 48
450 16 48
1617 6 48
1517 2 48
24 26 48
424 17 48
204 17 48
564 16 48
489 16 48
936 9 48
418 18 48
644 10 48
70 20 48
323 6 48
521 11 48
191 24 48
331 11 48
452 11 48
1037 9 48
19 26 48
195 21 48
1137 2 48
207 6 48
210 6 48
282 17 48
65 21 48
1379 13 48
479 13 48
1803 1 48
1321 8 48
413 23 48
856 18 48
912 9 48
442 14 48
1047 4 47
640 16 47
646 9 47
470 13 47
1112 2 47
1503 5 47
415 14 47
1126 5 47
127 14 47
412 13 47
205 12 47
453 8 47
435 11 47
657 10 47
1842 26 47
524 19 47
29 27 47
2608 18 47
1872 22 47
1926 22 47
1107 5 47
276 6 46
114 18 46
955 10 46
924 22 46
285 6 46
107 9 46
668 5 46
40 21 46
759 12 46
840 6 46
583 12 46
748 4 46
1847 15 46
112 18 46
202 13 46
563 5 46
1108 4 46
693 4 46
44 25 46
689 18 46
220 6 46
697 5 46
630 19 46
651 13 46
373 13 46
129 13 46
372 6 46
632 19 46
2025 6 46
653 12 46
838 18 46
750 11 46
270 30 46
152 18 46
1040 8 46
642 16 46
756 11 46
755 5 46
1591 3 46
661 10 46
88 20 45
100 19 45
937 11 45
682 6 45
1358 3 45
194 21 45
1331 3 45
565 6 45
857 11 45
513 11 45
20 26 45
492 6 45
598 11 45
419 13 45
1154 9 45
568 13 45
251 6 45
324 6 45
208 6 45
663 12 45
839 12 45
1324 5 45
102 19 45
635 12 45
695 12 45
118 12 45
142 10 45
48 16 45
538 16 45
203 10 45
923 11 45
662 4 45
691 11 45
1322 6 45
253 10 45
1359 10 45
523 12 45
1286 4 45
196 21 45
783 6 45
718 11 45
1555 4 45
1356 4 45
939 13 45
237 7 45
332 6 45
758 5 45
1665 2 45
277 8 45
217 17 45
1033 14 45
216 17 45
109 8 45
427 18 45
375 15 45
1058 4 45
82 15 45
115 18 45
1138 3 45
80 15 45
21 26 45
443 7 45
749 7 45
722 8 45
73 15 45
164 9 45
1038 7 45
41 15 45
283 17 45
566 7 45
71 17 45
211 6 45
490 13 45
167 13 45
906 18 45
213 6 45
665 13 45
221 6 45
273 17 45
49 15 45
154 16 45
325 8 45
995 18 45
343 9 45
96 19 45
25 26 45
503 18 45
425 14 45
163 9 45
1091 4 45
719 4 45
491 10 44
197 21 44
1504 7 44
1279 7 44
436 10 44
1116 7 44
87 20 44
85 11 44
909 8 44
144 8 44
238 8 44
75 11 44
2050 0 44
2057 0 44
2069 0 44
1050 4 44
1042 4 44
1357 3 44
212 6 44
1339 3 44
1048 4 44
2609 0 44
2600 0 44
30 26 44
526 9 44
1142 4 44
1883 10 44
979 10 44
1932 10 44
1323 3 44
22 26 44
1122 4 44
1342 10 44
1074 4 44
1925 22 44
2611 9 44
674 10 44
1039 6 44
2435 9 44
2606 9 44
1127 6 44
420 9 44
567 10 44
816 10 44
1845 26 44
504 13 44
1161 5 44
938 14 44
584 14 44
139 14 44
101 19 44
1873 12 44
236 12 44
209 6 44
140 14 44
2614 6 44
1903 13 44
820 19 44
875 13 44
571 14 44
1880 13 44
1875 13 44
426 12 44
525 13 44
1009 13 44
206 12 44
416 13 44
1928 13 44
414 13 44
429 12 44
437 13 44
1904 13 44
252 6 44
66 17 44
907 11 44
166 11 44
539 18 44
841 19 44
61 17 44
1843 16 44
59 17 44
327 11 44
987 19 44
218 17 44
72 11 44
1930 5 43
1852 9 43
752 9 43
1049 4 43
438 13 43
1618 3 43
1979 0 43
67 17 43
1031 8 43
766 9 43
1858 8 43
1041 8 43
417 13 43
1954 0 43
1620 3 43
1944 0 43
1992 3 43
1849 9 43
645 7 43
1874 5 43
1877 5 43
540 14 43
529 14 43
669 5 43
374 7 43
2024 3 43
495 14 43
1906 5 43
458 14 43
1128 7 43
1539 8 43
2013 0 43
2029 3 43
761 5 43
2602 3 43
2432 0 43
1844 9 43
1986 0 43
1043 4 43
2027 0 43
757 5 43
599 10 43
1848 12 43
1908 10 43
2014 0 43
573 10 43
633 19 43
997 12 43
1505 10 43
698 5 43
2044 0 43
769 10 43
1029 12 43
1117 6 43
858 12 43
1592 4 43
2016 1 42
165 9 42
326 7 42
647 6 42
636 12 42
1586 4 42
119 12 42
685 6 42
1853 5 42
1092 5 42
815 6 42
768 7 42
723 5 42
1360 5 42
670 5 42
1530 11 42
696 12 42
664 12 42
50 15 42
751 7 42
45 15 42
278 8 42
83 15 42
103 19 42
281 8 42
1426 5 42
379 15 42
767 8 42
1405 7 42
110 8 42
531 15 42
169 9 42
727 8 42
132 12 42
666 12 42
377 9 42
344 7 42
170 9 42
694 6 42
121 10 42
1155 7 42
760 5 42
1287 5 42
90 15 42
128 9 42
753 13 42
720 6 42
432 8 42
658 7 42
444 8 42
1325 4 42
173 13 42
676 6 42
641 13 42
1945 0 42
1855 6 42
1593 4 42
1333 5 42
637 13 42
2041 1 42
784 6 42
787 6 42
1622 3 42
1556 4 42
786 6 42
1666 3 42
1195 4 42
26 26 42
1167 4 42
1950 1 42
710 6 42
1197 4 42
376 8 42
296 9 42
311 10 42
683 5 42
1987 0 42
818 7 41
1328 5 41
959 7 41
2058 0 41
1291 5 41
2053 0 41
1416 5 41
1332 5 41
1340 5 41
1156 6 41
1548 7 41
2060 0 41
1934 7 41
883 7 41
956 7 41
877 7 41
1886 7 41
1911 7 41
1181 4 41
2617 0 41
2623 0 41
1162 4 41
1204 5 41
1164 4 41
654 6 41
1206 5 41
1407 4 41
1365 6 41
2065 0 41
1157 4 41
2068 0 41
2601 0 41
738 6 41
677 6 41
572 4 41
1947 0 41
2607 0 41
785 6 41
847 3 41
1059 6 41
1742 3 41
1013 7 41
1011 7 41
1404 7 41
788 7 41
1881 7 41
2436 0 41
1656 1 41
1636 1 41
2051 0 41
1343 5 41
1066 6 41
1174 5 41
1093 6 41
433 7 41
1196 4 41
684 5 41
1884 6 41
1075 5 41
978 10 41
428 11 41
430 11 41
439 11 41
76 11 41
652 10 41
148 10 41
120 10 41
153 10 41
587 10 41
701 10 41
910 10 41
177 10 41
179 10 41
380 10 41
330 11 41
1931 10 41
675 9 41
1098 9 41
817 9 41
123 9 41
825 3 41
721 9 41
297 9 41
876 3 41
345 9 41
908 9 41
638 9 41
168 9 41
116 14 41
27 26 41
31 26 41
986 19 41
844 19 41
104 19 41
62 17 41
360 15 41
842 15 41
51 15 41
821 15 41
89 15 41
585 14 41
113 14 41
1661 3 41
141 14 41
146 14 41
1008 13 41
643 13 41
1927 13 41
1905 13 41
172 12 41
378 12 41
667 12 41
131 12 41
86 11 41
92 11 41
74 11 41
279 8 41
328 8 41
1595 8 41
2610 3 41
2440 3 41
445 8 41
171 9 41
880 9 41
1280 8 41
310 8 41
280 8 41
145 8 41
130 8 41
1602 8 41
1891 1 41
1034 10 40
1608 8 40
999 10 40
1789 4 40
1866 2 40
2293 0 40
1597 4 40
1998 0 40
1032 8 40
1406 4 40
1106 7 40
1484 7 40
2003 0 40
1163 4 40
286 6 40
178 10 40
1158 4 40
2015 0 40
981 9 40
1859 5 40
2296 1 40
2028 1 40
1139 2 40
2018 0 40
2227 0 40
471 14 40
1978 0 40
461 14 40
155 8 40
610 4 40
1001 9 40
1909 7 40
1440 7 40
2221 0 40
117 14 40
1850 9 40
1310 2 40
147 14 40
505 14 40
1981 0 40
586 8 40
440 11 40
2052 0 40
77 11 40
1380 2 40
530 11 40
1888 3 40
1224 7 40
1538 5 40
1383 2 40
431 11 40
496 11 40
996 12 40
1565 2 40
2059 0 40
329 11 40
2062 0 40
1885 3 40
2035 0 40
91 11 40
2026 0 40
459 11 40
1541 5 40
1030 12 40
1574 2 40
1076 6 40
607 10 40
860 10 40
911 10 40
2043 0 40
1585 2 40
1994 0 40
1861 6 40
1518 2 40
1521 2 40
1341 8 40
1393 2 40
1065 6 40
1060 6 40
149 10 40
862 5 40
2047 0 40
1929 5 40
771 6 40
1543 2 40
501 4 40
1894 4 40
1938 4 40
1876 5 40
1913 4 40
466 4 40
498 14 40
2604 0 40
1912 3 40
2438 0 40
859 8 40
879 3 40
382 9 40
985 3 40
1019 3 40
2618 0 40
1187 5 40
2619 0 40
1916 4 40
574 4 40
1097 8 40
940 9 40
441 8 40
1970 0 40
1804 1 40
957 7 40
1899 1 40
943 9 40
333 6 40
68 17 40
577 4 40
2433 0 40
1035 8 40
1942 1 40
1807 1 40
1962 0 40
346 6 40
1397 5 40
1882 3 40
1252 2 40
967 3 40
1907 5 40
1957 0 40
32 26 40
602 7 40
864 9 40
480 7 40
1846 9 40
1989 0 40
822 9 40
541 14 40
891 3 40
1955 0 40
589 7 40
575 7 40
1993 0 40
1415 5 40
2603 0 40
2007 0 40
222 6 40
2031 0 40
1936 3 40
2624 0 40
913 9 40
1205 5 40
843 9 40
1878 5 40
600 7 40
925 9 40
514 7 40
543 14 40
579 7 40
1922 1 40
1081 9 40
833 3 40
828 9 40
1199 5 39
604 5 39
460 8 39
1241 5 39
702 8 39
1229 2 39
770 6 39
789 6 39
829 6 39
1388 5 39
1854 5 39
472 14 39
535 5 39
2021 0 39
175 10 39
1895 2 39
1298 2 39
601 5 39
533 14 39
1506 5 39
1386 5 39
1879 5 39
542 14 39
1129 5 39
2033 0 39
1856 5 39
1509 5 39
1917 2 39
545 14 39
728 6 39
1564 3 39
793 6 39
1430 5 39
791 6 39
497 8 39
1118 5 39
1109 5 39
1395 2 39
1940 2 39
1140 2 39
1910 3 39
1956 0 39
1984 0 39
2620 0 39
1080 9 39
1946 0 39
1990 0 39
508 9 39
578 4 39
1691 4 39
2222 0 39
1143 2 39
1851 9 39
3313 10 39
3263 10 39
2294 0 39
1619 4 39
1971 0 39
473 9 39
1959 0 39
335 7 39
1146 3 39
2004 0 39
2001 0 39
983 6 39
1969 0 39
2017 0 39
1976 0 39
1972 0 39
1862 4 39
1965 0 39
1988 0 39
463 9 39
1951 0 39
1860 3 39
2040 0 39
712 8 39
1533 5 39
2042 0 39
1302 5 39
1439 7 39
3274 10 39
2037 0 39
2019 0 39
1529 8 39
2034 0 39
134 10 39
648 8 39
1367 5 39
481 5 39
532 11 39
1997 0 39
1519 3 39
1123 2 39
551 10 39
1113 2 39
941 10 39
1810 2 39
887 5 38
1966 0 38
1973 0 38
1110 4 38
1428 5 38
1658 1 38
2875 0 38
1120 4 38
2036 0 38
2867 0 38
1132 3 38
2870 0 38
1637 1 38
1640 1 38
1649 1 38
2070 0 38
962 5 38
1144 2 38
1647 1 38
1639 1 38
1655 1 38
1683 4 38
1347 5 38
1366 5 38
1948 0 38
2616 1 38
1633 1 38
884 5 38
3064 0 38
1596 2 38
1418 5 38
1892 1 38
826 3 38
774 6 38
848 3 38
2066 0 38
1429 5 38
878 3 38
882 3 38
1999 0 38
1015 5 38
3280 6 38
1933 7 38
729 8 38
1182 5 38
174 10 38
122 9 38
2437 0 38
1857 5 38
3255 6 38
703 8 38
124 9 38
655 8 38
1130 5 38
739 6 38
176 10 38
1603 8 38
2056 0 38
792 6 38
790 6 38
474 9 38
1176 6 38
2441 0 38
180 12 38
763 6 38
1168 6 38
182 12 38
1410 6 38
2054 0 38
133 10 38
960 7 38
1507 6 38
156 12 38
1211 5 38
845 15 38
136 9 38
1198 5 38
381 6 38
1010 7 38
1209 5 38
711 7 38
150 9 38
1012 7 38
649 7 38
3309 6 38
794 7 38
1207 5 38
988 19 38
391 10 38
853 3 37
867 3 37
1791 1 37
863 3 37
2615 0 37
1788 1 37
964 4 37
2613 0 37
467 4 37
836 3 37
125 9 37
968 3 37
135 9 37
1914 4 37
834 3 37
2008 0 37
482 4 37
970 3 37
1918 4 37
823 9 37
1937 4 37
762 4 37
827 3 37
885 4 37
831 3 37
798 4 37
383 6 37
384 6 37
990 9 37
849 9 37
846 9 37
1371 3 37
1707 2 37
1362 3 37
1785 1 37
795 4 37
2605 0 37
1000 9 37
151 9 37
1017 4 37
1573 2 37
616 4 37
502 4 37
386 6 37
223 6 37
1783 1 37
225 6 37
892 3 37
1816 1 37
894 3 37
895 3 37
576 4 37
897 3 37
772 4 37
1824 1 37
920 3 37
933 3 37
2621 0 37
2871 0 37
764 7 37
740 7 37
3311 7 37
608 7 37
861 8 37
392 7 37
1638 1 37
2872 0 37
1897 1 37
515 7 37
592 4 37
231 6 37
2868 0 37
656 8 37
2874 0 37
581 4 37
1800 1 37
1887 3 37
313 7 37
1935 3 37
588 7 37
1667 1 37
1643 1 37
1893 1 37
1483 7 37
1648 1 37
1923 1 37
1660 1 37
590 7 37
1889 3 37
1634 1 37
255 7 37
1036 7 37
1540 3 37
1652 1 37
1941 1 37
916 9 37
980 9 37
1817 1 37
1963 0 37
2010 0 37
347 6 37
1808 1 37
388 9 37
1094 4 37
349 6 37
1805 1 37
1755 1 37
914 9 37
886 3 37
946 9 37
881 3 37
944 9 37
334 6 37
2005 0 37
2439 0 37
865 9 37
926 9 37
927 9 37
1025 3 37
1021 3 37
1902 1 37
958 4 37
724 4 37
1018 3 37
994 3 37
2434 0 37
730 4 37
984 3 37
1900 1 37
975 3 37
961 5 37
1480 2 37
157 12 37
183 12 37
1381 2 37
1487 2 37
287 6 37
499 11 37
1384 2 37
1312 2 37
289 6 37
1256 2 37
1611 2 37
1609 5 37
293 6 37
2067 0 37
298 6 37
1419 6 37
1288 2 37
671 4 37
611 4 37
1558 2 37
2071 0 37
1309 2 37
1502 2 37
2535 0 37
1401 2 37
1169 6 37
1584 2 37
1175 6 37
2061 0 37
1394 2 37
181 12 37
2055 0 37
2063 0 37
1183 6 37
1582 2 37
1469 2 37
1212 6 37
699 4 37
1470 2 37
1417 5 37
1577 2 37
1398 2 37
2046 0 37
1545 2 37
506 14 37
1446 2 37
1542 2 37
1476 2 37
239 6 37
1995 0 37
1587 2 37
594 5 37
1524 2 37
1980 0 37
1757 2 37
1427 5 37
1598 2 37
1496 2 37
1599 2 37
1442 5 37
1188 5 37
1568 2 37
1233 2 37
1253 2 37
158 10 37
1255 2 37
1210 5 37
2226 0 37
998 10 37
1867 2 37
624 4 37
1462 2 37
1522 2 37
160 10 37
1003 9 37
1604 4 37
1208 5 37
2030 0 37
1601 2 37
2297 0 37
1225 5 37
1458 2 37
1735 2 37
1263 2 36
1896 2 36
1482 7 36
1261 2 36
1238 2 36
1571 2 36
1389 2 36
1227 2 36
1669 1 36
1230 2 36
866 9 36
1478 2 36
1232 2 36
1668 1 36
1390 2 36
1023 3 36
1254 2 36
1300 2 36
1457 2 36
464 8 36
462 8 36
1915 2 36
544 14 36
1460 2 36
500 8 36
1830 1 36
475 8 36
1295 2 36
1461 2 36
1920 2 36
1452 2 36
1829 1 36
1610 3 36
1297 2 36
507 14 36
546 14 36
1314 2 36
1588 2 36
1257 2 36
1243 2 36
1600 2 36
1474 2 36
1316 2 36
1547 2 36
1924 1 36
893 3 36
1334 3 36
1124 2 36
1344 3 36
509 9 36
1348 3 36
1753 2 36
1520 2 36
1784 1 36
1523 2 36
3237 10 36
1526 2 36
896 3 36
1292 2 36
1898 1 36
1756 1 36
921 3 36
1557 2 36
951 3 36
1499 2 36
1151 2 36
1148 2 36
1147 2 36
1141 2 36
2002 0 36
1493 2 36
1871 2 36
1890 3 36
1289 2 36
1572 2 36
1361 3 36
1869 2 36
1368 3 36
1868 2 36
3247 10 36
1114 2 36
361 9 36
1815 1 36
1444 2 36
1445 2 36
1811 1 36
1806 1 36
945 9 36
1320 2 36
1580 2 36
942 9 36
1399 2 36
1826 1 36
1812 1 36
1326 3 36
1820 1 36
972 3 36
917 9 36
1396 2 36
1583 2 36
1901 1 36
835 3 36
159 10 36
969 3 36
1560 2 36
824 9 36
832 3 36
1563 2 36
534 11 36
1567 2 36
1007 3 36
1382 2 36
1277 2 36
1272 2 36
870 3 36
1671 1 36
1005 9 36
948 9 36
1939 2 36
292 6 36
240 6 36
241 6 36
536 4 36
1996 0 36
484 4 36
1531 6 36
301 6 36
254 6 36
2064 0 36
312 6 36
548 4 36
3271 0 36
612 4 36
554 4 36
613 4 36
288 6 36
2009 0 36
256 6 36
1974 0 36
1977 0 36
1532 5 36
337 6 36
2039 0 36
2373 0 36
1535 5 36
2012 0 36
1095 4 36
1189 6 36
2295 0 36
2691 0 36
1490 5 36
2049 0 36
1960 0 36
1964 0 36
2045 0 36
1863 4 36
348 6 36
1044 4 36
2224 0 36
1952 0 36
2622 0 36
1226 4 36
620 4 36
1864 4 36
918 6 36
930 6 36
915 6 36
401 6 36
3275 6 36
227 6 36
224 6 36
1991 0 36
796 4 36
387 6 36
1052 4 36
230 6 36
2664 4 36
2534 0 36
615 4 36
1982 0 36
3312 0 36
3264 6 36
351 6 36
3069 4 36
1983 0 36
483 4 36
1450 5 36
486 4 36
1919 4 36
2629 4 36
2612 0 36
1363 4 36
477 4 36
2223 0 36
468 4 36
1061 4 36
992 6 36
2869 0 36
1077 4 36
1281 5 36
593 4 36
1273 5 36
2873 0 36
1441 5 36
1510 5 36
1958 0 36
2910 0 36
609 5 36
1068 4 36
336 6 36
516 5 36
725 5 36
552 7 36
580 4 36
603 5 36
1692 5 36
2020 0 36
1234 5 36
340 7 36
1797 3 36
605 5 36
1662 1 36
591 7 36
1119 5 36
1242 5 36
1244 5 36
1101 5 36
1387 5 36
3091 4 36
1301 5 36
1304 5 36
2022 0 36
982 6 36
1968 0 36
1550 5 36
1472 5 36
830 6 36
850 6 36
2006 0 36
2032 0 36
1512 5 36
1675 5 35
1262 2 35
1284 2 35
2023 0 35
1083 5 35
2667 0 35
3219 4 35
2225 0 35
1552 5 35
1870 2 35
614 4 35
1235 4 35
1345 4 35
3209 4 35
1115 2 35
1680 5 35
1231 2 35
1508 5 35
1228 2 35
510 9 35
1245 5 35
1657 1 35
778 4 35
1628 2 35
1282 5 35
1570 2 35
2038 0 35
1511 5 35
1145 2 35
2230 0 35
1306 5 35
3310 2 35
1149 2 35
775 6 35
547 14 35
2048 0 35
3258 6 35
3277 3 35
242 6 35
3248 6 35
1921 2 35
1514 5 35
1537 5 35
1559 2 35
3239 6 35
1451 2 35
1308 2 35
1275 4 35
2072 0 35
2109 0 35
1133 2 35
1449 5 35
1248 2 35
1761 5 35
1684 5 35
1549 5 35
3283 6 35
1459 2 35
1014 5 35
1443 2 35
1134 2 35
1131 5 35
1293 2 35
2268 0 35
2631 0 35
553 5 35
1318 2 35
1111 4 35
1121 4 35
2877 0 35
2000 0 35
1967 0 35
1975 0 35
2372 0 35
2690 0 35
1099 4 35
2784 0 35
1961 0 35
2011 0 35
1067 4 35
3276 0 35
3268 0 35
3265 0 35
3303 0 35
1670 1 35
3305 0 35
1949 0 35
485 4 35
478 4 35
1865 4 35
919 6 35
3256 3 35
2781 3 35
1663 1 35
3205 3 35
339 7 35
3223 3 35
1650 1 35
3067 3 35
606 5 35
3147 3 35
3299 3 35
3281 3 35
1051 4 35
3289 3 35
1831 1 35
2913 0 35
1642 1 35
465 8 35
2627 3 35
476 8 35
1078 4 35
1063 4 35
2866 0 35
1985 0 35
1045 4 35
889 3 35
1953 0 35
2936 0 35
1710 2 34
1778 1 34
1612 2 34
1653 1 34
1311 2 34
1623 2 34
1635 1 34
290 6 34
1819 1 34
776 5 34
780 4 34
3168 1 34
1544 2 34
1434 3 34
1201 3 34
1621 2 34
3282 0 34
3301 1 34
3292 1 34
1685 5 34
1760 5 34
1466 2 34
1825 1 34
299 6 34
3285 1 34
1082 5 34
1679 5 34
1793 1 34
625 4 34
1486 2 34
1477 2 34
733 4 34
1471 2 34
801 4 34
1708 2 34
393 6 34
1374 3 34
1799 1 34
1020 3 34
1776 1 34
803 4 34
1651 1 34
1481 2 34
1759 1 34
3307 3 34
390 6 34
1372 3 34
989 9 34
731 4 34
1551 5 34
1024 3 34
233 6 34
596 4 34
928 9 34
799 4 34
993 3 34
2229 1 34
976 3 34
397 7 34
3236 6 34
1402 2 34
394 6 34
385 6 34
3284 6 34
888 3 34
1737 2 34
315 7 34
2912 1 34
965 4 34
1625 2 34
851 3 34
3257 0 34
1711 2 34
903 3 34
1750 2 34
3260 1 34
1790 1 34
1646 1 34
934 3 34
1641 1 34
777 4 34
1748 2 34
905 3 34
1644 1 34
765 4 34
1786 1 34
900 3 34
773 4 34
898 3 34
1629 2 34
3184 1 34
1659 1 34
1495 2 34
704 4 34
700 4 34
258 6 34
714 4 34
3207 4 34
295 6 34
3290 0 34
1607 2 34
1002 9 34
1259 2 34
1605 2 34
687 4 34
1676 5 34
3300 0 34
809 4 34
1016 4 34
1501 2 34
1725 1 34
672 4 34
1734 2 34
678 4 34
963 4 34
855 3 34
1771 2 34
890 3 34
2783 1 34
868 3 34
811 4 34
1576 2 34
1827 1 33
1624 2 33
3070 0 33
1246 2 33
1240 2 33
1832 1 33
1837 1 33
3286 1 33
1828 1 33
1654 1 33
1758 1 33
1236 2 33
1296 2 33
1645 1 33
1716 2 33
1614 2 33
1613 2 33
1674 1 33
1672 1 33
1606 2 33
3293 0 33
1697 2 33
1792 1 33
1290 2 33
1731 2 33
1527 2 33
1718 2 33
1616 2 33
3314 0 33
3238 0 33
2630 0 33
1823 1 33
1749 2 33
1787 1 33
1525 2 33
1745 2 33
1743 2 33
1739 2 33
2661 0 33
1813 1 33
1299 2 33
1589 2 33
1798 1 33
1500 2 33
1723 1 33
1821 1 33
1700 2 33
1795 1 33
1581 2 33
1579 2 33
1777 1 33
1575 2 33
1709 2 33
1712 2 33
1818 1 33
1809 1 33
3088 0 33
3272 0 33
1271 2 33
1754 1 33
1729 1 33
1727 1 33
1726 1 33
1278 2 33
260 6 33
800 4 33
617 4 33
265 6 33
619 4 33
707 4 33
621 4 33
1376 3 33
262 6 33
267 6 33
673 4 33
679 4 33
680 4 33
1329 3 33
259 6 33
257 6 33
686 4 33
688 4 33
626 4 33
627 4 33
3245 6 33
294 6 33
291 6 33
300 6 33
1409 3 33
629 4 33
805 4 33
1494 2 33
1492 2 33
1054 4 33
810 4 33
402 6 33
1152 2 33
1070 4 33
1834 2 33
1062 4 33
404 6 33
226 6 33
806 4 33
713 4 33
1498 2 33
802 4 33
797 4 33
389 6 33
395 6 33
396 6 33
1327 3 33
228 6 33
931 6 33
1369 3 33
1370 3 33
1184 3 33
935 3 33
952 3 33
1022 3 33
852 3 33
869 3 33
871 3 33
873 3 33
854 3 33
1178 3 33
1006 3 33
977 3 33
245 6 33
904 3 33
973 3 33
1202 3 33
1221 3 33
243 6 33
1200 3 33
971 3 33
1274 5 33
1213 3 33
1219 3 33
1215 3 33
1688 5 33
1473 5 33
302 6 33
1433 3 33
1436 3 33
1421 3 33
314 6 33
1373 3 33
1489 5 33
1335 3 33
1336 3 33
1534 5 33
1303 5 33
1432 3 33
1364 3 33
316 6 33
1349 3 33
1170 3 33
1351 3 33
1166 3 33
247 6 33
1159 3 33
899 3 33
901 3 33
902 3 33
1412 3 33
3097 4 33
732 4 33
2675 2 33
362 7 33
3010 2 33
1454 2 33
1102 4 33
3090 4 33
735 4 33
1485 2 33
1464 2 33
1465 2 33
597 4 33
929 9 33
1385 2 33
2639 2 33
1096 4 33
338 6 33
364 6 33
1468 2 33
1475 2 33
1566 2 33
1562 2 33
555 4 33
726 4 33
1796 2 33
232 6 33
235 6 33
549 4 33
519 4 33
991 6 33
1479 2 33
3172 2 33
1315 2 33
1313 2 33
595 4 33
949 9 33
743 4 33
2449 2 33
1269 2 33
1546 2 33
350 6 33
352 6 33
947 9 33
517 4 33
1448 2 33
741 4 33
1400 2 33
2663 4 33
511 4 33
1004 9 33
2472 2 33
3246 10 33
1319 2 33
1258 2 33
1773 2 33
966 4 33
3078 4 33
342 6 33
1260 2 33
1264 2 33
1266 2 33
1770 2 33
1403 2 33
355 6 33
1391 2 33
3226 3 32
2778 0 32
1664 1 32
1431 3 32
3076 3 32
3224 3 32
3244 3 32
1423 3 32
3142 3 32
3087 0 32
2694 3 32
1536 5 32
3144 0 32
2858 0 32
2776 0 32
2804 0 32
2801 0 32
1220 3 32
2744 0 32
1515 5 32
1814 1 32
1794 1 32
2770 0 32
1100 4 32
974 3 32
742 4 32
1513 5 32
1822 1 32
1833 1 32
2700 0 32
2702 0 32
3105 0 32
3100 0 32
2678 0 32
1160 3 32
1165 3 32
1554 5 32
1172 3 32
1488 5 32
3036 3 32
1838 1 32
2550 3 32
3249 3 32
1305 5 32
3304 0 32
2922 0 32
3073 0 32
2894 0 32
3080 0 32
2933 0 32
2935 0 32
3306 0 32
2900 0 32
3068 0 32
1217 3 32
2239 0 32
559 4 32
2233 0 32
3297 0 32
557 4 32
556 4 32
3266 0 32
3243 0 32
512 4 32
2944 0 32
2863 0 32
1046 4 32
2865 0 32
1053 4 32
1064 4 32
1057 4 32
1085 4 32
3241 0 32
3240 0 32
3210 0 32
2879 0 32
3206 0 32
2916 0 32
3065 0 32
2876 0 32
2686 0 32
3269 0 32
2075 0 32
550 4 32
2073 0 32
2846 0 32
3273 0 32
518 4 32
628 4 32
2080 0 32
1086 4 32
1055 4 32
1435 3 32
2638 3 32
3156 3 32
3218 4 32
3102 3 32
2768 3 32
2824 0 32
1069 4 32
1079 4 32
618 4 32
2265 0 32
2254 0 32
2196 0 32
2190 0 32
622 4 32
1420 3 32
2267 0 32
2311 0 32
2276 0 32
623 4 32
2299 0 32
681 4 32
1276 4 32
2292 0 32
1703 2 32
2659 0 32
266 6 32
932 6 32
229 6 32
2599 0 32
2628 0 32
1150 2 32
2625 0 32
264 6 32
403 6 32
1153 2 32
1569 2 32
1744 2 32
1491 2 32
1135 2 32
1125 2 32
354 6 32
2632 0 32
3253 6 32
2640 0 32
2647 0 32
3278 1 32
2462 1 32
2635 0 32
2444 1 32
1408 3 32
353 6 32
261 6 32
2666 0 32
2665 0 32
2662 1 32
3089 1 32
303 6 32
2696 1 32
263 6 32
1249 2 32
1447 2 32
1578 2 32
1392 2 32
1453 2 32
1294 2 32
1456 2 32
1463 2 32
1251 2 32
1270 2 32
1467 2 32
1247 2 32
1239 2 32
1265 2 32
1267 2 32
1268 2 32
1630 2 32
1237 2 32
2447 0 32
3216 2 32
1717 2 32
1528 2 32
341 6 32
1772 2 32
234 6 32
1733 2 32
2474 0 32
1497 2 32
363 6 32
1561 2 32
1285 2 32
1307 2 32
3213 2 32
1615 2 32
1317 2 32
950 9 32
953 3 32
244 6 32
2108 0 32
1411 3 32
1185 3 32
2111 0 32
1724 1 32
246 6 32
1673 1 32
1177 3 32
872 3 32
1330 3 32
1216 3 32
1346 3 32
248 6 32
1353 3 32
2121 0 32
1350 3 32
250 6 32
2780 1 32
2149 0 32
3005 1 32
2735 1 32
2155 0 32
1214 3 32
1728 1 32
1190 3 32
1283 5 32
2137 0 32
2553 0 32
1192 3 32
3146 1 32
3233 6 31
2773 0 31
2378 0 31
3208 0 31
3192 0 31
1553 5 31
3302 0 31
3227 0 31
3298 0 31
1767 2 31
2713 0 31
2711 0 31
2782 0 31
3295 0 31
2538 3 31
2707 0 31
3242 0 31
2855 0 31
3228 3 31
1780 2 31
2409 0 31
2579 0 31
558 4 31
3250 0 31
2779 0 31
2393 0 31
2881 0 31
2777 0 31
3217 2 31
1626 2 31
813 4 31
2886 0 31
3230 0 31
3211 3 31
3235 3 31
3170 0 31
3119 0 31
1631 2 31
1455 2 31
1191 3 31
2689 0 31
3104 0 31
1516 5 31
3167 0 31
3270 0 31
2764 0 31
3145 0 31
1250 2 31
2701 0 31
2699 0 31
2698 0 31
3143 0 31
2740 0 31
2464 0 31
3291 0 31
3259 0 31
3261 0 31
3203 6 31
1056 4 31
2442 0 31
3267 0 31
3183 1 31
1736 2 31
249 6 31
2431 0 31
2803 0 31
3279 0 31
2774 0 31
2755 0 31
3287 0 31
2705 1 31
2313 0 31
2238 1 31
3251 1 31
2193 0 31
3027 3 31
2646 1 31
2113 0 31
2263 0 31
3215 1 31
2266 0 31
705 4 31
2253 1 31
2911 0 31
2228 0 31
2769 1 31
2119 0 31
2232 0 31
2915 0 31
2236 0 31
1422 3 31
2245 0 31
2897 0 31
2129 0 31
2541 0 31
3158 1 31
3116 1 31
2648 0 31
3181 1 31
2552 1 31
2077 0 31
2636 0 31
2850 0 31
2074 0 31
779 4 31
2634 0 31
2390 1 31
2087 0 31
2835 0 31
2301 0 31
2303 0 31
716 4 31
2375 1 31
3308 1 31
2284 0 31
2861 0 31
2148 0 31
2919 0 31
3072 0 31
1693 2 31
2115 0 31
2695 3 31
2864 0 31
1084 4 31
2959 1 31
2921 1 31
1714 2 31
2931 0 31
2151 0 31
2973 1 31
2934 0 31
399 6 31
2154 0 31
1136 2 31
3225 3 31
1751 2 31
781 4 31
2383 0 30
2150 0 30
407 6 30
708 4 30
2420 0 30
2305 0 30
807 4 30
2760 0 30
405 6 30
715 4 30
3229 0 30
3252 0 30
717 4 30
400 6 30
2083 0 30
3288 0 30
357 6 30
2235 0 30
398 6 30
3200 6 30
782 4 30
306 6 30
812 4 30
365 6 30
2450 0 30
3294 0 30
804 4 30
2117 0 30
3296 0 30
409 6 30
706 4 30
3118 0 30
3079 0 30
3094 0 30
2477 0 30
322 6 30
814 4 30
320 6 30
3262 0 30
304 6 30
3174 0 30
318 6 30
1696 2 30
2380 1 30
2377 1 30
2672 0 30
2244 1 30
1377 3 30
1375 3 30
2706 1 30
1686 2 30
1701 2 30
1699 2 30
1839 2 30
3096 4 30
1694 2 30
1713 2 30
1835 2 30
1738 2 30
1740 2 30
1746 2 30
1752 2 30
1769 2 30
745 4 30
1779 2 30
1203 3 30
2918 0 30
2884 0 30
2854 0 30
1438 3 30
736 4 30
1414 3 30
1171 3 30
1223 3 30
2712 0 30
2710 0 30
2709 0 30
1104 4 30
1180 3 30
734 4 30
3234 1 30
1337 3 30
2966 1 30
3182 1 30
3171 1 30
3179 1 30
2540 1 30
2392 1 30
2674 2 30
1627 2 30
1802 2 30
1677 2 30
1632 2 30
1682 2 30
1730 2 30
2471 2 30
1763 2 30
3009 2 30
1719 2 30
1782 2 30
1715 2 30
1775 2 30
1766 2 30
1721 2 30
2453 0 29
2103 0 29
2845 0 29
2081 0 29
2275 0 29
2091 0 29
2670 0 29
3149 3 29
1681 2 29
3108 3 29
1425 3 29
2093 0 29
1437 3 29
3039 3 29
1173 3 29
1678 2 29
1222 3 29
1218 3 29
2467 0 29
1194 3 29
1186 3 29
1179 3 29
1354 3 29
1352 3 29
1338 3 29
307 6 29
356 6 29
305 6 29
3074 0 29
2257 0 29
2909 0 29
2903 0 29
2899 0 29
3042 0 29
2925 0 29
3008 0 29
3081 0 29
3077 0 29
2843 0 29
1088 4 29
3066 0 29
1103 4 29
808 4 29
1071 4 29
1073 4 29
2941 0 29
2943 0 29
2823 0 29
2291 0 29
2298 0 29
2273 0 29
3004 1 29
2310 0 29
2315 0 29
2214 0 29
2220 0 29
2289 0 29
709 4 29
2189 0 29
2821 0 29
2205 0 29
2451 0 29
2199 0 29
2195 0 29
2820 0 29
2658 0 29
1698 2 29
2479 0 29
2482 0 29
1702 2 29
2489 0 29
1687 2 29
1706 2 29
1690 2 29
2653 0 29
1768 2 29
2734 1 29
2732 1 29
1732 2 29
2673 1 29
2382 1 29
2473 0 29
359 6 29
1378 3 29
1774 2 29
1747 2 29
408 6 29
1741 2 29
1720 2 29
1722 2 29
1836 2 29
406 6 29
1704 2 29
2660 0 29
1781 2 29
1695 2 29
2626 0 29
366 6 29
367 6 29
2591 0 29
2596 0 29
2598 0 29
2181 0 29
2136 0 29
2139 0 29
2110 0 29
1413 3 29
2766 1 29
2120 0 29
3035 1 29
2177 0 29
2559 0 29
1801 2 29
2165 0 29
2157 0 29
2161 0 29
3222 2 29
317 6 29
3095 1 29
319 6 29
2643 0 29
2470 0 29
2491 0 29
1765 2 29
2448 0 29
2445 0 29
2461 1 29
2637 0 29
2549 1 29
321 6 29
1762 2 29
370 6 29
3110 1 29
2515 0 29
2522 0 29
3155 1 29
309 6 29
2556 0 29
2743 0 29
2857 0 29
2788 0 29
2677 0 29
3214 0 29
2685 0 29
3086 0 29
2683 0 29
3084 0 29
2893 0 29
3101 0 29
2741 0 29
746 4 29
3152 0 29
2790 0 29
2692 0 29
1105 4 29
3114 0 29
744 4 29
737 4 29
3093 0 29
2798 0 29
2800 0 29
2878 0 29
2796 0 29
2887 0 29
3163 0 29
3099 0 29
3098 0 29
2731 0 29
2676 0 29
2578 0 28
2319 0 28
2322 0 28
2248 0 28
2583 0 28
2588 0 28
3113 0 28
308 6 28
2551 0 28
2633 0 28
3112 0 28
2312 0 28
2558 0 28
2327 0 28
2127 0 28
2128 0 28
3122 1 28
2131 0 28
2343 0 28
3115 0 28
2141 0 28
2143 0 28
2307 0 28
2336 0 28
2838 0 28
3041 1 28
2642 0 28
2644 0 28
2645 0 28
3150 1 28
2194 0 28
3220 0 28
2192 0 28
2822 0 28
2188 0 28
2202 0 28
2688 0 28
2533 0 28
3212 0 28
3085 0 28
2576 0 28
2544 0 28
2217 0 28
2537 1 28
2547 0 28
2548 0 28
2511 0 28
2211 0 28
2518 0 28
2208 0 28
3083 0 28
2317 0 28
2885 0 28
2526 0 28
2571 0 28
2164 0 28
3221 1 28
3026 1 28
1087 4 28
2815 0 28
2724 0 28
2687 0 28
2684 0 28
2813 0 28
2728 0 28
2163 0 28
2085 0 28
2847 0 28
2076 0 28
2078 0 28
2849 0 28
2160 0 28
2082 0 28
2092 0 28
3231 3 28
1424 3 28
3030 3 28
2722 0 28
3202 3 28
2718 0 28
2088 0 28
2090 0 28
2159 0 28
2716 0 28
1193 3 28
2098 0 28
2739 0 28
2738 0 28
2737 0 28
1355 3 28
2281 0 28
2176 0 28
2271 0 28
2171 0 28
2274 0 28
3189 0 28
2287 0 28
2169 0 28
2961 1 28
3124 0 28
2123 0 28
2283 0 28
3109 3 28
2681 0 28
2118 0 28
2975 1 28
2329 0 28
2114 0 28
2834 0 28
2852 0 28
2156 0 28
3127 0 28
2290 0 28
2882 0 28
2153 0 28
2832 0 28
2833 0 28
2112 0 28
3191 0 28
2880 0 28
2300 0 28
2302 0 28
2147 0 28
2180 0 28
2179 0 28
2423 0 28
2958 0 28
2484 0 28
2485 0 28
2487 0 28
2964 0 28
2978 0 28
2789 0 28
2371 0 28
2742 0 28
2374 0 28
2765 0 28
2772 0 28
2351 0 28
2363 0 28
2920 0 28
358 6 28
3071 0 28
2924 0 28
2428 0 28
2389 0 28
2767 0 28
2928 0 28
2395 0 28
2401 0 28
2406 0 28
2408 0 28
2398 0 28
2763 0 28
2930 0 28
2932 0 28
2446 0 28
2972 0 28
2775 0 28
2860 0 28
2452 0 28
2454 0 28
2460 0 28
2463 0 28
2430 0 28
2802 0 28
2799 0 28
2797 0 28
2794 0 28
2793 0 28
2443 0 28
2252 0 28
1764 2 28
2754 0 28
2490 0 28
2752 0 28
2862 0 28
2492 0 28
2942 0 28
2493 0 28
2939 0 28
2495 0 28
1072 4 28
2469 0 28
2504 0 28
2751 0 28
2597 0 28
3153 0 28
2657 0 28
3033 0 28
3034 0 28
368 6 28
2914 0 28
2655 0 28
2654 0 28
2594 0 28
3166 0 28
2231 0 28
2906 0 28
2761 0 28
2651 0 28
1090 4 28
3169 0 28
369 6 28
2898 0 28
2237 0 28
2892 0 28
2703 0 28
1705 2 28
2242 0 28
1689 2 28
2697 0 28
3103 0 28
2842 0 28
2856 0 28
3003 0 28
2896 0 28
2256 0 28
3154 0 28
3157 0 28
2260 0 28
2733 1 28
2262 0 28
3151 0 28
2693 0 28
2844 0 28
2264 0 28
2819 0 28
2158 0 27
2717 0 27
2971 0 27
2476 0 27
3128 0 27
2704 0 27
2757 0 27
2748 0 27
2708 0 27
2723 0 27
2162 0 27
2656 0 27
2507 0 27
3199 3 27
3032 1 27
3012 2 27
2496 0 27
2536 0 27
2494 0 27
3178 1 27
2652 0 27
2753 0 27
3180 1 27
3117 0 27
2417 0 27
2168 0 27
2388 0 27
2426 0 27
2574 0 27
2419 0 27
2116 0 27
2125 0 27
2391 0 27
3123 1 27
2577 0 27
2412 0 27
2135 0 27
2397 0 27
2758 0 27
2404 0 27
2587 0 27
2407 0 27
2133 0 27
2759 0 27
2762 0 27
2568 0 27
2563 0 27
2963 1 27
2486 0 27
3173 0 27
2488 0 27
2977 1 27
2539 0 27
3175 0 27
2152 0 27
2376 0 27
2968 1 27
2429 0 27
3126 0 27
2546 0 27
2379 0 27
2529 0 27
2771 0 27
2178 0 27
2385 0 27
2355 0 27
2145 0 27
2359 0 27
2367 0 27
2170 0 27
2332 0 27
2326 0 27
2324 0 27
2323 0 27
2321 0 27
2328 0 27
3187 0 27
2309 0 27
2347 0 27
2337 0 27
2191 0 27
2330 0 27
2282 0 27
2279 0 27
2828 0 27
3190 0 27
2304 0 27
2831 0 27
2853 0 27
2084 0 27
2241 0 27
2859 0 27
1089 4 27
2965 0 27
2917 0 27
2927 0 27
2929 0 27
2895 0 27
3025 0 27
2243 0 27
2721 0 27
2247 0 27
2234 0 27
2261 0 27
2259 0 27
2251 0 27
3232 0 27
2841 0 27
2883 0 27
2720 0 27
2814 0 27
2079 0 27
2851 0 27
3195 0 27
2848 0 27
2086 0 27
2089 0 27
3038 1 26
3058 0 26
2555 0 26
2902 0 26
3134 0 26
2567 0 26
3011 0 26
3075 0 26
3132 1 26
2138 0 26
2418 0 26
2415 0 26
3063 0 26
3130 1 26
2387 0 26
2381 0 26
2817 0 26
2198 0 26
2213 0 26
2512 0 26
2514 0 26
2219 0 26
2590 0 26
3177 1 26
2521 0 26
2729 0 26
2519 0 26
2325 0 26
2908 0 26
2104 0 26
3092 0 26
3106 0 26
2204 0 26
2250 0 26
2671 0 26
2888 0 26
3160 0 26
2314 0 26
2669 0 26
2466 0 26
3007 1 26
2786 0 26
2475 0 26
2478 0 26
2970 1 26
2481 0 26
2185 0 26
2331 0 26
2456 0 26
2787 0 25
2641 0 25
2468 0 25
2901 0 25
2459 0 25
2818 0 25
2201 0 25
2203 0 25
3161 0 25
2668 0 25
2736 0 25
2974 0 25
3165 0 25
3159 0 25
2997 0 25
2255 0 25
2795 0 25
3029 1 25
3053 0 25
2455 0 25
2216 0 25
2218 0 25
2543 0 25
2457 0 25
2807 0 25
3082 0 25
2840 0 25
2785 0 25
2805 0 25
2532 0 25
2530 0 25
2649 0 25
2187 0 25
2792 0 25
2730 0 25
2197 0 25
2465 0 25
2483 0 25
3148 0 25
3006 0 25
2499 0 25
2400 0 25
2394 0 25
2749 0 25
2923 0 25
2981 0 25
2480 0 25
2422 0 25
2094 0 25
2960 0 25
2714 0 25
2362 0 25
2360 0 25
2368 0 25
3048 0 25
2350 0 25
2986 0 25
2370 0 25
3062 0 25
2503 0 25
2940 0 25
2938 0 25
2497 0 25
2907 0 25
3002 0 25
2905 0 25
2099 0 25
2097 0 25
2891 0 25
2501 0 25
2889 0 25
3133 0 25
2508 0 25
3135 0 25
2595 0 25
3040 0 25
2593 0 25
3037 0 25
3138 0 25
3140 0 25
2554 0 25
2830 0 25
3107 0 25
2582 0 25
2318 0 25
2270 0 25
2585 0 25
2272 0 25
2130 0 25
2316 0 25
2173 0 25
2589 0 25
2580 0 25
3204 1 25
2812 0 25
3111 0 25
2510 0 25
2557 0 25
2107 0 25
2570 0 25
2167 0 25
3131 1 25
2816 0 25
2810 0 25
2122 0 25
2338 0 25
3120 0 25
2126 0 25
2286 0 25
2725 0 25
2680 0 25
2142 0 25
2212 0 25
2513 0 25
2210 0 25
2682 0 25
2516 0 25
2288 0 25
2517 0 25
2207 0 25
2520 0 25
2348 0 25
2523 0 25
2836 0 25
2342 0 25
2525 0 25
2727 0 25
2146 0 25
2340 0 25
2105 0 25
2306 0 25
2184 0 25
2140 0 25
2183 0 25
3052 0 24
2335 0 24
2358 0 24
2411 0 24
2384 0 24
2791 0 24
2352 0 24
2339 0 24
3194 0 24
2926 0 24
2333 0 24
2679 0 24
2366 0 24
2349 0 24
2341 0 24
2354 0 24
2134 0 24
2427 0 24
2356 0 24
2425 0 24
2106 0 24
2421 0 24
2364 0 24
2361 0 24
2144 0 24
2175 0 24
2498 0 24
2937 0 24
2269 0 24
2756 0 24
3001 0 24
2829 0 24
2994 0 24
3125 0 24
2182 0 24
2500 0 24
2837 0 24
2811 0 24
2806 0 24
2989 0 24
2825 0 24
2458 0 24
2808 0 24
3186 0 24
2976 0 24
2967 0 24
2719 0 24
2962 0 24
2285 0 24
3121 0 24
2745 0 24
2124 0 24
2747 0 24
2369 0 24
2280 0 24
2166 0 24
2750 0 24
2278 0 24
2506 0 24
2505 0 24
2502 0 24
2172 0 24
2200 0 24
3164 0 24
2344 0 24
2562 0 24
3188 0 24
2650 0 24
2565 0 24
2592 0 24
2573 0 24
2569 0 24
3137 0 24
2246 0 24
2308 0 24
2528 0 24
3031 0 24
3141 0 24
3028 0 24
2527 0 24
2524 0 24
2186 0 24
2509 0 24
2726 0 24
2581 0 24
3176 0 24
2102 0 24
2584 0 24
2258 0 24
2586 0 24
2095 0 24
3162 0 24
2100 0 24
2545 0 24
2904 0 24
2320 0 24
2890 0 24
2827 0 24
2560 0 24
2240 0 24
3201 1 24
2096 0 24
2575 0 24
2531 0 24
2132 0 24
2542 0 24
2396 0 24
2809 0 24
2399 0 24
2403 0 24
2405 0 24
2839 0 24
2209 0 24
2215 0 24
2985 0 24
2346 0 24
3139 0 24
2206 0 24
2715 0 24
2746 0 23
3057 0 23
2353 0 23
2414 0 23
2174 0 23
2416 0 23
2561 0 23
2572 0 23
3017 0 23
2402 0 23
3185 0 23
2424 0 23
2826 0 23
2101 0 23
2386 0 23
2345 0 23
2410 0 23
2249 0 23
2969 0 23
2277 0 23
3019 0 23
2993 0 23
2334 0 23
2566 0 23
2365 0 23
2564 0 23
3193 0 23
2357 0 23
2952 0 22
2945 0 22
3018 0 22
3023 0 22
2950 0 22
2956 0 22
2980 0 22
2996 0 22
3047 0 22
3021 0 22
2413 0 22
3015 0 22
3020 0 22
3129 0 22
3013 0 22
3061 0 22
3060 0 22
3055 0 22
3044 0 21
3000 0 21
2999 0 21
2995 0 21
2988 0 21
3054 0 21
2984 0 21
2983 0 21
2979 0 21
3016 0 21
3014 0 21
3046 0 21
3022 0 21
3050 0 21
3024 0 21
3051 0 21
2951 0 21
3056 0 21
3059 0 21
2949 0 21
3136 0 21
3197 0 21
2957 0 21
2955 0 21
2947 0 21
2953 0 21
2946 0 21
2954 0 20
2948 0 20
2987 0 20
2982 0 20
2998 0 20
3045 0 20
2991 0 20
3049 0 20
3196 0 20
3043 0 20
2992 0 20
3198 0 19
2990 0 19
