8 609 6
8 423 6
8 3218 6
8 1404 6
8 364 6
8 376 6
8 1366 6
8 1497 6
8 1587 6
8 1031 6
8 1595 6
8 133 6
8 229 6
8 1494 6
8 600 6
8 997 6
8 1239 6
8 2041 6
8 2461 6
8 1030 6
8 639 6
8 2851 6
8 1200 6
8 1416 6
8 955 6
8 740 6
8 1671 6
8 2863 6
8 1506 6
8 3076 6
8 993 6
8 464 6
8 1572 6
8 773 6
8 1653 6
8 1255 6
8 261 6
8 606 6
8 1807 6
8 470 6
8 1792 6
8 2917 6
8 1478 6
8 1310 6
8 1757 6
8 1679 6
8 1516 6
8 1637 6
8 743 6
8 596 6
8 1554 6
8 1494 6
8 2830 6
8 3089 6
8 1493 6
8 425 6
8 473 6
8 650 6
8 1753 6
8 3299 6
8 327 6
8 527 6
8 1061 6
8 1902 6
8 1405 6
8 2449 6
8 700 6
8 1939 6
8 1271 6
8 480 6
8 734 6
8 986 6
8 1612 6
8 55 6
8 1917 6
8 1452 6
8 1433 6
8 576 6
8 1562 6
8 89 6
8 802 6
8 1287 6
8 1462 6
8 527 6
8 2844 6
8 2880 6
8 1170 6
8 438 6
8 1566 6
8 1623 6
8 1650 6
8 1086 6
8 943 6
8 1031 6
8 17 6
8 1105 6
8 2817 6
8 916 6
8 278 6
8 892 6
