6 11 14 15 6 6 
6 11 14 14 6 6 
6 11 14 11 6 6 
6 11 14 6 11 6 
6 11 14 6 6 15 
6 11 14 6 6 14 
6 11 14 6 6 11 
6 11 14 6 14 6 
6 11 14 6 15 6 
6 11 14 6 14 6 
6 11 14 6 11 6 
6 11 15 15 6 6 
6 11 15 14 6 6 
6 11 15 11 6 6 
6 11 15 6 11 6 
6 11 15 6 6 6 
6 11 15 6 6 11 
6 11 15 6 6 14 
6 11 15 6 6 15 
6 11 15 6 6 14 
6 11 15 6 6 11 
6 11 15 6 14 6 
6 11 15 6 15 6 
6 11 15 6 14 6 
6 11 15 6 11 6 
6 11 14 15 6 6 
6 11 14 14 6 6 
6 11 14 11 6 6 
6 11 14 6 11 6 
6 11 14 6 6 14 
6 11 14 6 6 15 
6 11 14 6 6 14 
6 11 14 6 6 11 
6 11 14 6 14 6 
6 11 14 6 15 6 
6 11 14 6 14 6 
6 11 14 6 11 6 
6 11 14 6 6 6 
6 11 11 6 11 6 
6 11 11 6 6 14 
6 11 11 6 6 15 
6 11 11 6 6 14 
6 11 11 6 6 11 
6 11 11 6 14 6 
6 11 11 6 15 6 
6 11 11 6 14 6 
6 11 6 14 11 6 
6 11 6 14 6 14 
6 11 6 14 6 15 
6 11 6 14 6 14 
6 11 6 14 6 11 
6 11 6 14 6 6 
6 11 6 11 6 14 
6 11 6 11 6 15 
6 11 6 11 6 14 
6 11 6 14 14 6 
6 11 6 15 14 6 
6 11 6 14 14 6 
6 11 6 6 17 6 
6 11 6 6 21 6 
6 11 6 6 17 6 
6 11 6 6 22 6 
6 11 6 6 20 6 
6 11 6 6 15 6 
6 11 6 6 15 6 
6 11 6 6 15 11 
6 11 6 6 15 14 
6 11 6 6 15 15 
6 11 6 6 15 14 
6 11 6 6 14 14 
6 11 6 6 14 15 
6 11 6 6 14 14 
6 11 6 6 11 14 
6 11 6 6 11 15 
6 11 6 6 11 14 
6 11 6 6 6 14 
6 11 6 6 22 6 
6 11 6 6 22 6 
6 11 6 6 18 6 
6 11 6 6 25 6 
6 11 6 6 25 6 
6 11 6 6 22 6 
6 11 6 6 22 6 
6 11 6 6 23 6 
6 11 6 6 22 6 
6 11 6 6 25 6 
6 11 6 6 25 6 
6 11 6 6 22 6 
6 11 6 6 24 6 
6 11 6 6 25 6 
6 11 6 6 24 6 
6 11 6 6 20 6 
6 11 6 6 22 6 
6 11 6 6 22 6 
6 11 6 23 6 6 
6 11 6 25 6 6 
6 11 6 23 6 6 
6 11 6 22 6 6 
6 11 6 22 6 6 
6 11 6 17 6 6 
6 11 6 25 6 6 
6 11 6 27 6 6 
6 11 6 25 6 6 
6 11 6 25 6 6 
6 11 6 25 6 6 
6 11 6 21 6 6 
6 11 6 22 6 6 
6 11 6 25 6 6 
6 11 6 23 6 6 
6 11 6 25 6 6 
6 11 6 25 6 6 
6 11 6 22 6 6 
6 11 6 23 6 6 
6 11 6 25 6 6 
6 11 6 22 6 6 
6 11 6 23 6 6 
6 11 6 22 6 6 
6 11 6 17 6 6 
6 11 6 22 6 6 
6 11 6 25 6 6 
6 11 6 22 6 6 
6 11 6 25 6 6 
6 11 6 24 6 6 
6 11 6 20 6 6 
6 11 6 17 6 6 
6 11 6 21 6 6 
6 11 6 17 6 6 
6 11 6 22 6 6 
6 11 6 20 6 6 
6 11 6 15 6 6 
6 11 6 15 11 6 
6 11 6 15 6 14 
6 11 6 15 6 15 
6 11 6 15 6 14 
6 11 6 15 6 11 
6 11 6 15 14 6 
6 11 6 15 15 6 
6 11 6 15 14 6 
6 11 6 14 11 6 
6 11 6 14 6 14 
6 11 6 14 6 15 
6 11 6 14 6 14 
6 11 6 14 6 11 
6 11 6 14 14 6 
6 11 6 14 15 6 
6 11 6 14 14 6 
6 11 6 11 11 6 
6 11 6 11 6 14 
6 11 6 11 6 15 
6 11 6 11 6 14 
6 11 6 11 6 11 
6 11 6 11 14 6 
6 11 6 11 15 6 
6 11 6 11 14 6 
6 11 6 6 14 6 
6 14 14 15 6 6 
6 14 14 14 6 6 
6 14 14 11 6 6 
6 14 14 6 11 6 
6 14 14 6 6 15 
6 14 14 6 6 14 
6 14 14 6 6 11 
6 14 14 6 14 6 
6 14 14 6 15 6 
6 14 14 6 14 6 
6 14 14 6 11 6 
6 14 15 15 6 6 
6 14 15 14 6 6 
6 14 15 11 6 6 
6 14 15 6 11 6 
6 14 15 6 6 6 
6 14 15 6 6 11 
6 14 15 6 6 14 
6 14 15 6 6 15 
6 14 15 6 6 14 
6 14 15 6 6 11 
6 14 15 6 14 6 
6 14 15 6 15 6 
6 14 15 6 14 6 
6 14 15 6 11 6 
6 14 14 15 6 6 
6 14 14 14 6 6 
6 14 14 11 6 6 
6 14 14 6 11 6 
6 14 14 6 6 6 
6 14 14 6 6 11 
6 14 14 6 6 14 
6 14 14 6 6 15 
6 14 14 6 6 14 
6 14 14 6 6 11 
6 14 14 6 14 6 
6 14 14 6 15 6 
6 14 14 6 14 6 
6 14 14 6 11 6 
6 14 14 6 6 6 
6 14 11 6 11 6 
6 14 11 6 6 6 
6 14 11 6 6 11 
6 14 11 6 6 14 
6 14 11 6 6 15 
6 14 11 6 6 14 
6 14 11 6 6 11 
6 14 11 6 14 6 
6 14 11 6 15 6 
6 14 11 6 14 6 
6 14 6 14 11 6 
6 14 6 14 6 6 
6 14 6 14 6 11 
6 14 6 14 6 14 
6 14 6 14 6 15 
6 14 6 14 6 14 
6 14 6 14 6 11 
6 14 6 14 6 6 
6 14 6 11 6 6 
6 14 6 11 6 11 
6 14 6 11 6 14 
6 14 6 11 6 15 
6 14 6 11 6 14 
6 14 6 14 14 6 
6 14 6 15 14 6 
6 14 6 14 14 6 
6 14 6 6 17 6 
6 14 6 6 21 6 
6 14 6 6 17 6 
6 14 6 6 22 6 
6 14 6 6 20 6 
6 14 6 6 15 6 
6 14 6 6 15 6 
6 14 6 6 15 11 
6 14 6 6 15 14 
6 14 6 6 15 15 
6 14 6 6 15 14 
6 14 6 6 14 6 
6 14 6 6 14 11 
6 14 6 6 14 14 
6 14 6 6 14 15 
6 14 6 6 14 14 
6 14 6 6 11 6 
6 14 6 6 11 11 
6 14 6 6 11 14 
6 14 6 6 11 15 
6 14 6 6 11 14 
6 14 6 6 6 14 
6 14 6 6 22 6 
6 14 6 6 22 6 
6 14 6 6 18 6 
6 14 6 6 25 6 
6 14 6 6 25 6 
6 14 6 6 22 6 
6 14 6 6 22 6 
6 14 6 6 23 6 
6 14 6 6 22 6 
6 14 6 6 25 6 
6 14 6 6 25 6 
6 14 6 6 22 6 
6 14 6 6 24 6 
6 14 6 6 25 6 
6 14 6 6 24 6 
6 14 6 6 20 6 
6 14 6 6 22 6 
6 14 6 6 22 6 
6 14 6 23 6 6 
6 14 6 25 6 6 
6 14 6 23 6 6 
6 14 6 22 6 6 
6 14 6 22 6 6 
6 14 6 17 6 6 
6 14 6 25 6 6 
6 14 6 27 6 6 
6 14 6 25 6 6 
6 14 6 25 6 6 
6 14 6 25 6 6 
6 14 6 21 6 6 
6 14 6 22 6 6 
6 14 6 25 6 6 
6 14 6 23 6 6 
6 14 6 25 6 6 
6 14 6 25 6 6 
6 14 6 22 6 6 
6 14 6 23 6 6 
6 14 6 25 6 6 
6 14 6 22 6 6 
6 14 6 23 6 6 
6 14 6 22 6 6 
6 14 6 17 6 6 
6 14 6 22 6 6 
6 14 6 25 6 6 
6 14 6 22 6 6 
6 14 6 25 6 6 
6 14 6 24 6 6 
6 14 6 20 6 6 
6 14 6 17 6 6 
6 14 6 21 6 6 
6 14 6 17 6 6 
6 14 6 22 6 6 
6 14 6 20 6 6 
6 14 6 15 6 6 
6 14 6 15 11 6 
6 14 6 15 6 6 
6 14 6 15 6 11 
6 14 6 15 6 14 
6 14 6 15 6 15 
6 14 6 15 6 14 
6 14 6 15 6 11 
6 14 6 15 14 6 
6 14 6 15 15 6 
6 14 6 15 14 6 
6 14 6 14 11 6 
6 14 6 14 6 6 
6 14 6 14 6 11 
6 14 6 14 6 14 
6 14 6 14 6 15 
6 14 6 14 6 14 
6 14 6 14 6 11 
6 14 6 14 14 6 
6 14 6 14 15 6 
6 14 6 14 14 6 
6 14 6 11 11 6 
6 14 6 11 6 6 
6 14 6 11 6 11 
6 14 6 11 6 14 
6 14 6 11 6 15 
6 14 6 11 6 14 
6 14 6 11 6 11 
6 14 6 11 14 6 
6 14 6 11 15 6 
6 14 6 11 14 6 
6 14 6 6 14 6 
6 15 14 15 6 6 
6 15 14 14 6 6 
6 15 14 11 6 6 
6 15 14 6 11 6 
6 15 14 6 6 15 
6 15 14 6 6 14 
6 15 14 6 6 11 
6 15 14 6 14 6 
6 15 14 6 15 6 
6 15 14 6 14 6 
6 15 14 6 11 6 
6 15 15 15 6 6 
6 15 15 14 6 6 
6 15 15 11 6 6 
6 15 15 6 11 6 
6 15 15 6 6 11 
6 15 15 6 6 14 
6 15 15 6 6 15 
6 15 15 6 6 14 
6 15 15 6 6 11 
6 15 15 6 14 6 
6 15 15 6 15 6 
6 15 15 6 14 6 
6 15 15 6 11 6 
6 15 14 15 6 6 
6 15 14 14 6 6 
6 15 14 11 6 6 
6 15 14 6 11 6 
6 15 14 6 6 11 
6 15 14 6 6 14 
6 15 14 6 6 15 
6 15 14 6 6 14 
6 15 14 6 6 11 
6 15 14 6 14 6 
6 15 14 6 15 6 
6 15 14 6 14 6 
6 15 14 6 11 6 
6 15 14 6 6 6 
6 15 11 15 6 6 
6 15 11 14 6 6 
6 15 11 11 6 6 
6 15 11 6 11 6 
6 15 11 6 6 11 
6 15 11 6 6 14 
6 15 11 6 6 15 
6 15 11 6 6 14 
6 15 11 6 6 11 
6 15 11 6 14 6 
6 15 11 6 15 6 
6 15 11 6 14 6 
6 15 11 6 11 6 
6 15 11 6 6 6 
6 15 6 14 11 6 
6 15 6 14 6 11 
6 15 6 14 6 14 
6 15 6 14 6 15 
6 15 6 14 6 14 
6 15 6 14 6 11 
6 15 6 14 6 6 
6 15 6 11 6 11 
6 15 6 11 6 14 
6 15 6 11 6 15 
6 15 6 11 6 14 
6 15 6 14 14 6 
6 15 6 15 14 6 
6 15 6 14 14 6 
6 15 6 11 14 6 
6 15 6 6 6 6 
6 15 6 6 6 11 
6 15 6 6 6 14 
6 15 6 6 6 15 
6 15 6 6 6 14 
6 15 6 6 11 6 
6 15 6 6 17 6 
6 15 6 6 15 6 
6 15 6 6 20 6 
6 15 6 6 20 6 
6 15 6 6 17 6 
6 15 6 6 21 6 
6 15 6 6 22 6 
6 15 6 6 21 6 
6 15 6 6 17 6 
6 15 6 6 20 6 
6 15 6 6 22 6 
6 15 6 6 22 6 
6 15 6 6 20 6 
6 15 6 6 15 6 
6 15 6 6 11 6 
6 15 6 6 11 11 
6 15 6 6 11 14 
6 15 6 6 11 15 
6 15 6 6 11 14 
6 15 6 6 14 6 
6 15 6 6 14 11 
6 15 6 6 14 14 
6 15 6 6 14 15 
6 15 6 6 14 14 
6 15 6 6 15 11 
6 15 6 6 15 14 
6 15 6 6 15 15 
6 15 6 6 15 14 
6 15 6 6 14 11 
6 15 6 6 14 14 
6 15 6 6 14 15 
6 15 6 6 14 14 
6 15 6 6 11 11 
6 15 6 6 11 14 
6 15 6 6 11 15 
6 15 6 6 11 14 
6 15 6 6 6 14 
6 15 6 6 14 6 
6 15 6 6 20 6 
6 15 6 6 20 6 
6 15 6 6 17 6 
6 15 6 6 22 6 
6 15 6 6 24 6 
6 15 6 6 22 6 
6 15 6 6 22 6 
6 15 6 6 22 6 
6 15 6 6 18 6 
6 15 6 6 22 6 
6 15 6 6 25 6 
6 15 6 6 23 6 
6 15 6 6 25 6 
6 15 6 6 25 6 
6 15 6 6 22 6 
6 15 6 6 22 6 
6 15 6 6 23 6 
6 15 6 6 22 6 
6 15 6 6 17 6 
6 15 6 6 20 6 
6 15 6 6 24 6 
6 15 6 6 22 6 
6 15 6 6 25 6 
6 15 6 6 25 6 
6 15 6 6 22 6 
6 15 6 6 24 6 
6 15 6 6 25 6 
6 15 6 6 24 6 
6 15 6 6 20 6 
6 15 6 6 20 6 
6 15 6 6 22 6 
6 15 6 6 22 6 
6 15 6 6 20 6 
6 15 6 6 14 6 
6 15 6 15 6 6 
6 15 6 21 6 6 
6 15 6 22 6 6 
6 15 6 21 6 6 
6 15 6 17 6 6 
6 15 6 22 6 6 
6 15 6 25 6 6 
6 15 6 25 6 6 
6 15 6 22 6 6 
6 15 6 23 6 6 
6 15 6 25 6 6 
6 15 6 23 6 6 
6 15 6 22 6 6 
6 15 6 22 6 6 
6 15 6 17 6 6 
6 15 6 21 6 6 
6 15 6 25 6 6 
6 15 6 25 6 6 
6 15 6 22 6 6 
6 15 6 25 6 6 
6 15 6 27 6 6 
6 15 6 25 6 6 
6 15 6 25 6 6 
6 15 6 25 6 6 
6 15 6 21 6 6 
6 15 6 22 6 6 
6 15 6 25 6 6 
6 15 6 23 6 6 
6 15 6 25 6 6 
6 15 6 25 6 6 
6 15 6 22 6 6 
6 15 6 21 6 6 
6 15 6 22 6 6 
6 15 6 21 6 6 
6 15 6 15 6 6 
6 15 6 17 6 6 
6 15 6 22 6 6 
6 15 6 22 6 6 
6 15 6 18 6 6 
6 15 6 23 6 6 
6 15 6 25 6 6 
6 15 6 22 6 6 
6 15 6 23 6 6 
6 15 6 22 6 6 
6 15 6 17 6 6 
6 15 6 22 6 6 
6 15 6 25 6 6 
6 15 6 22 6 6 
6 15 6 25 6 6 
6 15 6 24 6 6 
6 15 6 20 6 6 
6 15 6 22 6 6 
6 15 6 22 6 6 
6 15 6 20 6 6 
6 15 6 14 6 6 
6 15 6 17 6 6 
6 15 6 21 6 6 
6 15 6 17 6 6 
6 15 6 22 6 6 
6 15 6 20 6 6 
6 15 6 15 6 6 
6 15 6 21 6 6 
6 15 6 20 6 6 
6 15 6 17 6 6 
6 15 6 11 6 6 
6 15 6 15 11 6 
6 15 6 15 6 11 
6 15 6 15 6 14 
6 15 6 15 6 15 
6 15 6 15 6 14 
6 15 6 15 6 11 
6 15 6 15 14 6 
6 15 6 15 15 6 
6 15 6 15 14 6 
6 15 6 15 11 6 
6 15 6 15 6 6 
6 15 6 14 11 6 
6 15 6 14 6 11 
6 15 6 14 6 14 
6 15 6 14 6 15 
6 15 6 14 6 14 
6 15 6 14 6 11 
6 15 6 14 14 6 
6 15 6 14 15 6 
6 15 6 14 14 6 
6 15 6 14 11 6 
6 15 6 14 6 6 
6 15 6 11 11 6 
6 15 6 11 6 11 
6 15 6 11 6 14 
6 15 6 11 6 15 
6 15 6 11 6 14 
6 15 6 11 6 11 
6 15 6 11 14 6 
6 15 6 11 15 6 
6 15 6 11 14 6 
6 15 6 11 11 6 
6 15 6 11 6 6 
6 15 6 6 14 6 
6 15 6 6 11 6 
6 15 6 6 6 6 
6 14 14 6 11 6 
6 14 14 6 6 15 
6 14 14 6 6 14 
6 14 14 6 6 11 
6 14 14 6 14 6 
6 14 14 6 15 6 
6 14 15 6 11 6 
6 14 15 6 6 11 
6 14 15 6 6 14 
6 14 15 6 6 15 
6 14 15 6 6 14 
6 14 15 6 6 11 
6 14 15 6 14 6 
6 14 15 6 15 6 
6 14 14 6 11 6 
6 14 14 6 6 11 
6 14 14 6 6 14 
6 14 14 6 6 15 
6 14 14 6 6 14 
6 14 14 6 6 11 
6 14 14 6 14 6 
6 14 14 6 15 6 
6 14 11 6 11 6 
6 14 11 6 6 11 
6 14 11 6 6 14 
6 14 11 6 6 15 
6 14 11 6 6 14 
6 14 11 6 6 11 
6 14 11 6 14 6 
6 14 11 6 15 6 
6 14 6 14 11 6 
6 14 6 14 6 11 
6 14 6 14 6 14 
6 14 6 14 6 15 
6 14 6 14 6 14 
6 14 6 14 6 11 
6 14 6 14 6 6 
6 14 6 11 6 11 
6 14 6 11 6 14 
6 14 6 11 6 15 
6 14 6 11 6 14 
6 14 6 14 14 6 
6 14 6 15 14 6 
6 14 6 6 15 6 
6 14 6 6 20 6 
6 14 6 6 17 6 
6 14 6 6 22 6 
6 14 6 6 21 6 
6 14 6 6 17 6 
6 14 6 6 22 6 
6 14 6 6 22 6 
6 14 6 6 20 6 
6 14 6 6 15 6 
6 14 6 6 14 6 
6 14 6 6 14 11 
6 14 6 6 14 14 
6 14 6 6 14 15 
6 14 6 6 14 14 
6 14 6 6 15 11 
6 14 6 6 15 14 
6 14 6 6 15 15 
6 14 6 6 15 14 
6 14 6 6 14 11 
6 14 6 6 14 14 
6 14 6 6 14 15 
6 14 6 6 14 14 
6 14 6 6 11 11 
6 14 6 6 11 14 
6 14 6 6 11 15 
6 14 6 6 11 14 
6 14 6 6 6 14 
6 14 6 6 20 6 
6 14 6 6 17 6 
6 14 6 6 24 6 
6 14 6 6 22 6 
6 14 6 6 22 6 
6 14 6 6 22 6 
6 14 6 6 25 6 
6 14 6 6 23 6 
6 14 6 6 25 6 
6 14 6 6 25 6 
6 14 6 6 22 6 
6 14 6 6 23 6 
6 14 6 6 24 6 
6 14 6 6 22 6 
6 14 6 6 25 6 
6 14 6 6 25 6 
6 14 6 6 24 6 
6 14 6 6 25 6 
6 14 6 6 20 6 
6 14 6 6 22 6 
6 14 6 22 6 6 
6 14 6 21 6 6 
6 14 6 17 6 6 
6 14 6 25 6 6 
6 14 6 25 6 6 
6 14 6 22 6 6 
6 14 6 23 6 6 
6 14 6 25 6 6 
6 14 6 23 6 6 
6 14 6 25 6 6 
6 14 6 25 6 6 
6 14 6 22 6 6 
6 14 6 25 6 6 
6 14 6 27 6 6 
6 14 6 25 6 6 
6 14 6 22 6 6 
6 14 6 25 6 6 
6 14 6 23 6 6 
6 14 6 22 6 6 
6 14 6 22 6 6 
6 14 6 18 6 6 
6 14 6 23 6 6 
6 14 6 25 6 6 
6 14 6 22 6 6 
6 14 6 22 6 6 
6 14 6 25 6 6 
6 14 6 22 6 6 
6 14 6 17 6 6 
6 14 6 21 6 6 
6 14 6 17 6 6 
6 14 6 15 11 6 
6 14 6 15 6 11 
6 14 6 15 6 14 
6 14 6 15 6 15 
6 14 6 15 6 14 
6 14 6 15 6 11 
6 14 6 15 14 6 
6 14 6 15 15 6 
6 14 6 14 11 6 
6 14 6 14 6 11 
6 14 6 14 6 14 
6 14 6 14 6 15 
6 14 6 14 6 14 
6 14 6 14 6 11 
6 14 6 14 14 6 
6 14 6 14 15 6 
6 14 6 11 11 6 
6 14 6 11 6 11 
6 14 6 11 6 14 
6 14 6 11 6 15 
6 14 6 11 6 14 
6 14 6 11 6 11 
6 14 6 11 14 6 
6 14 6 11 15 6 
6 14 6 6 11 6 
6 14 6 6 6 11 
6 14 6 6 6 14 
6 14 6 6 6 15 
6 14 6 6 6 14 
6 14 6 6 6 11 
6 14 6 6 14 6 
6 14 6 6 15 6 
6 11 14 6 15 6 
6 11 15 6 15 6 
6 11 14 6 15 6 
6 11 11 6 15 6 
6 11 6 14 11 6 
6 11 6 14 6 11 
6 11 6 14 6 14 
6 11 6 14 6 15 
6 11 6 14 6 14 
6 11 6 14 6 11 
6 11 6 14 6 6 
6 11 6 11 6 11 
6 11 6 11 6 14 
6 11 6 11 6 15 
6 11 6 11 6 14 
6 11 6 14 14 6 
6 11 6 15 14 6 
6 11 6 6 15 6 
6 11 6 6 20 6 
6 11 6 6 17 6 
6 11 6 6 22 6 
6 11 6 6 21 6 
6 11 6 6 17 6 
6 11 6 6 22 6 
6 11 6 6 22 6 
6 11 6 6 20 6 
6 11 6 6 15 6 
6 11 6 6 14 6 
6 11 6 6 14 11 
6 11 6 6 14 14 
6 11 6 6 14 15 
6 11 6 6 14 14 
6 11 6 6 15 11 
6 11 6 6 15 14 
6 11 6 6 15 15 
6 11 6 6 15 14 
6 11 6 6 14 11 
6 11 6 6 14 14 
6 11 6 6 14 15 
6 11 6 6 14 14 
6 11 6 6 11 11 
6 11 6 6 11 14 
6 11 6 6 11 15 
6 11 6 6 11 14 
6 11 6 6 6 14 
6 11 6 6 20 6 
6 11 6 6 17 6 
6 11 6 6 24 6 
6 11 6 6 22 6 
6 11 6 6 22 6 
6 11 6 6 22 6 
6 11 6 6 25 6 
6 11 6 6 23 6 
6 11 6 6 25 6 
6 11 6 6 25 6 
6 11 6 6 22 6 
6 11 6 6 23 6 
6 11 6 6 24 6 
6 11 6 6 22 6 
6 11 6 6 25 6 
6 11 6 6 25 6 
6 11 6 6 24 6 
6 11 6 6 25 6 
6 11 6 6 20 6 
6 11 6 6 22 6 
6 11 6 22 6 6 
6 11 6 21 6 6 
6 11 6 17 6 6 
6 11 6 25 6 6 
6 11 6 25 6 6 
6 11 6 22 6 6 
6 11 6 23 6 6 
6 11 6 25 6 6 
6 11 6 23 6 6 
6 11 6 25 6 6 
6 11 6 25 6 6 
6 11 6 22 6 6 
6 11 6 25 6 6 
6 11 6 27 6 6 
6 11 6 25 6 6 
6 11 6 22 6 6 
6 11 6 25 6 6 
6 11 6 23 6 6 
6 11 6 22 6 6 
6 11 6 22 6 6 
6 11 6 18 6 6 
6 11 6 23 6 6 
6 11 6 25 6 6 
6 11 6 22 6 6 
6 11 6 22 6 6 
6 11 6 25 6 6 
6 11 6 22 6 6 
6 11 6 17 6 6 
6 11 6 21 6 6 
6 11 6 17 6 6 
6 11 6 15 11 6 
6 11 6 15 6 11 
6 11 6 15 6 14 
6 11 6 15 6 15 
6 11 6 15 6 14 
6 11 6 15 6 11 
6 11 6 15 14 6 
6 11 6 15 15 6 
6 11 6 14 11 6 
6 11 6 14 6 11 
6 11 6 14 6 14 
6 11 6 14 6 15 
6 11 6 14 6 14 
6 11 6 14 6 11 
6 11 6 14 14 6 
6 11 6 14 15 6 
6 11 6 11 15 6 
6 11 6 6 15 6 
6 11 11 15 6 6 
6 11 11 6 6 15 
6 11 14 15 6 6 
6 11 14 6 6 15 
6 11 15 15 6 6 
6 11 15 6 6 15 
6 11 14 6 6 15 
6 6 15 14 11 6 
6 6 15 14 6 11 
6 6 15 14 6 14 
6 6 15 14 6 15 
6 6 15 14 6 14 
6 6 15 14 6 11 
6 6 15 14 6 6 
6 6 15 11 11 6 
6 6 15 11 6 11 
6 6 15 11 6 14 
6 6 15 11 6 15 
6 6 15 11 6 14 
6 6 15 11 6 11 
6 6 15 11 6 6 
6 6 15 14 14 6 
6 6 15 14 11 6 
6 6 15 15 14 6 
6 6 15 15 11 6 
6 6 15 6 15 6 
6 6 15 6 20 6 
6 6 15 6 17 6 
6 6 15 6 22 6 
6 6 15 6 21 6 
6 6 15 6 17 6 
6 6 15 6 22 6 
6 6 15 6 22 6 
6 6 15 6 20 6 
6 6 15 6 15 6 
6 6 15 6 20 6 
6 6 15 6 21 6 
6 6 15 6 20 6 
6 6 15 6 17 6 
6 6 15 6 11 6 
6 6 15 6 14 6 
6 6 15 6 14 11 
6 6 15 6 14 14 
6 6 15 6 14 15 
6 6 15 6 14 14 
6 6 15 6 14 11 
6 6 15 6 14 6 
6 6 15 6 15 11 
6 6 15 6 15 14 
6 6 15 6 15 15 
6 6 15 6 15 14 
6 6 15 6 15 11 
6 6 15 6 15 6 
6 6 15 6 14 11 
6 6 15 6 14 14 
6 6 15 6 14 15 
6 6 15 6 14 14 
6 6 15 6 14 11 
6 6 15 6 14 6 
6 6 15 6 11 11 
6 6 15 6 11 14 
6 6 15 6 11 15 
6 6 15 6 11 14 
6 6 15 6 11 11 
6 6 15 6 11 6 
6 6 15 6 6 14 
6 6 15 6 6 11 
6 6 15 6 6 6 
6 6 15 6 20 6 
6 6 15 6 17 6 
6 6 15 6 24 6 
6 6 15 6 22 6 
6 6 15 6 22 6 
6 6 15 6 22 6 
6 6 15 6 25 6 
6 6 15 6 23 6 
6 6 15 6 25 6 
6 6 15 6 25 6 
6 6 15 6 22 6 
6 6 15 6 23 6 
6 6 15 6 24 6 
6 6 15 6 22 6 
6 6 15 6 25 6 
6 6 15 6 25 6 
6 6 15 6 24 6 
6 6 15 6 25 6 
6 6 15 6 20 6 
6 6 15 6 22 6 
6 6 15 6 20 6 
6 6 15 6 17 6 
6 6 15 6 22 6 
6 6 15 6 21 6 
6 6 15 6 22 6 
6 6 15 6 22 6 
6 6 15 6 20 6 
6 6 15 6 21 6 
6 6 15 6 14 6 
6 6 15 6 15 6 
6 6 15 22 6 6 
6 6 15 21 6 6 
6 6 15 17 6 6 
6 6 15 25 6 6 
6 6 15 25 6 6 
6 6 15 22 6 6 
6 6 15 23 6 6 
6 6 15 25 6 6 
6 6 15 23 6 6 
6 6 15 25 6 6 
6 6 15 25 6 6 
6 6 15 22 6 6 
6 6 15 25 6 6 
6 6 15 27 6 6 
6 6 15 25 6 6 
6 6 15 22 6 6 
6 6 15 25 6 6 
6 6 15 23 6 6 
6 6 22 15 6 6 
6 6 22 15 6 6 
6 6 18 15 6 6 
6 6 23 15 6 6 
6 6 25 15 6 6 
6 6 22 15 6 6 
6 6 22 15 6 6 
6 6 25 15 6 6 
6 6 22 15 6 6 
6 6 14 14 6 11 
6 6 14 14 6 14 
6 6 14 14 6 15 
6 6 14 11 6 11 
6 6 14 11 6 14 
6 6 14 11 6 15 
6 6 14 6 15 6 
6 6 14 6 20 6 
6 6 14 6 17 6 
6 6 14 6 22 6 
6 6 14 6 21 6 
6 6 14 6 17 6 
6 6 14 6 14 6 
6 6 14 6 14 11 
6 6 14 6 14 14 
6 6 14 6 14 15 
6 6 14 6 15 11 
6 6 14 6 15 14 
6 6 14 6 15 15 
6 6 14 6 14 11 
6 6 14 6 14 14 
6 6 14 6 14 15 
6 6 14 6 11 11 
6 6 14 6 11 14 
6 6 14 6 11 15 
6 6 14 6 6 11 
6 6 14 6 6 14 
6 6 14 6 6 15 
6 6 14 6 20 6 
6 6 14 6 17 6 
6 6 14 6 24 6 
6 6 14 6 22 6 
6 6 14 6 22 6 
6 6 14 6 22 6 
6 6 14 6 25 6 
6 6 14 6 23 6 
6 6 14 6 25 6 
6 6 14 6 25 6 
6 6 14 6 22 6 
6 6 14 6 23 6 
6 6 14 22 6 6 
6 6 14 21 6 6 
6 6 14 17 6 6 
6 6 14 25 6 6 
6 6 14 25 6 6 
6 6 14 22 6 6 
6 6 14 23 6 6 
6 6 14 25 6 6 
6 6 14 23 6 6 
6 6 14 25 6 6 
6 6 14 25 6 6 
6 6 14 22 6 6 
6 6 14 25 6 6 
6 6 14 27 6 6 
6 6 14 25 6 6 
6 6 14 22 6 6 
6 6 14 25 6 6 
6 6 14 23 6 6 
6 6 17 15 6 6 
6 6 21 15 6 6 
6 6 17 15 6 6 
6 6 11 14 6 15 
6 6 11 11 6 15 
6 6 11 6 15 6 
6 6 11 6 20 6 
6 6 11 6 17 6 
6 6 11 6 22 6 
6 6 11 6 21 6 
6 6 11 6 17 6 
6 6 11 6 14 6 
6 6 11 6 14 11 
6 6 11 6 14 14 
6 6 11 6 14 15 
6 6 11 6 15 11 
6 6 11 6 15 14 
6 6 11 6 15 15 
6 6 11 6 14 11 
6 6 11 6 14 14 
6 6 11 6 14 15 
6 6 11 6 11 15 
6 6 11 6 6 15 
6 6 11 6 20 6 
6 6 11 6 17 6 
6 6 11 6 24 6 
6 6 11 6 22 6 
6 6 11 6 22 6 
6 6 11 6 22 6 
6 6 11 6 25 6 
6 6 11 6 23 6 
6 6 11 6 25 6 
6 6 11 6 25 6 
6 6 11 6 22 6 
6 6 11 6 23 6 
6 6 11 22 6 6 
6 6 11 21 6 6 
6 6 11 17 6 6 
6 6 11 25 6 6 
6 6 11 25 6 6 
6 6 11 22 6 6 
6 6 11 23 6 6 
6 6 11 25 6 6 
6 6 11 23 6 6 
6 6 11 25 6 6 
6 6 11 25 6 6 
6 6 11 22 6 6 
6 6 11 25 6 6 
6 6 11 27 6 6 
6 6 11 25 6 6 
6 6 11 22 6 6 
6 6 11 25 6 6 
6 6 11 23 6 6 
6 6 15 15 11 6 
6 6 15 15 6 11 
6 6 15 15 6 14 
6 6 15 15 6 15 
6 6 15 15 6 14 
6 6 15 15 6 11 
6 6 15 15 14 6 
6 6 15 15 15 6 
6 6 15 14 6 11 
6 6 15 14 6 14 
6 6 15 14 6 15 
6 6 15 11 6 15 
6 6 14 15 11 6 
6 6 14 15 6 11 
6 6 14 15 6 14 
6 6 14 15 6 15 
6 6 14 15 6 14 
6 6 14 15 6 11 
6 6 14 15 14 6 
6 6 14 15 15 6 
6 6 14 14 6 11 
6 6 14 14 6 14 
6 6 14 14 6 15 
6 6 14 11 6 15 
6 6 11 15 15 6 
6 6 6 17 11 6 
6 6 6 17 6 15 
6 6 6 17 6 14 
6 6 6 17 6 11 
6 6 6 17 6 6 
6 6 6 22 11 6 
6 6 6 22 6 15 
6 6 6 22 6 14 
6 6 6 22 6 11 
6 6 6 22 6 6 
6 6 6 22 11 6 
6 6 6 22 6 15 
6 6 6 22 6 14 
6 6 6 22 6 11 
6 6 6 22 6 6 
6 6 6 18 11 6 
6 6 6 18 6 15 
6 6 6 18 6 14 
6 6 6 18 6 11 
6 6 6 18 6 6 
6 6 6 23 11 6 
6 6 6 23 6 6 
6 6 6 23 6 11 
6 6 6 23 6 14 
6 6 6 23 6 15 
6 6 6 23 6 14 
6 6 6 23 6 11 
6 6 6 23 6 6 
6 6 6 25 11 6 
6 6 6 25 6 11 
6 6 6 25 6 14 
6 6 6 25 6 15 
6 6 6 25 6 14 
6 6 6 25 6 11 
6 6 6 25 6 6 
6 6 6 22 11 6 
6 6 6 22 6 11 
6 6 6 22 6 14 
6 6 6 22 6 15 
6 6 6 22 6 14 
6 6 6 22 6 11 
6 6 6 22 6 6 
6 6 6 23 11 6 
6 6 6 23 6 11 
6 6 6 23 6 14 
6 6 6 23 6 15 
6 6 6 23 6 14 
6 6 6 23 6 11 
6 6 6 23 6 6 
6 6 6 22 11 6 
6 6 6 22 6 11 
6 6 6 22 6 14 
6 6 6 22 6 15 
6 6 6 22 6 14 
6 6 6 22 6 11 
6 6 6 22 6 6 
6 6 6 17 11 6 
6 6 6 17 6 11 
6 6 6 17 6 14 
6 6 6 17 6 15 
6 6 6 17 6 14 
6 6 6 17 6 11 
6 6 6 17 6 6 
6 6 6 22 6 6 
6 6 6 22 6 11 
6 6 6 22 6 14 
6 6 6 22 6 15 
6 6 6 25 6 11 
6 6 6 25 6 14 
6 6 6 25 6 15 
6 6 6 22 6 11 
6 6 6 22 6 14 
6 6 6 22 6 15 
6 6 6 25 6 11 
6 6 6 25 6 14 
6 6 6 25 6 15 
6 6 6 24 6 11 
6 6 6 24 6 14 
6 6 6 24 6 15 
6 6 6 20 6 11 
6 6 6 20 6 14 
6 6 6 20 6 15 
6 6 6 22 6 15 
6 6 6 22 6 15 
6 6 6 20 6 15 
6 6 6 14 6 15 
6 6 6 17 6 6 
6 6 6 17 6 11 
6 6 6 17 6 14 
6 6 6 17 6 15 
6 6 6 21 6 11 
6 6 6 21 6 14 
6 6 6 21 6 15 
6 6 6 17 6 11 
6 6 6 17 6 14 
6 6 6 17 6 15 
6 6 6 22 6 11 
6 6 6 22 6 14 
6 6 6 22 6 15 
6 6 6 20 6 11 
6 6 6 20 6 14 
6 6 6 20 6 15 
6 6 6 15 6 11 
6 6 6 15 6 14 
6 6 6 15 6 15 
6 6 6 21 6 15 
6 6 6 20 6 15 
6 6 6 17 6 15 
6 6 6 11 6 15 
6 6 6 14 17 6 
6 6 6 14 22 6 
6 6 6 14 22 6 
6 6 6 14 18 6 
6 6 6 14 23 6 
6 6 6 14 25 6 
6 6 6 14 22 6 
6 6 6 14 23 6 
6 6 6 14 22 6 
6 6 6 14 17 6 
6 6 6 15 6 6 
6 6 6 15 6 11 
6 6 6 15 6 14 
6 6 6 15 6 15 
6 6 6 15 11 6 
6 6 6 15 17 6 
6 6 6 15 15 6 
6 6 6 15 20 6 
6 6 6 15 20 6 
6 6 6 15 17 6 
6 6 6 15 21 6 
6 6 6 15 22 6 
6 6 6 15 21 6 
6 6 6 15 17 6 
6 6 6 15 11 6 
6 6 6 15 11 11 
6 6 6 15 11 14 
6 6 6 15 11 15 
6 6 6 15 14 6 
6 6 6 15 14 11 
6 6 6 15 14 14 
6 6 6 15 14 15 
6 6 6 15 15 11 
6 6 6 15 15 14 
6 6 6 15 15 15 
6 6 6 15 14 11 
6 6 6 15 14 14 
6 6 6 15 14 15 
6 6 6 15 11 15 
6 6 6 15 6 15 
6 6 6 15 14 6 
6 6 6 15 20 6 
6 6 6 15 20 6 
6 6 6 15 17 6 
6 6 6 15 22 6 
6 6 6 15 24 6 
6 6 6 15 22 6 
6 6 6 15 22 6 
6 6 6 15 22 6 
6 6 6 15 18 6 
6 6 6 15 22 6 
6 6 6 15 25 6 
6 6 6 15 23 6 
6 6 6 15 25 6 
6 6 6 15 25 6 
6 6 6 15 22 6 
6 6 6 15 22 6 
6 6 6 15 23 6 
6 6 6 15 22 6 
6 6 6 15 17 6 
6 6 6 14 15 6 
6 6 6 14 20 6 
6 6 6 14 17 6 
6 6 6 14 22 6 
6 6 6 14 21 6 
6 6 6 14 17 6 
6 6 6 14 14 6 
6 6 6 14 14 11 
6 6 6 14 14 14 
6 6 6 14 14 15 
6 6 6 14 15 11 
6 6 6 14 15 14 
6 6 6 14 15 15 
6 6 6 14 14 11 
6 6 6 14 14 14 
6 6 6 14 14 15 
6 6 6 14 11 15 
6 6 6 14 6 15 
6 6 6 14 20 6 
6 6 6 14 17 6 
6 6 6 14 24 6 
6 6 6 14 22 6 
6 6 6 14 22 6 
6 6 6 14 22 6 
6 6 6 14 25 6 
6 6 6 14 23 6 
6 6 6 14 25 6 
6 6 6 14 25 6 
6 6 6 14 22 6 
6 6 6 14 23 6 
6 6 6 11 15 6 
6 6 6 11 20 6 
6 6 6 11 17 6 
6 6 6 11 22 6 
6 6 6 11 21 6 
6 6 6 11 17 6 
6 6 6 11 14 6 
6 6 6 11 14 11 
6 6 6 11 14 14 
6 6 6 11 14 15 
6 6 6 11 15 11 
6 6 6 11 15 14 
6 6 6 11 15 15 
6 6 6 11 14 11 
6 6 6 11 14 14 
6 6 6 11 14 15 
6 6 6 11 11 15 
6 6 6 11 6 15 
6 6 6 11 20 6 
6 6 6 11 17 6 
6 6 6 11 24 6 
6 6 6 11 22 6 
6 6 6 11 22 6 
6 6 6 11 22 6 
6 6 6 11 25 6 
6 6 6 11 23 6 
6 6 6 11 25 6 
6 6 6 11 25 6 
6 6 6 11 22 6 
6 6 6 11 23 6 
6 6 6 6 17 6 
6 6 6 6 14 11 
6 6 6 6 14 14 
6 6 6 6 14 15 
6 6 6 6 11 15 
6 6 6 6 6 15 
6 6 6 6 22 6 
6 6 6 6 23 6 
6 6 6 15 15 6 
6 6 6 21 15 6 
6 6 6 22 15 6 
6 6 6 22 14 6 
6 6 6 22 11 6 
6 6 6 21 11 6 
6 6 6 21 6 15 
6 6 6 21 6 14 
6 6 6 21 6 11 
6 6 6 21 14 6 
6 6 6 21 15 6 
6 6 6 21 14 6 
6 6 6 21 11 6 
6 6 6 17 11 6 
6 6 6 17 6 15 
6 6 6 17 6 14 
6 6 6 17 6 11 
6 6 6 17 14 6 
6 6 6 17 15 6 
6 6 6 17 14 6 
6 6 6 17 11 6 
6 6 6 22 15 6 
6 6 6 25 15 6 
6 6 6 25 14 6 
6 6 6 25 11 6 
6 6 6 25 11 6 
6 6 6 25 6 15 
6 6 6 25 6 14 
6 6 6 25 6 11 
6 6 6 25 14 6 
6 6 6 25 15 6 
6 6 6 25 14 6 
6 6 6 25 11 6 
6 6 6 22 11 6 
6 6 6 22 6 15 
6 6 6 22 6 14 
6 6 6 22 6 11 
6 6 6 22 14 6 
6 6 6 22 15 6 
6 6 6 22 14 6 
6 6 6 22 11 6 
6 6 6 23 15 6 
6 6 6 23 14 6 
6 6 6 23 11 6 
6 6 6 25 11 6 
6 6 6 25 6 15 
6 6 6 25 6 14 
6 6 6 25 6 11 
6 6 6 25 14 6 
6 6 6 25 15 6 
6 6 6 25 14 6 
6 6 6 25 11 6 
6 6 6 23 11 6 
6 6 6 23 6 15 
6 6 6 23 6 14 
6 6 6 23 6 11 
6 6 6 23 14 6 
6 6 6 23 15 6 
6 6 6 23 14 6 
6 6 6 23 11 6 
6 6 6 22 11 6 
6 6 6 22 6 15 
6 6 6 22 6 14 
6 6 6 22 6 11 
6 6 6 22 14 6 
6 6 6 22 15 6 
6 6 6 22 11 6 
6 6 6 22 6 15 
6 6 6 22 6 14 
6 6 6 22 6 11 
6 6 6 22 14 6 
6 6 6 22 15 6 
6 6 6 17 15 6 
6 6 6 21 15 6 
6 6 6 25 15 6 
6 6 6 25 14 6 
6 6 6 25 11 6 
6 6 6 25 11 6 
6 6 6 25 6 6 
6 6 6 25 6 11 
6 6 6 25 6 14 
6 6 6 25 6 15 
6 6 6 25 6 14 
6 6 6 25 6 11 
6 6 6 25 14 6 
6 6 6 25 15 6 
6 6 6 25 14 6 
6 6 6 25 11 6 
6 6 6 22 11 6 
6 6 6 22 6 6 
6 6 6 22 6 11 
6 6 6 22 6 14 
6 6 6 22 6 15 
6 6 6 22 6 14 
6 6 6 22 6 11 
6 6 6 22 14 6 
6 6 6 22 15 6 
6 6 6 22 14 6 
6 6 6 22 11 6 
6 6 6 25 15 6 
6 6 6 25 14 6 
6 6 6 25 11 6 
6 6 6 27 11 6 
6 6 6 27 6 11 
6 6 6 27 6 14 
6 6 6 27 6 15 
6 6 6 27 6 14 
6 6 6 27 6 11 
6 6 6 27 14 6 
6 6 6 27 15 6 
6 6 6 27 14 6 
6 6 6 27 11 6 
6 6 6 25 11 6 
6 6 6 25 6 11 
6 6 6 25 6 14 
6 6 6 25 6 15 
6 6 6 25 6 14 
6 6 6 25 6 11 
6 6 6 25 14 6 
6 6 6 25 15 6 
6 6 6 25 14 6 
6 6 6 25 11 6 
6 6 6 25 11 6 
6 6 6 25 6 11 
6 6 6 25 6 14 
6 6 6 25 6 15 
6 6 6 25 6 14 
6 6 6 25 6 11 
6 6 6 25 14 6 
6 6 6 25 15 6 
6 6 6 25 11 6 
6 6 6 25 6 11 
6 6 6 25 6 14 
6 6 6 25 6 15 
6 6 6 25 6 14 
6 6 6 25 6 11 
6 6 6 25 14 6 
6 6 6 25 15 6 
6 6 6 21 15 6 
6 6 6 22 15 6 
6 6 6 22 14 6 
6 6 6 22 11 6 
6 6 6 22 6 6 
6 6 6 25 11 6 
6 6 6 25 6 11 
6 6 6 25 6 14 
6 6 6 25 6 15 
6 6 6 25 6 14 
6 6 6 25 6 11 
6 6 6 25 14 6 
6 6 6 25 15 6 
6 6 6 25 14 6 
6 6 6 25 11 6 
6 6 6 25 6 6 
6 6 6 23 11 6 
6 6 6 23 6 11 
6 6 6 23 6 14 
6 6 6 23 6 15 
6 6 6 23 6 14 
6 6 6 23 6 11 
6 6 6 23 14 6 
6 6 6 23 15 6 
6 6 6 23 14 6 
6 6 6 23 11 6 
6 6 6 23 6 6 
6 6 6 25 11 6 
6 6 6 25 6 11 
6 6 6 25 6 14 
6 6 6 25 6 15 
6 6 6 25 6 14 
6 6 6 25 6 11 
6 6 6 25 14 6 
6 6 6 25 15 6 
6 6 6 25 11 6 
6 6 6 25 6 11 
6 6 6 25 6 14 
6 6 6 25 6 15 
6 6 6 25 6 14 
6 6 6 25 6 11 
6 6 6 25 14 6 
6 6 6 25 15 6 
6 6 6 22 15 6 
6 6 6 21 11 6 
6 6 6 21 6 11 
6 6 6 21 6 14 
6 6 6 21 6 15 
6 6 6 21 6 14 
6 6 6 21 6 11 
6 6 6 21 14 6 
6 6 6 21 15 6 
6 6 6 22 11 6 
6 6 6 22 6 11 
6 6 6 22 6 14 
6 6 6 22 6 15 
6 6 6 22 6 14 
6 6 6 22 6 11 
6 6 6 22 14 6 
6 6 6 22 15 6 
6 6 6 21 15 6 
6 6 6 15 15 6 
6 6 6 22 6 6 
6 6 6 22 6 11 
6 6 6 22 6 14 
6 6 6 22 6 15 
6 6 6 18 6 6 
6 6 6 18 6 11 
6 6 6 18 6 14 
6 6 6 18 6 15 
6 6 6 25 6 11 
6 6 6 25 6 14 
6 6 6 25 6 15 
6 6 6 22 6 11 
6 6 6 22 6 14 
6 6 6 22 6 15 
6 6 6 23 6 11 
6 6 6 23 6 14 
6 6 6 23 6 15 
6 6 6 22 6 11 
6 6 6 22 6 14 
6 6 6 22 6 15 
6 6 6 25 6 11 
6 6 6 25 6 14 
6 6 6 25 6 15 
6 6 6 22 6 11 
6 6 6 22 6 14 
6 6 6 22 6 15 
6 6 6 25 6 11 
6 6 6 25 6 14 
6 6 6 25 6 15 
6 6 6 24 6 11 
6 6 6 24 6 14 
6 6 6 24 6 15 
6 6 6 22 6 11 
6 6 6 22 6 14 
6 6 6 22 6 15 
6 6 6 22 6 11 
6 6 6 22 6 14 
6 6 6 22 6 15 
6 6 6 21 6 15 
6 6 6 17 6 15 
6 6 6 22 6 15 
6 6 6 20 6 15 
6 6 6 21 6 15 
6 6 6 20 6 15 
6 6 6 15 6 15 
6 6 6 14 6 15 
6 6 14 6 15 6 
6 6 20 6 15 6 
6 6 22 15 6 6 
6 6 22 14 6 6 
6 6 22 11 6 6 
6 6 22 6 15 6 
6 6 22 6 14 6 
6 6 22 6 11 6 
6 6 22 15 6 6 
6 6 22 14 6 6 
6 6 22 11 6 6 
6 6 22 6 11 6 
6 6 22 6 6 15 
6 6 22 6 6 14 
6 6 22 6 6 11 
6 6 22 6 14 6 
6 6 22 6 15 6 
6 6 22 6 14 6 
6 6 22 6 11 6 
6 6 20 15 6 6 
6 6 20 14 6 6 
6 6 20 11 6 6 
6 6 20 6 11 6 
6 6 20 6 6 15 
6 6 20 6 6 14 
6 6 20 6 6 11 
6 6 20 6 14 6 
6 6 20 6 15 6 
6 6 20 6 14 6 
6 6 20 6 11 6 
6 6 15 15 6 6 
6 6 15 14 6 6 
6 6 15 11 6 6 
6 6 15 6 11 6 
6 6 15 6 6 15 
6 6 15 6 6 14 
6 6 15 6 6 11 
6 6 15 6 14 6 
6 6 15 6 15 6 
6 6 15 6 14 6 
6 6 15 6 11 6 
6 6 20 6 15 6 
6 6 24 15 6 6 
6 6 24 14 6 6 
6 6 24 11 6 6 
6 6 24 6 15 6 
6 6 24 6 14 6 
6 6 24 6 11 6 
6 6 25 15 6 6 
6 6 25 14 6 6 
6 6 25 11 6 6 
6 6 25 6 11 6 
6 6 25 6 6 15 
6 6 25 6 6 14 
6 6 25 6 6 11 
6 6 25 6 14 6 
6 6 25 6 15 6 
6 6 25 6 14 6 
6 6 25 6 11 6 
6 6 24 15 6 6 
6 6 24 14 6 6 
6 6 24 11 6 6 
6 6 24 6 11 6 
6 6 24 6 6 15 
6 6 24 6 6 14 
6 6 24 6 6 11 
6 6 24 6 14 6 
6 6 24 6 15 6 
6 6 24 6 14 6 
6 6 24 6 11 6 
6 6 20 15 6 6 
6 6 20 14 6 6 
6 6 20 11 6 6 
6 6 20 6 11 6 
6 6 20 6 6 15 
6 6 20 6 6 14 
6 6 20 6 6 11 
6 6 20 6 14 6 
6 6 20 6 15 6 
6 6 20 6 14 6 
6 6 20 6 11 6 
6 6 22 15 6 6 
6 6 22 14 6 6 
6 6 22 11 6 6 
6 6 22 6 15 6 
6 6 22 6 14 6 
6 6 22 6 11 6 
6 6 25 15 6 6 
6 6 25 14 6 6 
6 6 25 11 6 6 
6 6 25 6 11 6 
6 6 25 6 6 15 
6 6 25 6 6 14 
6 6 25 6 6 11 
6 6 25 6 14 6 
6 6 25 6 15 6 
6 6 25 6 14 6 
6 6 25 6 11 6 
6 6 25 15 6 6 
6 6 25 14 6 6 
6 6 25 11 6 6 
6 6 25 6 11 6 
6 6 25 6 6 15 
6 6 25 6 6 14 
6 6 25 6 6 11 
6 6 25 6 14 6 
6 6 25 6 15 6 
6 6 25 6 14 6 
6 6 25 6 11 6 
6 6 22 15 6 6 
6 6 22 14 6 6 
6 6 22 11 6 6 
6 6 22 6 11 6 
6 6 22 6 6 15 
6 6 22 6 6 14 
6 6 22 6 6 11 
6 6 22 6 14 6 
6 6 22 6 15 6 
6 6 22 6 14 6 
6 6 22 6 11 6 
6 6 22 6 11 6 
6 6 22 6 6 15 
6 6 22 6 6 14 
6 6 22 6 6 11 
6 6 22 6 14 6 
6 6 22 6 15 6 
6 6 24 6 11 6 
6 6 24 6 6 15 
6 6 24 6 6 14 
6 6 24 6 6 11 
6 6 24 6 14 6 
6 6 24 6 15 6 
6 6 22 6 11 6 
6 6 22 6 6 15 
6 6 22 6 6 14 
6 6 22 6 6 11 
6 6 22 6 14 6 
6 6 22 6 15 6 
6 6 20 6 15 6 
6 6 20 6 15 6 
6 6 14 6 15 6 
6 6 17 6 15 6 
6 6 22 15 6 6 
6 6 22 14 6 6 
6 6 22 11 6 6 
6 6 22 6 15 6 
6 6 22 6 14 6 
6 6 22 6 11 6 
6 6 23 15 6 6 
6 6 23 14 6 6 
6 6 23 11 6 6 
6 6 23 6 11 6 
6 6 23 6 6 6 
6 6 23 6 6 11 
6 6 23 6 6 14 
6 6 23 6 6 15 
6 6 23 6 6 14 
6 6 23 6 6 11 
6 6 23 6 14 6 
6 6 23 6 15 6 
6 6 23 6 14 6 
6 6 23 6 11 6 
6 6 22 15 6 6 
6 6 22 14 6 6 
6 6 22 11 6 6 
6 6 22 6 11 6 
6 6 22 6 6 6 
6 6 22 6 6 11 
6 6 22 6 6 14 
6 6 22 6 6 15 
6 6 22 6 6 14 
6 6 22 6 6 11 
6 6 22 6 14 6 
6 6 22 6 15 6 
6 6 22 6 14 6 
6 6 22 6 11 6 
6 6 17 15 6 6 
6 6 17 14 6 6 
6 6 17 11 6 6 
6 6 17 6 11 6 
6 6 17 6 6 6 
6 6 17 6 6 11 
6 6 17 6 6 14 
6 6 17 6 6 15 
6 6 17 6 6 14 
6 6 17 6 6 11 
6 6 17 6 14 6 
6 6 17 6 15 6 
6 6 17 6 14 6 
6 6 17 6 11 6 
6 6 22 15 6 6 
6 6 22 14 6 6 
6 6 22 11 6 6 
6 6 22 6 15 6 
6 6 22 6 14 6 
6 6 22 6 11 6 
6 6 25 15 6 6 
6 6 25 14 6 6 
6 6 25 11 6 6 
6 6 25 6 11 6 
6 6 25 6 6 11 
6 6 25 6 6 14 
6 6 25 6 6 15 
6 6 25 6 6 14 
6 6 25 6 6 11 
6 6 25 6 14 6 
6 6 25 6 15 6 
6 6 25 6 14 6 
6 6 25 6 11 6 
6 6 25 15 6 6 
6 6 25 14 6 6 
6 6 25 11 6 6 
6 6 25 6 11 6 
6 6 25 6 6 11 
6 6 25 6 6 14 
6 6 25 6 6 15 
6 6 25 6 6 14 
6 6 25 6 6 11 
6 6 25 6 14 6 
6 6 25 6 15 6 
6 6 25 6 14 6 
6 6 25 6 11 6 
6 6 21 15 6 6 
6 6 21 14 6 6 
6 6 21 11 6 6 
6 6 21 6 11 6 
6 6 21 6 6 11 
6 6 21 6 6 14 
6 6 21 6 6 15 
6 6 21 6 6 14 
6 6 21 6 6 11 
6 6 21 6 14 6 
6 6 21 6 15 6 
6 6 21 6 14 6 
6 6 21 6 11 6 
6 6 23 6 11 6 
6 6 23 6 6 11 
6 6 23 6 6 14 
6 6 23 6 6 15 
6 6 23 6 6 14 
6 6 23 6 6 11 
6 6 23 6 14 6 
6 6 23 6 15 6 
6 6 25 6 11 6 
6 6 25 6 6 11 
6 6 25 6 6 14 
6 6 25 6 6 15 
6 6 25 6 6 14 
6 6 25 6 6 11 
6 6 25 6 14 6 
6 6 25 6 15 6 
6 6 22 6 11 6 
6 6 22 6 6 11 
6 6 22 6 6 14 
6 6 22 6 6 15 
6 6 22 6 6 14 
6 6 22 6 6 11 
6 6 22 6 14 6 
6 6 22 6 15 6 
6 6 22 6 15 6 
6 6 21 6 15 6 
6 6 15 6 15 6 
6 6 18 15 6 6 
6 6 18 14 6 6 
6 6 18 11 6 6 
6 6 18 6 15 6 
6 6 18 6 14 6 
6 6 18 6 11 6 
6 6 18 6 6 6 
6 6 22 15 6 6 
6 6 22 14 6 6 
6 6 22 11 6 6 
6 6 22 6 11 6 
6 6 22 6 6 11 
6 6 22 6 6 14 
6 6 22 6 6 15 
6 6 22 6 6 14 
6 6 22 6 6 11 
6 6 22 6 14 6 
6 6 22 6 15 6 
6 6 22 6 14 6 
6 6 22 6 11 6 
6 6 22 6 6 6 
6 6 22 15 6 6 
6 6 22 14 6 6 
6 6 22 11 6 6 
6 6 22 6 11 6 
6 6 22 6 6 11 
6 6 22 6 6 14 
6 6 22 6 6 15 
6 6 22 6 6 14 
6 6 22 6 6 11 
6 6 22 6 14 6 
6 6 22 6 15 6 
6 6 22 6 14 6 
6 6 22 6 11 6 
6 6 22 6 6 6 
6 6 17 15 6 6 
6 6 17 14 6 6 
6 6 17 11 6 6 
6 6 17 6 11 6 
6 6 17 6 6 11 
6 6 17 6 6 14 
6 6 17 6 6 15 
6 6 17 6 6 14 
6 6 17 6 6 11 
6 6 17 6 14 6 
6 6 17 6 15 6 
6 6 17 6 14 6 
6 6 17 6 11 6 
6 6 17 6 6 6 
6 6 22 6 11 6 
6 6 22 6 6 11 
6 6 22 6 6 14 
6 6 22 6 6 15 
6 6 22 6 6 14 
6 6 22 6 6 11 
6 6 22 6 14 6 
6 6 22 6 15 6 
6 6 24 6 11 6 
6 6 24 6 6 11 
6 6 24 6 6 14 
6 6 24 6 6 15 
6 6 24 6 6 14 
6 6 24 6 6 11 
6 6 24 6 14 6 
6 6 24 6 15 6 
6 6 20 6 11 6 
6 6 20 6 6 11 
6 6 20 6 6 14 
6 6 20 6 6 15 
6 6 20 6 6 14 
6 6 20 6 6 11 
6 6 20 6 14 6 
6 6 20 6 15 6 
6 6 22 6 15 6 
6 6 20 6 15 6 
6 6 14 6 15 6 
6 6 17 6 11 6 
6 6 17 6 6 11 
6 6 17 6 6 14 
6 6 17 6 6 15 
6 6 17 6 6 14 
6 6 17 6 6 11 
6 6 17 6 14 6 
6 6 17 6 15 6 
6 6 20 6 11 6 
6 6 20 6 6 11 
6 6 20 6 6 14 
6 6 20 6 6 15 
6 6 20 6 6 14 
6 6 20 6 6 11 
6 6 20 6 14 6 
6 6 20 6 15 6 
6 6 15 6 11 6 
6 6 15 6 6 11 
6 6 15 6 6 14 
6 6 15 6 6 15 
6 6 15 6 6 14 
6 6 15 6 6 11 
6 6 15 6 14 6 
6 6 15 6 15 6 
6 6 20 6 15 6 
6 6 17 6 15 6 
6 6 11 6 15 6 
6 6 14 14 11 6 
6 6 14 14 6 11 
6 6 14 14 6 14 
6 6 14 14 6 15 
6 6 14 14 6 14 
6 6 14 14 6 11 
6 6 14 14 6 6 
6 6 14 11 6 11 
6 6 14 11 6 14 
6 6 14 11 6 15 
6 6 14 11 6 14 
6 6 14 14 14 6 
6 6 14 15 14 6 
6 6 14 6 15 6 
6 6 14 6 20 6 
6 6 14 6 17 6 
6 6 14 6 22 6 
6 6 14 6 21 6 
6 6 14 6 17 6 
6 6 14 6 22 6 
6 6 14 6 22 6 
6 6 14 6 20 6 
6 6 14 6 15 6 
6 6 14 6 14 6 
6 6 14 6 14 11 
6 6 14 6 14 14 
6 6 14 6 14 15 
6 6 14 6 14 14 
6 6 14 6 15 11 
6 6 14 6 15 14 
6 6 14 6 15 15 
6 6 14 6 15 14 
6 6 14 6 14 11 
6 6 14 6 14 14 
6 6 14 6 14 15 
6 6 14 6 14 14 
6 6 14 6 11 11 
6 6 14 6 11 14 
6 6 14 6 11 15 
6 6 14 6 11 14 
6 6 14 6 6 14 
6 6 14 6 20 6 
6 6 14 6 17 6 
6 6 14 6 24 6 
6 6 14 6 22 6 
6 6 14 6 22 6 
6 6 14 6 22 6 
6 6 14 6 25 6 
6 6 14 6 23 6 
6 6 14 6 25 6 
6 6 14 6 25 6 
6 6 14 6 22 6 
6 6 14 6 23 6 
6 6 14 6 24 6 
6 6 14 6 22 6 
6 6 14 6 25 6 
6 6 14 6 25 6 
6 6 14 6 24 6 
6 6 14 6 25 6 
6 6 14 6 20 6 
6 6 14 6 22 6 
6 6 14 22 6 6 
6 6 14 21 6 6 
6 6 14 17 6 6 
6 6 14 25 6 6 
6 6 14 25 6 6 
6 6 14 22 6 6 
6 6 14 23 6 6 
6 6 14 25 6 6 
6 6 14 23 6 6 
6 6 14 25 6 6 
6 6 14 25 6 6 
6 6 14 22 6 6 
6 6 14 25 6 6 
6 6 14 27 6 6 
6 6 14 25 6 6 
6 6 14 22 6 6 
6 6 14 25 6 6 
6 6 14 23 6 6 
6 6 14 22 6 6 
6 6 14 22 6 6 
6 6 14 18 6 6 
6 6 14 23 6 6 
6 6 14 25 6 6 
6 6 14 22 6 6 
6 6 14 22 6 6 
6 6 14 25 6 6 
6 6 14 22 6 6 
6 6 14 17 6 6 
6 6 14 21 6 6 
6 6 14 17 6 6 
6 6 14 15 11 6 
6 6 14 15 6 11 
6 6 14 15 6 14 
6 6 14 15 6 15 
6 6 14 15 6 14 
6 6 14 15 6 11 
6 6 14 15 14 6 
6 6 14 15 15 6 
6 6 14 14 11 6 
6 6 14 14 6 11 
6 6 14 14 6 14 
6 6 14 14 6 15 
6 6 14 14 6 14 
6 6 14 14 6 11 
6 6 14 14 14 6 
6 6 14 14 15 6 
6 6 14 11 15 6 
6 6 14 6 15 6 
6 6 11 14 11 6 
6 6 11 14 6 11 
6 6 11 14 6 14 
6 6 11 14 6 15 
6 6 11 14 6 14 
6 6 11 14 6 11 
6 6 11 14 6 6 
6 6 11 11 6 11 
6 6 11 11 6 14 
6 6 11 11 6 15 
6 6 11 11 6 14 
6 6 11 14 14 6 
6 6 11 15 14 6 
6 6 11 6 15 6 
6 6 11 6 20 6 
6 6 11 6 17 6 
6 6 11 6 22 6 
6 6 11 6 21 6 
6 6 11 6 17 6 
6 6 11 6 22 6 
6 6 11 6 22 6 
6 6 11 6 20 6 
6 6 11 6 15 6 
6 6 11 6 14 6 
6 6 11 6 14 11 
6 6 11 6 14 14 
6 6 11 6 14 15 
6 6 11 6 14 14 
6 6 11 6 15 11 
6 6 11 6 15 14 
6 6 11 6 15 15 
6 6 11 6 15 14 
6 6 11 6 14 11 
6 6 11 6 14 14 
6 6 11 6 14 15 
6 6 11 6 14 14 
6 6 11 6 11 11 
6 6 11 6 11 14 
6 6 11 6 11 15 
6 6 11 6 11 14 
6 6 11 6 6 14 
6 6 11 6 20 6 
6 6 11 6 17 6 
6 6 11 6 24 6 
6 6 11 6 22 6 
6 6 11 6 22 6 
6 6 11 6 22 6 
6 6 11 6 25 6 
6 6 11 6 23 6 
6 6 11 6 25 6 
6 6 11 6 25 6 
6 6 11 6 22 6 
6 6 11 6 23 6 
6 6 11 6 24 6 
6 6 11 6 22 6 
6 6 11 6 25 6 
6 6 11 6 25 6 
6 6 11 6 24 6 
6 6 11 6 25 6 
6 6 11 6 20 6 
6 6 11 6 22 6 
6 6 11 22 6 6 
6 6 11 21 6 6 
6 6 11 17 6 6 
6 6 11 25 6 6 
6 6 11 25 6 6 
6 6 11 22 6 6 
6 6 11 23 6 6 
6 6 11 25 6 6 
6 6 11 23 6 6 
6 6 11 25 6 6 
6 6 11 25 6 6 
6 6 11 22 6 6 
6 6 11 25 6 6 
6 6 11 27 6 6 
6 6 11 25 6 6 
6 6 11 22 6 6 
6 6 11 25 6 6 
6 6 11 23 6 6 
6 6 11 22 6 6 
6 6 11 22 6 6 
6 6 11 18 6 6 
6 6 11 23 6 6 
6 6 11 25 6 6 
6 6 11 22 6 6 
6 6 11 22 6 6 
6 6 11 25 6 6 
6 6 11 22 6 6 
6 6 11 17 6 6 
6 6 11 21 6 6 
6 6 11 17 6 6 
6 6 11 15 11 6 
6 6 11 15 6 11 
6 6 11 15 6 14 
6 6 11 15 6 15 
6 6 11 15 6 14 
6 6 11 15 6 11 
6 6 11 15 14 6 
6 6 11 15 15 6 
6 6 11 14 11 6 
6 6 11 14 6 11 
6 6 11 14 6 14 
6 6 11 14 6 15 
6 6 11 14 6 14 
6 6 11 14 6 11 
6 6 11 14 14 6 
6 6 11 14 15 6 
6 6 11 11 15 6 
6 6 11 6 15 6 
6 6 6 17 6 6 
6 6 6 22 6 6 
6 6 6 23 6 6 
6 6 6 22 6 6 
6 6 6 25 6 6 
6 6 6 23 6 6 
6 6 6 18 6 6 
6 6 6 22 6 6 
6 6 6 22 6 6 
6 6 6 17 6 6 
6 6 6 14 11 6 
6 6 6 14 6 11 
6 6 6 14 6 14 
6 6 6 14 6 15 
6 6 6 14 6 14 
6 6 6 14 6 11 
6 6 6 14 14 6 
6 6 6 14 15 6 
6 6 6 11 15 6 
6 6 6 6 15 6 
6 6 20 15 6 6 
6 6 21 15 6 6 
6 6 21 6 6 15 
6 6 20 15 6 6 
6 6 20 6 6 15 
6 6 17 15 6 6 
6 6 17 6 6 15 
6 6 11 15 6 6 
6 6 11 6 6 15 
6 6 20 15 6 6 
6 6 22 15 6 6 
6 6 22 6 6 15 
6 6 22 15 6 6 
6 6 22 6 6 15 
6 6 20 15 6 6 
6 6 20 6 6 15 
6 6 14 15 6 6 
6 6 14 6 6 15 
6 6 17 15 6 6 
6 6 21 15 6 6 
6 6 21 6 6 15 
6 6 22 15 6 6 
6 6 22 6 6 15 
6 6 21 15 6 6 
6 6 21 6 6 15 
6 6 15 15 6 6 
6 6 15 6 6 15 
6 6 17 6 6 15 
6 6 20 6 6 15 
6 6 20 6 6 15 
6 6 14 6 6 15 
11 11 15 6 6 6 
11 11 6 6 15 6 
11 14 15 6 6 6 
11 14 14 6 6 6 
11 14 11 6 6 6 
11 14 6 14 6 6 
11 14 6 11 6 6 
11 14 6 6 15 6 
11 14 6 6 14 6 
11 14 6 6 11 6 
11 14 6 15 6 6 
11 14 6 14 6 6 
11 14 6 11 6 6 
11 15 15 6 6 6 
11 15 14 6 6 6 
11 15 11 6 6 6 
11 15 6 14 6 6 
11 15 6 11 6 6 
11 15 6 6 6 6 
11 15 6 6 11 6 
11 15 6 6 11 6 
11 15 6 6 14 6 
11 15 6 6 15 6 
11 15 6 6 14 6 
11 15 6 6 11 6 
11 15 6 6 14 6 
11 15 6 15 6 6 
11 15 6 15 6 6 
11 15 6 14 6 6 
11 15 6 11 6 6 
11 14 15 6 6 6 
11 14 14 6 6 6 
11 14 11 6 6 6 
11 14 6 14 6 6 
11 14 6 11 6 6 
11 14 6 6 14 6 
11 14 6 6 15 6 
11 14 6 6 14 6 
11 14 6 6 11 6 
11 14 6 15 6 6 
11 14 6 14 6 6 
11 14 6 11 6 6 
11 14 6 6 6 6 
11 11 6 14 6 6 
11 11 6 11 6 6 
11 11 6 6 14 6 
11 11 6 6 15 6 
11 11 6 6 14 6 
11 11 6 6 11 6 
11 11 6 15 6 6 
11 11 6 14 6 6 
11 6 15 14 6 6 
11 6 15 11 6 6 
11 6 15 6 14 6 
11 6 15 6 15 6 
11 6 15 6 14 6 
11 6 15 6 11 6 
11 6 14 14 6 6 
11 6 14 11 6 6 
11 6 14 6 14 6 
11 6 14 6 15 6 
11 6 14 6 14 6 
11 6 14 6 11 6 
11 6 14 6 6 6 
11 6 11 6 14 6 
11 6 11 6 15 6 
11 6 11 6 14 6 
11 6 15 15 6 6 
11 6 15 14 6 6 
11 6 14 15 6 6 
11 6 14 14 6 6 
11 6 6 23 6 6 
11 6 6 25 6 6 
11 6 6 22 6 6 
11 6 6 23 6 6 
11 6 6 22 6 6 
11 6 6 17 6 6 
11 6 6 22 6 6 
11 6 6 25 6 6 
11 6 6 22 6 6 
11 6 6 25 6 6 
11 6 6 24 6 6 
11 6 6 20 6 6 
11 6 6 17 6 6 
11 6 6 21 6 6 
11 6 6 17 6 6 
11 6 6 22 6 6 
11 6 6 20 6 6 
11 6 6 15 6 6 
11 6 6 15 6 6 
11 6 6 15 11 6 
11 6 6 15 11 6 
11 6 6 15 14 6 
11 6 6 15 15 6 
11 6 6 15 14 6 
11 6 6 15 14 6 
11 6 6 14 14 6 
11 6 6 14 15 6 
11 6 6 14 14 6 
11 6 6 11 14 6 
11 6 6 11 15 6 
11 6 6 11 14 6 
11 6 6 6 14 6 
11 6 6 15 15 6 
11 6 6 25 6 6 
11 6 6 22 6 6 
11 6 6 27 6 6 
11 6 6 25 6 6 
11 6 6 25 6 6 
11 6 6 25 6 6 
11 6 6 25 6 6 
11 6 6 23 6 6 
11 6 6 25 6 6 
11 6 6 25 6 6 
11 6 6 21 6 6 
11 6 6 22 6 6 
11 6 6 22 6 6 
11 6 6 18 6 6 
11 6 6 25 6 6 
11 6 6 22 6 6 
11 6 6 23 6 6 
11 6 6 22 6 6 
11 6 6 25 6 6 
11 6 6 22 6 6 
11 6 6 25 6 6 
11 6 6 24 6 6 
11 6 6 22 6 6 
11 6 6 22 6 6 
11 6 14 6 15 6 
11 6 23 6 6 6 
11 6 22 6 6 6 
11 6 17 6 6 6 
11 6 25 6 6 6 
11 6 25 6 6 6 
11 6 21 6 6 6 
11 6 23 6 6 6 
11 6 25 6 6 6 
11 6 22 6 6 6 
11 6 22 6 6 6 
11 6 22 6 6 6 
11 6 17 6 6 6 
11 6 22 6 6 6 
11 6 24 6 6 6 
11 6 20 6 6 6 
11 6 17 6 6 6 
11 6 20 6 6 6 
11 6 15 6 6 6 
11 6 14 14 6 6 
11 6 14 11 6 6 
11 6 14 6 14 6 
11 6 14 6 15 6 
11 6 14 6 14 6 
11 6 14 6 11 6 
11 6 14 15 6 6 
11 6 14 14 6 6 
11 6 11 14 6 6 
11 6 11 11 6 6 
11 6 11 6 14 6 
11 6 11 6 15 6 
11 6 11 6 14 6 
11 6 11 6 11 6 
11 6 11 15 6 6 
11 6 11 14 6 6 
11 6 6 14 6 6 
14 11 15 6 6 6 
14 11 6 6 15 6 
14 14 15 6 6 6 
14 14 14 6 6 6 
14 14 11 6 6 6 
14 14 6 14 6 6 
14 14 6 11 6 6 
14 14 6 6 15 6 
14 14 6 6 14 6 
14 14 6 6 11 6 
14 14 6 15 6 6 
14 14 6 14 6 6 
14 14 6 11 6 6 
14 15 15 6 6 6 
14 15 14 6 6 6 
14 15 11 6 6 6 
14 15 6 14 6 6 
14 15 6 11 6 6 
14 15 6 6 6 6 
14 15 6 6 11 6 
14 15 6 6 11 6 
14 15 6 6 14 6 
14 15 6 6 15 6 
14 15 6 6 14 6 
14 15 6 6 11 6 
14 15 6 6 14 6 
14 15 6 15 6 6 
14 15 6 15 6 6 
14 15 6 14 6 6 
14 15 6 11 6 6 
14 14 15 6 6 6 
14 14 14 6 6 6 
14 14 11 6 6 6 
14 14 6 14 6 6 
14 14 6 11 6 6 
14 14 6 6 6 6 
14 14 6 6 11 6 
14 14 6 6 11 6 
14 14 6 6 14 6 
14 14 6 6 15 6 
14 14 6 6 14 6 
14 14 6 6 11 6 
14 14 6 6 14 6 
14 14 6 15 6 6 
14 14 6 15 6 6 
14 14 6 14 6 6 
14 14 6 11 6 6 
14 14 6 6 6 6 
14 11 6 14 6 6 
14 11 6 11 6 6 
14 11 6 6 6 6 
14 11 6 6 11 6 
14 11 6 6 11 6 
14 11 6 6 14 6 
14 11 6 6 15 6 
14 11 6 6 14 6 
14 11 6 6 11 6 
14 11 6 6 14 6 
14 11 6 15 6 6 
14 11 6 15 6 6 
14 11 6 14 6 6 
14 6 15 14 6 6 
14 6 15 11 6 6 
14 6 15 6 6 6 
14 6 15 6 11 6 
14 6 15 6 11 6 
14 6 15 6 14 6 
14 6 15 6 15 6 
14 6 15 6 14 6 
14 6 15 6 11 6 
14 6 15 6 14 6 
14 6 15 15 6 6 
14 6 14 14 6 6 
14 6 14 11 6 6 
14 6 14 6 6 6 
14 6 14 6 11 6 
14 6 14 6 11 6 
14 6 14 6 14 6 
14 6 14 6 15 6 
14 6 14 6 14 6 
14 6 14 6 11 6 
14 6 14 6 6 6 
14 6 14 6 14 6 
14 6 14 15 6 6 
14 6 11 6 6 6 
14 6 11 6 11 6 
14 6 11 6 11 6 
14 6 11 6 14 6 
14 6 11 6 15 6 
14 6 11 6 14 6 
14 6 11 6 14 6 
14 6 11 15 6 6 
14 6 15 15 6 6 
14 6 15 14 6 6 
14 6 14 15 6 6 
14 6 14 14 6 6 
14 6 6 23 6 6 
14 6 6 25 6 6 
14 6 6 22 6 6 
14 6 6 23 6 6 
14 6 6 22 6 6 
14 6 6 17 6 6 
14 6 6 22 6 6 
14 6 6 25 6 6 
14 6 6 22 6 6 
14 6 6 25 6 6 
14 6 6 24 6 6 
14 6 6 20 6 6 
14 6 6 17 6 6 
14 6 6 21 6 6 
14 6 6 17 6 6 
14 6 6 22 6 6 
14 6 6 20 6 6 
14 6 6 15 6 6 
14 6 6 15 6 6 
14 6 6 15 11 6 
14 6 6 15 11 6 
14 6 6 15 14 6 
14 6 6 15 15 6 
14 6 6 15 14 6 
14 6 6 15 14 6 
14 6 6 14 6 6 
14 6 6 14 11 6 
14 6 6 14 11 6 
14 6 6 14 14 6 
14 6 6 14 15 6 
14 6 6 14 14 6 
14 6 6 14 14 6 
14 6 6 11 6 6 
14 6 6 11 11 6 
14 6 6 11 11 6 
14 6 6 11 14 6 
14 6 6 11 15 6 
14 6 6 11 14 6 
14 6 6 11 14 6 
14 6 6 6 14 6 
14 6 6 15 15 6 
14 6 6 15 14 6 
14 6 6 15 11 6 
14 6 6 25 6 6 
14 6 6 22 6 6 
14 6 6 27 6 6 
14 6 6 25 6 6 
14 6 6 25 6 6 
14 6 6 25 6 6 
14 6 6 25 6 6 
14 6 6 23 6 6 
14 6 6 25 6 6 
14 6 6 25 6 6 
14 6 6 21 6 6 
14 6 6 22 6 6 
14 6 6 22 6 6 
14 6 6 18 6 6 
14 6 6 25 6 6 
14 6 6 22 6 6 
14 6 6 23 6 6 
14 6 6 22 6 6 
14 6 6 25 6 6 
14 6 6 22 6 6 
14 6 6 25 6 6 
14 6 6 24 6 6 
14 6 6 22 6 6 
14 6 6 22 6 6 
14 6 14 15 6 6 
14 6 14 14 6 6 
14 6 14 11 6 6 
14 6 14 6 15 6 
14 6 14 6 14 6 
14 6 14 6 11 6 
14 6 23 6 6 6 
14 6 22 6 6 6 
14 6 17 6 6 6 
14 6 25 6 6 6 
14 6 25 6 6 6 
14 6 21 6 6 6 
14 6 23 6 6 6 
14 6 25 6 6 6 
14 6 22 6 6 6 
14 6 22 6 6 6 
14 6 22 6 6 6 
14 6 17 6 6 6 
14 6 22 6 6 6 
14 6 24 6 6 6 
14 6 20 6 6 6 
14 6 17 6 6 6 
14 6 20 6 6 6 
14 6 15 6 6 6 
14 6 14 14 6 6 
14 6 14 11 6 6 
14 6 14 6 6 6 
14 6 14 6 11 6 
14 6 14 6 11 6 
14 6 14 6 14 6 
14 6 14 6 15 6 
14 6 14 6 14 6 
14 6 14 6 11 6 
14 6 14 6 14 6 
14 6 14 15 6 6 
14 6 14 15 6 6 
14 6 14 14 6 6 
14 6 11 14 6 6 
14 6 11 11 6 6 
14 6 11 6 6 6 
14 6 11 6 11 6 
14 6 11 6 11 6 
14 6 11 6 14 6 
14 6 11 6 15 6 
14 6 11 6 14 6 
14 6 11 6 11 6 
14 6 11 6 14 6 
14 6 11 15 6 6 
14 6 11 15 6 6 
14 6 11 14 6 6 
14 6 6 14 6 6 
14 6 11 15 6 6 
14 6 6 15 6 6 
15 11 15 6 6 6 
15 11 6 6 15 6 
15 14 15 6 6 6 
15 14 14 6 6 6 
15 14 11 6 6 6 
15 14 6 14 6 6 
15 14 6 11 6 6 
15 14 6 6 15 6 
15 14 6 6 14 6 
15 14 6 6 11 6 
15 14 6 15 6 6 
15 14 6 14 6 6 
15 14 6 11 6 6 
15 15 15 6 6 6 
15 15 14 6 6 6 
15 15 11 6 6 6 
15 15 6 14 6 6 
15 15 6 11 6 6 
15 15 6 6 11 6 
15 15 6 6 11 6 
15 15 6 6 14 6 
15 15 6 6 15 6 
15 15 6 6 14 6 
15 15 6 6 11 6 
15 15 6 6 14 6 
15 15 6 15 6 6 
15 15 6 15 6 6 
15 15 6 14 6 6 
15 15 6 11 6 6 
15 14 15 6 6 6 
15 14 14 6 6 6 
15 14 11 6 6 6 
15 14 6 14 6 6 
15 14 6 11 6 6 
15 14 6 6 11 6 
15 14 6 6 11 6 
15 14 6 6 14 6 
15 14 6 6 15 6 
15 14 6 6 14 6 
15 14 6 6 11 6 
15 14 6 6 14 6 
15 14 6 15 6 6 
15 14 6 15 6 6 
15 14 6 14 6 6 
15 14 6 11 6 6 
15 14 6 6 6 6 
15 11 15 6 6 6 
15 11 14 6 6 6 
15 11 11 6 6 6 
15 11 6 14 6 6 
15 11 6 11 6 6 
15 11 6 6 11 6 
15 11 6 6 11 6 
15 11 6 6 14 6 
15 11 6 6 15 6 
15 11 6 6 14 6 
15 11 6 6 11 6 
15 11 6 6 14 6 
15 11 6 15 6 6 
15 11 6 15 6 6 
15 11 6 14 6 6 
15 11 6 11 6 6 
15 11 6 6 6 6 
15 6 15 14 6 6 
15 6 15 11 6 6 
15 6 15 6 11 6 
15 6 15 6 11 6 
15 6 15 6 14 6 
15 6 15 6 15 6 
15 6 15 6 14 6 
15 6 15 6 11 6 
15 6 15 6 14 6 
15 6 15 15 6 6 
15 6 14 14 6 6 
15 6 14 11 6 6 
15 6 14 6 11 6 
15 6 14 6 11 6 
15 6 14 6 14 6 
15 6 14 6 15 6 
15 6 14 6 14 6 
15 6 14 6 11 6 
15 6 14 6 6 6 
15 6 14 6 14 6 
15 6 14 15 6 6 
15 6 11 6 11 6 
15 6 11 6 11 6 
15 6 11 6 14 6 
15 6 11 6 15 6 
15 6 11 6 14 6 
15 6 11 6 14 6 
15 6 11 15 6 6 
15 6 15 15 6 6 
15 6 15 14 6 6 
15 6 14 15 6 6 
15 6 14 14 6 6 
15 6 11 15 6 6 
15 6 11 14 6 6 
15 6 6 11 6 6 
15 6 6 11 11 6 
15 6 6 11 11 6 
15 6 6 14 11 6 
15 6 6 15 11 6 
15 6 6 14 11 6 
15 6 6 6 15 6 
15 6 6 6 14 6 
15 6 6 6 11 6 
15 6 6 6 6 6 
15 6 6 6 11 15 
15 6 6 6 11 14 
15 6 6 6 11 11 
15 6 6 6 11 6 
15 6 6 6 21 6 
15 6 6 6 22 6 
15 6 6 6 21 6 
15 6 6 6 17 6 
15 6 6 6 20 6 
15 6 6 6 22 6 
15 6 6 6 22 6 
15 6 6 6 20 6 
15 6 6 6 17 6 
15 6 6 6 20 6 
15 6 6 6 21 6 
15 6 6 6 20 6 
15 6 6 6 11 6 
15 6 6 6 14 6 
15 6 6 6 15 6 
15 6 6 6 14 6 
15 6 6 14 11 6 
15 6 6 14 6 15 
15 6 6 14 6 14 
15 6 6 14 6 11 
15 6 6 14 6 6 
15 6 6 22 6 6 
15 6 6 25 6 6 
15 6 6 23 6 6 
15 6 6 25 6 6 
15 6 6 25 6 6 
15 6 6 22 6 6 
15 6 6 22 6 6 
15 6 6 23 6 6 
15 6 6 22 6 6 
15 6 6 17 6 6 
15 6 6 20 6 6 
15 6 6 24 6 6 
15 6 6 22 6 6 
15 6 6 25 6 6 
15 6 6 25 6 6 
15 6 6 22 6 6 
15 6 6 24 6 6 
15 6 6 25 6 6 
15 6 6 24 6 6 
15 6 6 20 6 6 
15 6 6 15 6 6 
15 6 6 20 6 6 
15 6 6 17 6 6 
15 6 6 22 6 6 
15 6 6 21 6 6 
15 6 6 17 6 6 
15 6 6 22 6 6 
15 6 6 22 6 6 
15 6 6 20 6 6 
15 6 6 15 6 6 
15 6 6 14 6 6 
15 6 6 14 11 6 
15 6 6 14 11 6 
15 6 6 14 14 6 
15 6 6 14 15 6 
15 6 6 14 14 6 
15 6 6 14 14 6 
15 6 6 15 11 6 
15 6 6 15 11 6 
15 6 6 15 14 6 
15 6 6 15 15 6 
15 6 6 15 14 6 
15 6 6 15 14 6 
15 6 6 14 11 6 
15 6 6 14 11 6 
15 6 6 14 14 6 
15 6 6 14 15 6 
15 6 6 14 14 6 
15 6 6 14 14 6 
15 6 6 11 11 6 
15 6 6 11 11 6 
15 6 6 11 14 6 
15 6 6 11 15 6 
15 6 6 11 14 6 
15 6 6 11 14 6 
15 6 6 6 14 6 
15 6 6 15 11 6 
15 6 6 15 6 15 
15 6 6 15 6 14 
15 6 6 15 6 11 
15 6 6 15 14 6 
15 6 6 15 15 6 
15 6 6 15 14 6 
15 6 6 15 11 6 
15 6 6 21 6 6 
15 6 6 25 6 6 
15 6 6 25 6 6 
15 6 6 22 6 6 
15 6 6 25 6 6 
15 6 6 27 6 6 
15 6 6 25 6 6 
15 6 6 25 6 6 
15 6 6 25 6 6 
15 6 6 21 6 6 
15 6 6 22 6 6 
15 6 6 25 6 6 
15 6 6 23 6 6 
15 6 6 25 6 6 
15 6 6 25 6 6 
15 6 6 22 6 6 
15 6 6 21 6 6 
15 6 6 22 6 6 
15 6 6 21 6 6 
15 6 6 15 6 6 
15 6 6 17 6 6 
15 6 6 22 6 6 
15 6 6 22 6 6 
15 6 6 18 6 6 
15 6 6 23 6 6 
15 6 6 25 6 6 
15 6 6 22 6 6 
15 6 6 23 6 6 
15 6 6 22 6 6 
15 6 6 17 6 6 
15 6 6 22 6 6 
15 6 6 25 6 6 
15 6 6 22 6 6 
15 6 6 25 6 6 
15 6 6 24 6 6 
15 6 6 20 6 6 
15 6 6 22 6 6 
15 6 6 22 6 6 
15 6 6 20 6 6 
15 6 6 14 6 6 
15 6 14 15 6 6 
15 6 14 14 6 6 
15 6 14 11 6 6 
15 6 14 6 11 6 
15 6 14 6 6 15 
15 6 14 6 6 14 
15 6 14 6 6 11 
15 6 14 6 14 6 
15 6 14 6 15 6 
15 6 14 6 14 6 
15 6 14 6 11 6 
15 6 17 6 6 6 
15 6 22 6 6 6 
15 6 23 6 6 6 
15 6 22 6 6 6 
15 6 17 6 6 6 
15 6 22 6 6 6 
15 6 25 6 6 6 
15 6 25 6 6 6 
15 6 21 6 6 6 
15 6 23 6 6 6 
15 6 25 6 6 6 
15 6 22 6 6 6 
15 6 22 6 6 6 
15 6 21 6 6 6 
15 6 15 6 6 6 
15 6 18 6 6 6 
15 6 22 6 6 6 
15 6 22 6 6 6 
15 6 17 6 6 6 
15 6 22 6 6 6 
15 6 24 6 6 6 
15 6 20 6 6 6 
15 6 22 6 6 6 
15 6 20 6 6 6 
15 6 14 6 6 6 
15 6 17 6 6 6 
15 6 20 6 6 6 
15 6 15 6 6 6 
15 6 20 6 6 6 
15 6 17 6 6 6 
15 6 11 6 6 6 
15 6 14 14 6 6 
15 6 14 11 6 6 
15 6 14 6 11 6 
15 6 14 6 11 6 
15 6 14 6 14 6 
15 6 14 6 15 6 
15 6 14 6 14 6 
15 6 14 6 11 6 
15 6 14 6 14 6 
15 6 14 15 6 6 
15 6 14 15 6 6 
15 6 14 14 6 6 
15 6 14 11 6 6 
15 6 14 6 6 6 
15 6 11 14 6 6 
15 6 11 11 6 6 
15 6 11 6 11 6 
15 6 11 6 11 6 
15 6 11 6 14 6 
15 6 11 6 15 6 
15 6 11 6 14 6 
15 6 11 6 11 6 
15 6 11 6 14 6 
15 6 11 15 6 6 
15 6 11 15 6 6 
15 6 11 14 6 6 
15 6 11 11 6 6 
15 6 11 6 6 6 
15 6 6 14 6 6 
15 6 6 11 6 6 
15 6 6 6 6 6 
15 6 11 15 6 6 
15 6 11 6 6 15 
15 6 6 15 6 6 
15 6 6 6 6 15 
14 11 6 6 15 6 
14 14 6 14 6 6 
14 14 6 11 6 6 
14 14 6 6 15 6 
14 14 6 6 14 6 
14 14 6 6 11 6 
14 14 6 15 6 6 
14 15 6 14 6 6 
14 15 6 11 6 6 
14 15 6 6 11 6 
14 15 6 6 11 6 
14 15 6 6 14 6 
14 15 6 6 15 6 
14 15 6 6 14 6 
14 15 6 6 11 6 
14 15 6 6 14 6 
14 15 6 15 6 6 
14 15 6 15 6 6 
14 14 6 14 6 6 
14 14 6 11 6 6 
14 14 6 6 11 6 
14 14 6 6 11 6 
14 14 6 6 14 6 
14 14 6 6 15 6 
14 14 6 6 14 6 
14 14 6 6 11 6 
14 14 6 6 14 6 
14 14 6 15 6 6 
14 14 6 15 6 6 
14 11 6 14 6 6 
14 11 6 11 6 6 
14 11 6 6 11 6 
14 11 6 6 11 6 
14 11 6 6 14 6 
14 11 6 6 15 6 
14 11 6 6 14 6 
14 11 6 6 11 6 
14 11 6 6 14 6 
14 11 6 15 6 6 
14 11 6 15 6 6 
14 6 15 14 6 6 
14 6 15 11 6 6 
14 6 15 6 11 6 
14 6 15 6 11 6 
14 6 15 6 14 6 
14 6 15 6 15 6 
14 6 15 6 14 6 
14 6 15 6 11 6 
14 6 15 6 14 6 
14 6 15 15 6 6 
14 6 14 14 6 6 
14 6 14 11 6 6 
14 6 14 6 11 6 
14 6 14 6 11 6 
14 6 14 6 14 6 
14 6 14 6 15 6 
14 6 14 6 14 6 
14 6 14 6 11 6 
14 6 14 6 6 6 
14 6 14 6 14 6 
14 6 14 15 6 6 
14 6 11 6 11 6 
14 6 11 6 11 6 
14 6 11 6 14 6 
14 6 11 6 15 6 
14 6 11 6 14 6 
14 6 11 6 14 6 
14 6 11 15 6 6 
14 6 15 15 6 6 
14 6 15 14 6 6 
14 6 6 14 11 6 
14 6 6 14 6 15 
14 6 6 14 6 14 
14 6 6 14 6 11 
14 6 6 14 6 6 
14 6 6 22 6 6 
14 6 6 25 6 6 
14 6 6 23 6 6 
14 6 6 25 6 6 
14 6 6 25 6 6 
14 6 6 22 6 6 
14 6 6 22 6 6 
14 6 6 23 6 6 
14 6 6 22 6 6 
14 6 6 17 6 6 
14 6 6 20 6 6 
14 6 6 24 6 6 
14 6 6 22 6 6 
14 6 6 25 6 6 
14 6 6 25 6 6 
14 6 6 22 6 6 
14 6 6 24 6 6 
14 6 6 25 6 6 
14 6 6 24 6 6 
14 6 6 20 6 6 
14 6 6 15 6 6 
14 6 6 20 6 6 
14 6 6 17 6 6 
14 6 6 22 6 6 
14 6 6 21 6 6 
14 6 6 17 6 6 
14 6 6 22 6 6 
14 6 6 22 6 6 
14 6 6 20 6 6 
14 6 6 15 6 6 
14 6 6 14 6 6 
14 6 6 14 11 6 
14 6 6 14 11 6 
14 6 6 14 14 6 
14 6 6 14 15 6 
14 6 6 14 14 6 
14 6 6 14 14 6 
14 6 6 15 11 6 
14 6 6 15 11 6 
14 6 6 15 14 6 
14 6 6 15 15 6 
14 6 6 15 14 6 
14 6 6 15 14 6 
14 6 6 14 11 6 
14 6 6 14 11 6 
14 6 6 14 14 6 
14 6 6 14 15 6 
14 6 6 14 14 6 
14 6 6 14 14 6 
14 6 6 11 11 6 
14 6 6 11 11 6 
14 6 6 11 14 6 
14 6 6 11 15 6 
14 6 6 11 14 6 
14 6 6 11 14 6 
14 6 6 6 14 6 
14 6 6 15 11 6 
14 6 6 15 6 15 
14 6 6 15 6 14 
14 6 6 15 6 11 
14 6 6 15 14 6 
14 6 6 15 15 6 
14 6 6 15 14 6 
14 6 6 15 11 6 
14 6 6 21 6 6 
14 6 6 25 6 6 
14 6 6 25 6 6 
14 6 6 25 6 6 
14 6 6 27 6 6 
14 6 6 25 6 6 
14 6 6 22 6 6 
14 6 6 25 6 6 
14 6 6 25 6 6 
14 6 6 21 6 6 
14 6 6 17 6 6 
14 6 6 22 6 6 
14 6 6 22 6 6 
14 6 6 23 6 6 
14 6 6 25 6 6 
14 6 6 23 6 6 
14 6 6 22 6 6 
14 6 6 25 6 6 
14 6 6 25 6 6 
14 6 6 22 6 6 
14 6 14 15 6 6 
14 6 14 14 6 6 
14 6 14 11 6 6 
14 6 14 6 11 6 
14 6 14 6 6 15 
14 6 14 6 6 14 
14 6 14 6 6 11 
14 6 14 6 14 6 
14 6 14 6 15 6 
14 6 14 6 14 6 
14 6 14 6 11 6 
14 6 17 6 6 6 
14 6 22 6 6 6 
14 6 23 6 6 6 
14 6 22 6 6 6 
14 6 25 6 6 6 
14 6 23 6 6 6 
14 6 18 6 6 6 
14 6 22 6 6 6 
14 6 22 6 6 6 
14 6 17 6 6 6 
14 6 14 14 6 6 
14 6 14 11 6 6 
14 6 14 6 11 6 
14 6 14 6 11 6 
14 6 14 6 14 6 
14 6 14 6 15 6 
14 6 14 6 14 6 
14 6 14 6 11 6 
14 6 14 6 14 6 
14 6 14 15 6 6 
14 6 14 15 6 6 
14 6 11 14 6 6 
14 6 11 11 6 6 
14 6 11 6 11 6 
14 6 11 6 11 6 
14 6 11 6 14 6 
14 6 11 6 15 6 
14 6 11 6 14 6 
14 6 11 6 11 6 
14 6 11 6 14 6 
14 6 11 15 6 6 
14 6 11 15 6 6 
14 6 6 14 6 6 
14 6 6 11 6 6 
14 6 6 6 11 6 
14 6 6 6 11 6 
14 6 6 6 14 6 
14 6 6 6 15 6 
14 6 6 6 14 6 
14 6 6 6 11 6 
14 6 6 6 14 6 
14 6 6 15 6 6 
14 6 6 15 6 6 
14 6 11 15 6 6 
14 6 11 6 6 15 
14 6 6 15 6 6 
14 6 6 6 6 15 
11 14 6 15 6 6 
11 15 6 15 6 6 
11 15 6 15 6 6 
11 14 6 15 6 6 
11 14 6 15 6 6 
11 11 6 15 6 6 
11 11 6 15 6 6 
11 6 15 14 6 6 
11 6 15 11 6 6 
11 6 15 6 11 6 
11 6 15 6 11 6 
11 6 15 6 14 6 
11 6 15 6 15 6 
11 6 15 6 14 6 
11 6 15 6 11 6 
11 6 15 6 14 6 
11 6 15 15 6 6 
11 6 14 14 6 6 
11 6 14 11 6 6 
11 6 14 6 11 6 
11 6 14 6 11 6 
11 6 14 6 14 6 
11 6 14 6 15 6 
11 6 14 6 14 6 
11 6 14 6 11 6 
11 6 14 6 6 6 
11 6 14 6 14 6 
11 6 14 15 6 6 
11 6 11 6 11 6 
11 6 11 6 11 6 
11 6 11 6 14 6 
11 6 11 6 15 6 
11 6 11 6 14 6 
11 6 11 6 14 6 
11 6 11 15 6 6 
11 6 15 15 6 6 
11 6 15 14 6 6 
11 6 6 14 11 6 
11 6 6 14 6 15 
11 6 6 14 6 14 
11 6 6 14 6 11 
11 6 6 14 6 6 
11 6 6 22 6 6 
11 6 6 25 6 6 
11 6 6 23 6 6 
11 6 6 25 6 6 
11 6 6 25 6 6 
11 6 6 22 6 6 
11 6 6 22 6 6 
11 6 6 23 6 6 
11 6 6 22 6 6 
11 6 6 17 6 6 
11 6 6 20 6 6 
11 6 6 24 6 6 
11 6 6 22 6 6 
11 6 6 25 6 6 
11 6 6 25 6 6 
11 6 6 22 6 6 
11 6 6 24 6 6 
11 6 6 25 6 6 
11 6 6 24 6 6 
11 6 6 20 6 6 
11 6 6 15 6 6 
11 6 6 20 6 6 
11 6 6 17 6 6 
11 6 6 22 6 6 
11 6 6 21 6 6 
11 6 6 17 6 6 
11 6 6 22 6 6 
11 6 6 22 6 6 
11 6 6 20 6 6 
11 6 6 15 6 6 
11 6 6 14 6 6 
11 6 6 14 11 6 
11 6 6 14 11 6 
11 6 6 14 14 6 
11 6 6 14 15 6 
11 6 6 14 14 6 
11 6 6 14 14 6 
11 6 6 15 11 6 
11 6 6 15 11 6 
11 6 6 15 14 6 
11 6 6 15 15 6 
11 6 6 15 14 6 
11 6 6 15 14 6 
11 6 6 14 11 6 
11 6 6 14 11 6 
11 6 6 14 14 6 
11 6 6 14 15 6 
11 6 6 14 14 6 
11 6 6 14 14 6 
11 6 6 11 11 6 
11 6 6 11 11 6 
11 6 6 11 14 6 
11 6 6 11 15 6 
11 6 6 11 14 6 
11 6 6 11 14 6 
11 6 6 6 14 6 
11 6 6 15 11 6 
11 6 6 15 6 15 
11 6 6 15 6 14 
11 6 6 15 6 11 
11 6 6 15 14 6 
11 6 6 15 15 6 
11 6 6 15 14 6 
11 6 6 15 11 6 
11 6 6 21 6 6 
11 6 6 25 6 6 
11 6 6 25 6 6 
11 6 6 25 6 6 
11 6 6 27 6 6 
11 6 6 25 6 6 
11 6 6 22 6 6 
11 6 6 25 6 6 
11 6 6 25 6 6 
11 6 6 21 6 6 
11 6 6 17 6 6 
11 6 6 22 6 6 
11 6 6 22 6 6 
11 6 6 23 6 6 
11 6 6 25 6 6 
11 6 6 23 6 6 
11 6 6 22 6 6 
11 6 6 25 6 6 
11 6 6 25 6 6 
11 6 6 22 6 6 
11 6 14 15 6 6 
11 6 14 14 6 6 
11 6 14 11 6 6 
11 6 14 6 11 6 
11 6 14 6 6 15 
11 6 14 6 6 14 
11 6 14 6 6 11 
11 6 14 6 14 6 
11 6 14 6 15 6 
11 6 14 6 14 6 
11 6 14 6 11 6 
11 6 17 6 6 6 
11 6 22 6 6 6 
11 6 23 6 6 6 
11 6 22 6 6 6 
11 6 25 6 6 6 
11 6 23 6 6 6 
11 6 18 6 6 6 
11 6 22 6 6 6 
11 6 22 6 6 6 
11 6 17 6 6 6 
11 6 14 14 6 6 
11 6 14 11 6 6 
11 6 14 6 11 6 
11 6 14 6 11 6 
11 6 14 6 14 6 
11 6 14 6 15 6 
11 6 14 6 14 6 
11 6 14 6 11 6 
11 6 14 6 14 6 
11 6 14 15 6 6 
11 6 14 15 6 6 
11 6 11 15 6 6 
11 6 11 15 6 6 
11 6 6 15 6 6 
11 6 6 15 6 6 
11 6 11 15 6 6 
11 6 11 6 6 15 
11 6 6 15 6 6 
11 6 6 6 6 15 
6 14 15 14 6 6 
6 14 15 11 6 6 
6 14 15 6 11 6 
6 14 15 6 11 6 
6 14 15 6 14 6 
6 14 15 6 15 6 
6 14 15 6 14 6 
6 14 15 6 11 6 
6 14 15 6 14 6 
6 14 15 15 6 6 
6 14 14 14 6 6 
6 14 14 11 6 6 
6 14 14 6 11 6 
6 14 14 6 11 6 
6 14 14 6 14 6 
6 14 14 6 15 6 
6 14 14 6 14 6 
6 14 14 6 11 6 
6 14 14 6 6 6 
6 14 14 6 14 6 
6 14 14 15 6 6 
6 14 11 6 11 6 
6 14 11 6 11 6 
6 14 11 6 14 6 
6 14 11 6 15 6 
6 14 11 6 14 6 
6 14 11 6 14 6 
6 14 11 15 6 6 
6 14 15 15 6 6 
6 14 15 14 6 6 
6 14 6 14 11 6 
6 14 6 14 6 15 
6 14 6 14 6 14 
6 14 6 14 6 11 
6 14 6 14 6 6 
6 14 6 22 6 6 
6 14 6 25 6 6 
6 14 6 23 6 6 
6 14 6 25 6 6 
6 14 6 25 6 6 
6 14 6 22 6 6 
6 14 6 22 6 6 
6 14 6 23 6 6 
6 14 6 22 6 6 
6 14 6 17 6 6 
6 14 6 20 6 6 
6 14 6 24 6 6 
6 14 6 22 6 6 
6 14 6 25 6 6 
6 14 6 25 6 6 
6 14 6 22 6 6 
6 14 6 24 6 6 
6 14 6 25 6 6 
6 14 6 24 6 6 
6 14 6 20 6 6 
6 14 6 15 6 6 
6 14 6 20 6 6 
6 14 6 17 6 6 
6 14 6 22 6 6 
6 14 6 21 6 6 
6 14 6 17 6 6 
6 14 6 22 6 6 
6 14 6 22 6 6 
6 14 6 20 6 6 
6 14 6 15 6 6 
6 14 6 14 6 6 
6 14 6 14 11 6 
6 14 6 14 11 6 
6 14 6 14 14 6 
6 14 6 14 15 6 
6 14 6 14 14 6 
6 14 6 14 14 6 
6 14 6 15 11 6 
6 14 6 15 11 6 
6 14 6 15 14 6 
6 14 6 15 15 6 
6 14 6 15 14 6 
6 14 6 15 14 6 
6 14 6 14 11 6 
6 14 6 14 11 6 
6 14 6 14 14 6 
6 14 6 14 15 6 
6 14 6 14 14 6 
6 14 6 14 14 6 
6 14 6 11 11 6 
6 14 6 11 11 6 
6 14 6 11 14 6 
6 14 6 11 15 6 
6 14 6 11 14 6 
6 14 6 11 14 6 
6 14 6 6 14 6 
6 14 6 15 11 6 
6 14 6 15 6 15 
6 14 6 15 6 14 
6 14 6 15 6 11 
6 14 6 15 14 6 
6 14 6 15 15 6 
6 14 6 15 14 6 
6 14 6 15 11 6 
6 14 6 21 6 6 
6 14 6 25 6 6 
6 14 6 25 6 6 
6 14 6 25 6 6 
6 14 6 27 6 6 
6 14 6 25 6 6 
6 14 6 22 6 6 
6 14 6 25 6 6 
6 14 6 25 6 6 
6 14 6 21 6 6 
6 14 6 17 6 6 
6 14 6 22 6 6 
6 14 6 22 6 6 
6 14 6 23 6 6 
6 14 6 25 6 6 
6 14 6 23 6 6 
6 14 6 22 6 6 
6 14 6 25 6 6 
6 14 6 25 6 6 
6 14 6 22 6 6 
6 14 14 15 6 6 
6 14 14 14 6 6 
6 14 14 11 6 6 
6 14 14 6 11 6 
6 14 14 6 6 15 
6 14 14 6 6 14 
6 14 14 6 6 11 
6 14 14 6 14 6 
6 14 14 6 15 6 
6 14 14 6 14 6 
6 14 14 6 11 6 
6 17 14 6 6 6 
6 22 14 6 6 6 
6 23 14 6 6 6 
6 22 14 6 6 6 
6 25 14 6 6 6 
6 23 14 6 6 6 
6 15 15 14 6 6 
6 15 15 11 6 6 
6 15 15 6 11 6 
6 15 15 6 11 6 
6 15 15 6 14 6 
6 15 15 6 15 6 
6 15 15 6 14 6 
6 15 15 6 11 6 
6 15 15 6 14 6 
6 15 15 15 6 6 
6 15 14 14 6 6 
6 15 14 11 6 6 
6 15 14 6 11 6 
6 15 14 6 11 6 
6 15 14 6 14 6 
6 15 14 6 15 6 
6 15 14 6 14 6 
6 15 14 6 11 6 
6 15 14 6 6 6 
6 15 14 6 14 6 
6 15 14 15 6 6 
6 15 11 14 6 6 
6 15 11 11 6 6 
6 15 11 6 11 6 
6 15 11 6 11 6 
6 15 11 6 14 6 
6 15 11 6 15 6 
6 15 11 6 14 6 
6 15 11 6 11 6 
6 15 11 6 6 6 
6 15 11 6 14 6 
6 15 11 15 6 6 
6 15 15 15 6 6 
6 15 15 14 6 6 
6 15 15 11 6 6 
6 15 6 14 11 6 
6 15 6 14 6 6 
6 15 6 14 6 11 
6 15 6 14 6 14 
6 15 6 14 6 15 
6 15 6 14 6 14 
6 15 6 14 6 11 
6 15 6 14 6 6 
6 15 6 20 6 6 
6 15 6 20 6 6 
6 15 6 17 6 6 
6 15 6 22 6 6 
6 15 6 24 6 6 
6 15 6 22 6 6 
6 15 6 22 6 6 
6 15 6 22 6 6 
6 15 6 18 6 6 
6 15 6 22 6 6 
6 15 6 25 6 6 
6 15 6 23 6 6 
6 15 6 25 6 6 
6 15 6 25 6 6 
6 15 6 22 6 6 
6 15 6 22 6 6 
6 15 6 23 6 6 
6 15 6 22 6 6 
6 15 6 17 6 6 
6 15 6 20 6 6 
6 15 6 24 6 6 
6 15 6 22 6 6 
6 15 6 25 6 6 
6 15 6 25 6 6 
6 15 6 22 6 6 
6 15 6 24 6 6 
6 15 6 25 6 6 
6 15 6 24 6 6 
6 15 6 20 6 6 
6 15 6 20 6 6 
6 15 6 22 6 6 
6 15 6 22 6 6 
6 15 6 20 6 6 
6 15 6 14 6 6 
6 15 6 15 6 6 
6 15 6 20 6 6 
6 15 6 17 6 6 
6 15 6 22 6 6 
6 15 6 21 6 6 
6 15 6 17 6 6 
6 15 6 22 6 6 
6 15 6 22 6 6 
6 15 6 20 6 6 
6 15 6 15 6 6 
6 15 6 20 6 6 
6 15 6 21 6 6 
6 15 6 20 6 6 
6 15 6 17 6 6 
6 15 6 11 6 6 
6 15 6 14 6 6 
6 15 6 14 11 6 
6 15 6 14 11 6 
6 15 6 14 14 6 
6 15 6 14 15 6 
6 15 6 14 14 6 
6 15 6 14 11 6 
6 15 6 14 6 6 
6 15 6 14 14 6 
6 15 6 15 11 6 
6 15 6 15 11 6 
6 15 6 15 14 6 
6 15 6 15 15 6 
6 15 6 15 14 6 
6 15 6 15 11 6 
6 15 6 15 6 6 
6 15 6 15 14 6 
6 15 6 14 11 6 
6 15 6 14 11 6 
6 15 6 14 14 6 
6 15 6 14 15 6 
6 15 6 14 14 6 
6 15 6 14 11 6 
6 15 6 14 6 6 
6 15 6 14 14 6 
6 15 6 11 11 6 
6 15 6 11 11 6 
6 15 6 11 14 6 
6 15 6 11 15 6 
6 15 6 11 14 6 
6 15 6 11 11 6 
6 15 6 11 6 6 
6 15 6 11 14 6 
6 15 6 6 14 6 
6 15 6 6 11 6 
6 15 6 6 6 6 
6 15 6 15 11 6 
6 15 6 15 6 6 
6 15 6 15 6 11 
6 15 6 15 6 14 
6 15 6 15 6 15 
6 15 6 15 6 14 
6 15 6 15 6 11 
6 15 6 15 14 6 
6 15 6 15 15 6 
6 15 6 15 14 6 
6 15 6 15 11 6 
6 15 6 21 6 6 
6 15 6 22 6 6 
6 15 6 21 6 6 
6 15 6 22 6 6 
6 15 6 25 6 6 
6 15 6 25 6 6 
6 15 6 23 6 6 
6 15 6 25 6 6 
6 15 6 22 6 6 
6 15 6 21 6 6 
6 15 6 25 6 6 
6 15 6 25 6 6 
6 15 6 25 6 6 
6 15 6 27 6 6 
6 15 6 25 6 6 
6 15 6 22 6 6 
6 15 6 25 6 6 
6 15 6 25 6 6 
6 15 6 21 6 6 
6 15 6 17 6 6 
6 15 6 22 6 6 
6 15 6 22 6 6 
6 15 6 23 6 6 
6 15 6 25 6 6 
6 15 6 23 6 6 
6 15 6 22 6 6 
6 15 6 25 6 6 
6 15 6 25 6 6 
6 15 6 22 6 6 
6 15 6 17 6 6 
6 15 6 21 6 6 
6 15 6 22 6 6 
6 15 6 21 6 6 
6 15 6 15 6 6 
6 15 14 15 6 6 
6 15 14 14 6 6 
6 15 14 11 6 6 
6 15 14 6 11 6 
6 15 14 6 6 6 
6 15 14 6 6 11 
6 15 14 6 6 14 
6 15 14 6 6 15 
6 15 14 6 6 14 
6 15 14 6 6 11 
6 15 14 6 14 6 
6 15 14 6 15 6 
6 15 14 6 14 6 
6 15 14 6 11 6 
6 15 20 6 6 6 
6 15 22 6 6 6 
6 15 22 6 6 6 
6 15 20 6 6 6 
6 15 24 6 6 6 
6 15 25 6 6 6 
6 15 22 6 6 6 
6 15 25 6 6 6 
6 15 22 6 6 6 
6 15 17 6 6 6 
6 15 22 6 6 6 
6 15 23 6 6 6 
6 15 22 6 6 6 
6 15 25 6 6 6 
6 15 23 6 6 6 
6 18 14 6 6 6 
6 18 15 6 6 6 
6 22 14 6 6 6 
6 22 15 6 6 6 
6 22 14 6 6 6 
6 22 15 6 6 6 
6 14 15 6 11 6 
6 14 15 6 11 6 
6 14 15 6 14 6 
6 14 15 6 15 6 
6 14 15 6 14 6 
6 14 15 15 6 6 
6 14 14 6 11 6 
6 14 14 6 11 6 
6 14 14 6 14 6 
6 14 14 6 15 6 
6 14 14 6 14 6 
6 14 14 15 6 6 
6 14 11 6 11 6 
6 14 11 6 11 6 
6 14 11 6 14 6 
6 14 11 6 15 6 
6 14 11 6 14 6 
6 14 11 15 6 6 
6 14 6 14 11 6 
6 14 6 14 6 14 
6 14 6 14 6 15 
6 14 6 14 6 14 
6 14 6 14 6 11 
6 14 6 14 6 6 
6 14 6 22 6 6 
6 14 6 24 6 6 
6 14 6 22 6 6 
6 14 6 22 6 6 
6 14 6 22 6 6 
6 14 6 18 6 6 
6 14 6 22 6 6 
6 14 6 25 6 6 
6 14 6 23 6 6 
6 14 6 25 6 6 
6 14 6 25 6 6 
6 14 6 22 6 6 
6 14 6 20 6 6 
6 14 6 24 6 6 
6 14 6 22 6 6 
6 14 6 25 6 6 
6 14 6 25 6 6 
6 14 6 22 6 6 
6 14 6 15 6 6 
6 14 6 20 6 6 
6 14 6 17 6 6 
6 14 6 22 6 6 
6 14 6 21 6 6 
6 14 6 17 6 6 
6 14 6 14 6 6 
6 14 6 14 11 6 
6 14 6 14 11 6 
6 14 6 14 14 6 
6 14 6 14 15 6 
6 14 6 14 14 6 
6 14 6 15 11 6 
6 14 6 15 11 6 
6 14 6 15 14 6 
6 14 6 15 15 6 
6 14 6 15 14 6 
6 14 6 14 11 6 
6 14 6 14 11 6 
6 14 6 14 14 6 
6 14 6 14 15 6 
6 14 6 14 14 6 
6 14 6 11 11 6 
6 14 6 11 11 6 
6 14 6 11 14 6 
6 14 6 11 15 6 
6 14 6 11 14 6 
6 14 6 6 11 6 
6 14 6 6 11 6 
6 14 6 6 14 6 
6 14 6 6 15 6 
6 14 6 6 14 6 
6 14 6 15 11 6 
6 14 6 15 6 14 
6 14 6 15 6 15 
6 14 6 15 6 14 
6 14 6 15 6 11 
6 14 6 15 14 6 
6 14 6 15 15 6 
6 14 6 15 14 6 
6 14 6 15 11 6 
6 14 6 15 6 6 
6 14 6 22 6 6 
6 14 6 25 6 6 
6 14 6 25 6 6 
6 14 6 23 6 6 
6 14 6 25 6 6 
6 14 6 22 6 6 
6 14 6 21 6 6 
6 14 6 25 6 6 
6 14 6 25 6 6 
6 14 6 25 6 6 
6 14 6 27 6 6 
6 14 6 25 6 6 
6 14 6 17 6 6 
6 14 6 22 6 6 
6 14 6 22 6 6 
6 14 6 23 6 6 
6 14 6 25 6 6 
6 14 6 23 6 6 
6 14 14 15 6 6 
6 14 14 14 6 6 
6 14 14 11 6 6 
6 14 14 6 11 6 
6 14 14 6 6 14 
6 14 14 6 6 15 
6 14 14 6 6 14 
6 14 14 6 6 11 
6 14 14 6 14 6 
6 14 14 6 15 6 
6 14 14 6 14 6 
6 14 14 6 11 6 
6 14 14 6 6 6 
6 14 20 6 6 6 
6 14 24 6 6 6 
6 14 25 6 6 6 
6 14 22 6 6 6 
6 14 25 6 6 6 
6 14 22 6 6 6 
6 14 17 6 6 6 
6 14 22 6 6 6 
6 14 23 6 6 6 
6 14 22 6 6 6 
6 14 25 6 6 6 
6 14 23 6 6 6 
6 17 14 6 6 6 
6 17 15 6 6 6 
6 11 15 6 15 6 
6 11 14 6 15 6 
6 11 11 6 15 6 
6 11 6 14 11 6 
6 11 6 14 6 14 
6 11 6 14 6 15 
6 11 6 14 6 14 
6 11 6 14 6 11 
6 11 6 14 6 6 
6 11 6 22 6 6 
6 11 6 24 6 6 
6 11 6 22 6 6 
6 11 6 22 6 6 
6 11 6 22 6 6 
6 11 6 18 6 6 
6 11 6 22 6 6 
6 11 6 25 6 6 
6 11 6 23 6 6 
6 11 6 25 6 6 
6 11 6 25 6 6 
6 11 6 22 6 6 
6 11 6 20 6 6 
6 11 6 24 6 6 
6 11 6 22 6 6 
6 11 6 25 6 6 
6 11 6 25 6 6 
6 11 6 22 6 6 
6 11 6 15 6 6 
6 11 6 20 6 6 
6 11 6 17 6 6 
6 11 6 22 6 6 
6 11 6 21 6 6 
6 11 6 17 6 6 
6 11 6 14 6 6 
6 11 6 14 11 6 
6 11 6 14 11 6 
6 11 6 14 14 6 
6 11 6 14 15 6 
6 11 6 14 14 6 
6 11 6 15 11 6 
6 11 6 15 11 6 
6 11 6 15 14 6 
6 11 6 15 15 6 
6 11 6 15 14 6 
6 11 6 14 11 6 
6 11 6 14 11 6 
6 11 6 14 14 6 
6 11 6 14 15 6 
6 11 6 14 14 6 
6 11 6 11 15 6 
6 11 6 6 15 6 
6 11 6 15 11 6 
6 11 6 15 6 14 
6 11 6 15 6 15 
6 11 6 15 6 14 
6 11 6 15 6 11 
6 11 6 15 14 6 
6 11 6 15 15 6 
6 11 6 15 14 6 
6 11 6 22 6 6 
6 11 6 25 6 6 
6 11 6 25 6 6 
6 11 6 23 6 6 
6 11 6 25 6 6 
6 11 6 22 6 6 
6 11 6 21 6 6 
6 11 6 25 6 6 
6 11 6 25 6 6 
6 11 6 25 6 6 
6 11 6 27 6 6 
6 11 6 25 6 6 
6 11 6 17 6 6 
6 11 6 22 6 6 
6 11 6 22 6 6 
6 11 6 23 6 6 
6 11 6 25 6 6 
6 11 6 23 6 6 
6 11 14 6 11 6 
6 11 14 6 6 14 
6 11 14 6 6 15 
6 11 14 6 6 14 
6 11 14 6 6 11 
6 11 14 6 14 6 
6 11 14 6 15 6 
6 11 14 6 14 6 
6 11 20 6 6 6 
6 11 24 6 6 6 
6 11 25 6 6 6 
6 11 22 6 6 6 
6 11 25 6 6 6 
6 11 22 6 6 6 
6 11 17 6 6 6 
6 11 22 6 6 6 
6 11 23 6 6 6 
6 11 22 6 6 6 
6 11 25 6 6 6 
6 11 23 6 6 6 
6 14 14 14 6 6 
6 14 14 11 6 6 
6 14 14 6 11 6 
6 14 14 6 11 6 
6 14 14 6 14 6 
6 14 14 6 15 6 
6 14 14 6 14 6 
6 14 14 6 11 6 
6 14 14 6 14 6 
6 14 14 15 6 6 
6 14 14 15 6 6 
6 14 15 14 6 6 
6 14 15 11 6 6 
6 14 15 6 11 6 
6 14 15 6 11 6 
6 14 15 6 14 6 
6 14 15 6 15 6 
6 14 15 6 14 6 
6 14 15 6 11 6 
6 14 15 6 14 6 
6 14 15 15 6 6 
6 14 15 15 6 6 
6 14 14 6 11 6 
6 14 14 6 11 6 
6 14 14 6 14 6 
6 14 14 6 15 6 
6 14 14 6 14 6 
6 14 14 15 6 6 
6 14 11 6 15 6 
6 11 14 15 6 6 
6 11 14 15 6 6 
6 11 15 15 6 6 
6 11 15 15 6 6 
6 11 14 15 6 6 
6 6 15 14 11 6 
6 6 15 14 6 14 
6 6 15 14 6 15 
6 6 15 14 6 14 
6 6 15 14 6 11 
6 6 15 14 6 6 
6 6 15 11 11 6 
6 6 15 11 6 14 
6 6 15 11 6 15 
6 6 15 11 6 14 
6 6 15 11 6 11 
6 6 15 11 6 6 
6 6 15 14 14 6 
6 6 15 14 11 6 
6 6 15 15 14 6 
6 6 15 15 11 6 
6 6 15 14 14 6 
6 6 15 14 11 6 
6 6 15 6 17 6 
6 6 15 6 21 6 
6 6 15 6 17 6 
6 6 15 6 22 6 
6 6 15 6 20 6 
6 6 15 6 15 6 
6 6 15 6 21 6 
6 6 15 6 20 6 
6 6 15 6 17 6 
6 6 15 6 11 6 
6 6 15 6 15 6 
6 6 15 6 15 11 
6 6 15 6 15 14 
6 6 15 6 15 15 
6 6 15 6 15 14 
6 6 15 6 15 11 
6 6 15 6 15 6 
6 6 15 6 14 14 
6 6 15 6 14 15 
6 6 15 6 14 14 
6 6 15 6 14 11 
6 6 15 6 14 6 
6 6 15 6 11 14 
6 6 15 6 11 15 
6 6 15 6 11 14 
6 6 15 6 11 11 
6 6 15 6 11 6 
6 6 15 6 6 14 
6 6 15 6 6 11 
6 6 15 6 6 6 
6 6 15 6 22 6 
6 6 15 6 22 6 
6 6 15 6 18 6 
6 6 15 6 25 6 
6 6 15 6 25 6 
6 6 15 6 22 6 
6 6 15 6 22 6 
6 6 15 6 23 6 
6 6 15 6 22 6 
6 6 15 6 25 6 
6 6 15 6 25 6 
6 6 15 6 22 6 
6 6 15 6 24 6 
6 6 15 6 25 6 
6 6 15 6 24 6 
6 6 15 6 20 6 
6 6 15 6 22 6 
6 6 15 6 22 6 
6 6 15 6 22 6 
6 6 15 6 21 6 
6 6 15 6 17 6 
6 6 15 6 22 6 
6 6 15 6 22 6 
6 6 15 6 20 6 
6 6 15 6 20 6 
6 6 15 6 21 6 
6 6 15 6 20 6 
6 6 15 6 14 6 
6 6 15 6 15 6 
6 6 15 6 14 6 
6 6 21 6 15 6 
6 6 22 6 15 6 
6 6 21 6 15 6 
6 6 17 6 15 6 
6 6 22 14 6 6 
6 6 22 11 6 6 
6 6 22 6 15 6 
6 6 22 6 14 6 
6 6 22 6 11 6 
6 6 25 14 6 6 
6 6 25 11 6 6 
6 6 25 6 15 6 
6 6 25 6 14 6 
6 6 25 6 11 6 
6 6 25 14 6 6 
6 6 25 11 6 6 
6 6 25 6 15 6 
6 6 25 6 14 6 
6 6 25 6 11 6 
6 6 22 14 6 6 
6 6 22 11 6 6 
6 6 22 6 15 6 
6 6 22 6 14 6 
6 6 22 6 11 6 
6 6 23 14 6 6 
6 6 23 11 6 6 
6 6 23 6 6 6 
6 6 23 6 11 6 
6 6 23 6 11 6 
6 6 23 6 14 6 
6 6 23 6 15 6 
6 6 23 6 14 6 
6 6 23 6 11 6 
6 6 23 6 14 6 
6 6 23 15 6 6 
6 6 25 14 6 6 
6 6 25 11 6 6 
6 6 25 6 11 6 
6 6 25 6 11 6 
6 6 25 6 14 6 
6 6 25 6 15 6 
6 6 25 6 14 6 
6 6 25 6 11 6 
6 6 25 6 14 6 
6 6 25 15 6 6 
6 6 23 14 6 6 
6 6 23 11 6 6 
6 6 23 6 11 6 
6 6 23 6 11 6 
6 6 23 6 14 6 
6 6 23 6 15 6 
6 6 23 6 14 6 
6 6 23 6 11 6 
6 6 23 6 14 6 
6 6 23 15 6 6 
6 6 22 14 6 6 
6 6 22 11 6 6 
6 6 22 6 11 6 
6 6 22 6 11 6 
6 6 22 6 14 6 
6 6 22 6 15 6 
6 6 22 6 14 6 
6 6 22 6 11 6 
6 6 22 6 14 6 
6 6 22 15 6 6 
6 6 22 14 6 6 
6 6 22 11 6 6 
6 6 22 6 11 6 
6 6 22 6 11 6 
6 6 22 6 14 6 
6 6 22 6 15 6 
6 6 22 6 14 6 
6 6 22 6 11 6 
6 6 22 6 14 6 
6 6 22 15 6 6 
6 6 17 14 6 6 
6 6 17 11 6 6 
6 6 17 6 11 6 
6 6 17 6 11 6 
6 6 17 6 14 6 
6 6 17 6 15 6 
6 6 17 6 14 6 
6 6 17 6 11 6 
6 6 17 6 14 6 
6 6 17 15 6 6 
6 6 21 14 6 6 
6 6 21 11 6 6 
6 6 21 6 15 6 
6 6 21 6 14 6 
6 6 21 6 11 6 
6 6 25 14 6 6 
6 6 25 11 6 6 
6 6 25 6 15 6 
6 6 25 6 14 6 
6 6 25 6 11 6 
6 6 25 14 6 6 
6 6 25 11 6 6 
6 6 25 6 15 6 
6 6 25 6 14 6 
6 6 25 6 11 6 
6 6 22 14 6 6 
6 6 22 11 6 6 
6 6 22 6 15 6 
6 6 22 6 14 6 
6 6 22 6 11 6 
6 6 25 14 6 6 
6 6 25 11 6 6 
6 6 25 6 6 6 
6 6 25 6 11 6 
6 6 25 6 11 6 
6 6 25 6 14 6 
6 6 25 6 15 6 
6 6 25 6 14 6 
6 6 25 6 11 6 
6 6 25 6 14 6 
6 6 25 15 6 6 
6 6 27 14 6 6 
6 6 27 11 6 6 
6 6 27 6 11 6 
6 6 27 6 11 6 
6 6 27 6 14 6 
6 6 27 6 15 6 
6 6 27 6 14 6 
6 6 27 6 11 6 
6 6 27 6 14 6 
6 6 27 15 6 6 
6 6 25 14 6 6 
6 6 25 11 6 6 
6 6 25 6 11 6 
6 6 25 6 11 6 
6 6 25 6 14 6 
6 6 25 6 15 6 
6 6 25 6 14 6 
6 6 25 6 11 6 
6 6 25 6 14 6 
6 6 25 15 6 6 
6 6 25 14 6 6 
6 6 25 11 6 6 
6 6 25 6 11 6 
6 6 25 6 11 6 
6 6 25 6 14 6 
6 6 25 6 15 6 
6 6 25 6 14 6 
6 6 25 6 11 6 
6 6 25 6 14 6 
6 6 25 15 6 6 
6 6 25 14 6 6 
6 6 25 11 6 6 
6 6 25 6 11 6 
6 6 25 6 11 6 
6 6 25 6 14 6 
6 6 25 6 15 6 
6 6 25 6 14 6 
6 6 25 6 11 6 
6 6 25 6 14 6 
6 6 25 15 6 6 
6 6 21 14 6 6 
6 6 21 11 6 6 
6 6 21 6 11 6 
6 6 21 6 11 6 
6 6 21 6 14 6 
6 6 21 6 15 6 
6 6 21 6 14 6 
6 6 21 6 11 6 
6 6 21 6 14 6 
6 6 21 15 6 6 
6 6 22 6 6 6 
6 6 22 6 11 6 
6 6 22 6 11 6 
6 6 22 6 14 6 
6 6 22 6 15 6 
6 6 22 6 14 6 
6 6 22 15 6 6 
6 6 25 6 11 6 
6 6 25 6 11 6 
6 6 25 6 14 6 
6 6 25 6 15 6 
6 6 25 6 14 6 
6 6 25 15 6 6 
6 6 23 6 11 6 
6 6 23 6 11 6 
6 6 23 6 14 6 
6 6 23 6 15 6 
6 6 23 6 14 6 
6 6 23 15 6 6 
6 6 25 6 11 6 
6 6 25 6 11 6 
6 6 25 6 14 6 
6 6 25 6 15 6 
6 6 25 6 14 6 
6 6 25 15 6 6 
6 6 25 6 11 6 
6 6 25 6 11 6 
6 6 25 6 14 6 
6 6 25 6 15 6 
6 6 25 6 14 6 
6 6 25 15 6 6 
6 6 22 6 11 6 
6 6 22 6 11 6 
6 6 22 6 14 6 
6 6 22 6 15 6 
6 6 22 6 14 6 
6 6 22 15 6 6 
6 6 21 6 15 6 
6 6 22 6 15 6 
6 6 21 6 15 6 
6 6 15 6 15 6 
6 6 17 14 6 6 
6 6 17 11 6 6 
6 6 17 6 15 6 
6 6 17 6 14 6 
6 6 17 6 11 6 
6 6 17 6 6 6 
6 6 22 14 6 6 
6 6 22 11 6 6 
6 6 22 6 15 6 
6 6 22 6 14 6 
6 6 22 6 11 6 
6 6 22 6 6 6 
6 6 22 14 6 6 
6 6 22 11 6 6 
6 6 22 6 15 6 
6 6 22 6 14 6 
6 6 22 6 11 6 
6 6 22 6 6 6 
6 6 18 14 6 6 
6 6 18 11 6 6 
6 6 18 6 15 6 
6 6 18 6 14 6 
6 6 18 6 11 6 
6 6 18 6 6 6 
6 6 23 14 6 6 
6 6 23 11 6 6 
6 6 23 6 6 6 
6 6 23 6 11 6 
6 6 23 6 11 6 
6 6 23 6 14 6 
6 6 23 6 15 6 
6 6 23 6 14 6 
6 6 23 6 11 6 
6 6 23 6 6 6 
6 6 23 6 14 6 
6 6 23 15 6 6 
6 6 25 14 6 6 
6 6 25 11 6 6 
6 6 25 6 11 6 
6 6 25 6 11 6 
6 6 25 6 14 6 
6 6 25 6 15 6 
6 6 25 6 14 6 
6 6 25 6 11 6 
6 6 25 6 6 6 
6 6 25 6 14 6 
6 6 25 15 6 6 
6 6 22 14 6 6 
6 6 22 11 6 6 
6 6 22 6 11 6 
6 6 22 6 11 6 
6 6 22 6 14 6 
6 6 22 6 15 6 
6 6 22 6 14 6 
6 6 22 6 11 6 
6 6 22 6 6 6 
6 6 22 6 14 6 
6 6 22 15 6 6 
6 6 23 14 6 6 
6 6 23 11 6 6 
6 6 23 6 11 6 
6 6 23 6 11 6 
6 6 23 6 14 6 
6 6 23 6 15 6 
6 6 23 6 14 6 
6 6 23 6 11 6 
6 6 23 6 6 6 
6 6 23 6 14 6 
6 6 23 15 6 6 
6 6 22 14 6 6 
6 6 22 11 6 6 
6 6 22 6 11 6 
6 6 22 6 11 6 
6 6 22 6 14 6 
6 6 22 6 15 6 
6 6 22 6 14 6 
6 6 22 6 11 6 
6 6 22 6 6 6 
6 6 22 6 14 6 
6 6 22 15 6 6 
6 6 17 14 6 6 
6 6 17 11 6 6 
6 6 17 6 11 6 
6 6 17 6 11 6 
6 6 17 6 14 6 
6 6 17 6 15 6 
6 6 17 6 14 6 
6 6 17 6 11 6 
6 6 17 6 6 6 
6 6 17 6 14 6 
6 6 17 15 6 6 
6 6 22 6 6 6 
6 6 22 6 11 6 
6 6 22 6 11 6 
6 6 22 6 14 6 
6 6 22 6 15 6 
6 6 22 6 14 6 
6 6 22 15 6 6 
6 6 25 6 11 6 
6 6 25 6 11 6 
6 6 25 6 14 6 
6 6 25 6 15 6 
6 6 25 6 14 6 
6 6 25 15 6 6 
6 6 22 6 11 6 
6 6 22 6 11 6 
6 6 22 6 14 6 
6 6 22 6 15 6 
6 6 22 6 14 6 
6 6 22 15 6 6 
6 6 25 6 11 6 
6 6 25 6 11 6 
6 6 25 6 14 6 
6 6 25 6 15 6 
6 6 25 6 14 6 
6 6 25 15 6 6 
6 6 24 6 11 6 
6 6 24 6 11 6 
6 6 24 6 14 6 
6 6 24 6 15 6 
6 6 24 6 14 6 
6 6 24 15 6 6 
6 6 20 6 11 6 
6 6 20 6 11 6 
6 6 20 6 14 6 
6 6 20 6 15 6 
6 6 20 6 14 6 
6 6 20 15 6 6 
6 6 22 6 15 6 
6 6 22 6 15 6 
6 6 20 6 15 6 
6 6 14 6 15 6 
6 6 17 6 6 6 
6 6 17 6 11 6 
6 6 17 6 11 6 
6 6 17 6 14 6 
6 6 17 6 15 6 
6 6 17 6 14 6 
6 6 17 15 6 6 
6 6 21 6 11 6 
6 6 21 6 11 6 
6 6 21 6 14 6 
6 6 21 6 15 6 
6 6 21 6 14 6 
6 6 21 15 6 6 
6 6 17 6 11 6 
6 6 17 6 11 6 
6 6 17 6 14 6 
6 6 17 6 15 6 
6 6 17 6 14 6 
6 6 17 15 6 6 
6 6 22 6 11 6 
6 6 22 6 11 6 
6 6 22 6 14 6 
6 6 22 6 15 6 
6 6 22 6 14 6 
6 6 22 15 6 6 
6 6 20 6 11 6 
6 6 20 6 11 6 
6 6 20 6 14 6 
6 6 20 6 15 6 
6 6 20 6 14 6 
6 6 20 15 6 6 
6 6 15 6 11 6 
6 6 15 6 11 6 
6 6 15 6 14 6 
6 6 15 6 15 6 
6 6 15 6 14 6 
6 6 15 15 6 6 
6 6 21 6 15 6 
6 6 20 6 15 6 
6 6 17 6 15 6 
6 6 11 6 15 6 
6 6 15 11 6 6 
6 6 15 11 11 6 
6 6 15 11 11 6 
6 6 15 14 11 6 
6 6 15 15 11 6 
6 6 15 6 14 6 
6 6 15 6 15 6 
6 6 15 6 14 6 
6 6 15 6 11 6 
6 6 15 6 6 6 
6 6 15 6 11 14 
6 6 15 6 11 15 
6 6 15 6 11 14 
6 6 15 6 11 11 
6 6 15 6 11 6 
6 6 15 6 20 6 
6 6 15 6 20 6 
6 6 15 6 17 6 
6 6 15 6 21 6 
6 6 15 6 22 6 
6 6 15 6 21 6 
6 6 15 6 20 6 
6 6 15 6 22 6 
6 6 15 6 22 6 
6 6 15 6 17 6 
6 6 15 6 20 6 
6 6 15 6 21 6 
6 6 15 6 11 6 
6 6 15 6 14 6 
6 6 15 6 15 6 
6 6 15 14 11 6 
6 6 15 14 6 14 
6 6 15 14 6 15 
6 6 15 14 6 14 
6 6 15 14 6 11 
6 6 15 14 6 6 
6 6 15 22 6 6 
6 6 15 24 6 6 
6 6 15 22 6 6 
6 6 15 22 6 6 
6 6 15 22 6 6 
6 6 15 18 6 6 
6 6 15 22 6 6 
6 6 15 25 6 6 
6 6 15 23 6 6 
6 6 15 25 6 6 
6 6 15 25 6 6 
6 6 15 22 6 6 
6 6 15 20 6 6 
6 6 15 24 6 6 
6 6 15 22 6 6 
6 6 15 25 6 6 
6 6 15 25 6 6 
6 6 15 22 6 6 
6 6 15 15 6 6 
6 6 15 20 6 6 
6 6 15 17 6 6 
6 6 15 22 6 6 
6 6 15 21 6 6 
6 6 15 17 6 6 
6 6 15 14 6 6 
6 6 15 14 11 6 
6 6 15 14 11 6 
6 6 15 14 14 6 
6 6 15 14 15 6 
6 6 15 14 14 6 
6 6 15 15 11 6 
6 6 15 15 11 6 
6 6 15 15 14 6 
6 6 15 15 15 6 
6 6 15 15 14 6 
6 6 15 14 11 6 
6 6 15 14 11 6 
6 6 15 14 14 6 
6 6 15 14 15 6 
6 6 15 14 14 6 
6 6 15 11 15 6 
6 6 15 6 15 6 
6 6 15 15 11 6 
6 6 15 15 6 14 
6 6 15 15 6 15 
6 6 15 15 6 14 
6 6 15 15 6 11 
6 6 15 15 14 6 
6 6 15 15 15 6 
6 6 15 15 14 6 
6 6 15 22 6 6 
6 6 15 25 6 6 
6 6 15 25 6 6 
6 6 15 22 6 6 
6 6 15 23 6 6 
6 6 15 25 6 6 
6 6 15 23 6 6 
6 6 15 22 6 6 
6 6 15 22 6 6 
6 6 15 17 6 6 
6 6 15 21 6 6 
6 6 15 25 6 6 
6 6 15 25 6 6 
6 6 15 22 6 6 
6 6 15 25 6 6 
6 6 15 27 6 6 
6 6 15 25 6 6 
6 6 15 25 6 6 
6 6 15 25 6 6 
6 6 15 21 6 6 
6 6 15 17 6 6 
6 6 15 22 6 6 
6 6 15 22 6 6 
6 6 15 18 6 6 
6 6 15 23 6 6 
6 6 15 25 6 6 
6 6 15 22 6 6 
6 6 15 23 6 6 
6 6 15 22 6 6 
6 6 15 17 6 6 
6 6 14 14 11 6 
6 6 14 14 6 14 
6 6 14 14 6 15 
6 6 14 14 6 14 
6 6 14 14 6 11 
6 6 14 14 6 6 
6 6 14 22 6 6 
6 6 14 24 6 6 
6 6 14 22 6 6 
6 6 14 22 6 6 
6 6 14 22 6 6 
6 6 14 18 6 6 
6 6 14 22 6 6 
6 6 14 25 6 6 
6 6 14 23 6 6 
6 6 14 25 6 6 
6 6 14 25 6 6 
6 6 14 22 6 6 
6 6 14 20 6 6 
6 6 14 24 6 6 
6 6 14 22 6 6 
6 6 14 25 6 6 
6 6 14 25 6 6 
6 6 14 22 6 6 
6 6 14 15 6 6 
6 6 14 20 6 6 
6 6 14 17 6 6 
6 6 14 22 6 6 
6 6 14 21 6 6 
6 6 14 17 6 6 
6 6 14 14 6 6 
6 6 14 14 11 6 
6 6 14 14 11 6 
6 6 14 14 14 6 
6 6 14 14 15 6 
6 6 14 14 14 6 
6 6 14 15 11 6 
6 6 14 15 11 6 
6 6 14 15 14 6 
6 6 14 15 15 6 
6 6 14 15 14 6 
6 6 14 14 11 6 
6 6 14 14 11 6 
6 6 14 14 14 6 
6 6 14 14 15 6 
6 6 14 14 14 6 
6 6 14 11 15 6 
6 6 14 6 15 6 
6 6 14 15 11 6 
6 6 14 15 6 14 
6 6 14 15 6 15 
6 6 14 15 6 14 
6 6 14 15 6 11 
6 6 14 15 14 6 
6 6 14 15 15 6 
6 6 14 15 14 6 
6 6 14 22 6 6 
6 6 14 25 6 6 
6 6 14 25 6 6 
6 6 14 23 6 6 
6 6 14 25 6 6 
6 6 14 22 6 6 
6 6 14 21 6 6 
6 6 14 25 6 6 
6 6 14 25 6 6 
6 6 14 25 6 6 
6 6 14 27 6 6 
6 6 14 25 6 6 
6 6 14 17 6 6 
6 6 14 22 6 6 
6 6 14 22 6 6 
6 6 14 23 6 6 
6 6 14 25 6 6 
6 6 14 23 6 6 
6 6 11 14 11 6 
6 6 11 14 6 14 
6 6 11 14 6 15 
6 6 11 14 6 14 
6 6 11 14 6 11 
6 6 11 14 6 6 
6 6 11 22 6 6 
6 6 11 24 6 6 
6 6 11 22 6 6 
6 6 11 22 6 6 
6 6 11 22 6 6 
6 6 11 18 6 6 
6 6 11 22 6 6 
6 6 11 25 6 6 
6 6 11 23 6 6 
6 6 11 25 6 6 
6 6 11 25 6 6 
6 6 11 22 6 6 
6 6 11 20 6 6 
6 6 11 24 6 6 
6 6 11 22 6 6 
6 6 11 25 6 6 
6 6 11 25 6 6 
6 6 11 22 6 6 
6 6 11 15 6 6 
6 6 11 20 6 6 
6 6 11 17 6 6 
6 6 11 22 6 6 
6 6 11 21 6 6 
6 6 11 17 6 6 
6 6 11 14 6 6 
6 6 11 14 11 6 
6 6 11 14 11 6 
6 6 11 14 14 6 
6 6 11 14 15 6 
6 6 11 14 14 6 
6 6 11 15 11 6 
6 6 11 15 11 6 
6 6 11 15 14 6 
6 6 11 15 15 6 
6 6 11 15 14 6 
6 6 11 14 11 6 
6 6 11 14 11 6 
6 6 11 14 14 6 
6 6 11 14 15 6 
6 6 11 14 14 6 
6 6 11 11 15 6 
6 6 11 6 15 6 
6 6 11 15 11 6 
6 6 11 15 6 14 
6 6 11 15 6 15 
6 6 11 15 6 14 
6 6 11 15 6 11 
6 6 11 15 14 6 
6 6 11 15 15 6 
6 6 11 15 14 6 
6 6 11 22 6 6 
6 6 11 25 6 6 
6 6 11 25 6 6 
6 6 11 23 6 6 
6 6 11 25 6 6 
6 6 11 22 6 6 
6 6 11 21 6 6 
6 6 11 25 6 6 
6 6 11 25 6 6 
6 6 11 25 6 6 
6 6 11 27 6 6 
6 6 11 25 6 6 
6 6 11 17 6 6 
6 6 11 22 6 6 
6 6 11 22 6 6 
6 6 11 23 6 6 
6 6 11 25 6 6 
6 6 11 23 6 6 
6 6 6 18 6 6 
6 6 6 22 6 6 
6 6 6 22 6 6 
6 6 6 17 6 6 
6 6 6 14 11 6 
6 6 6 14 11 6 
6 6 6 14 14 6 
6 6 6 14 15 6 
6 6 6 14 14 6 
6 6 6 11 15 6 
6 6 6 6 15 6 
6 6 6 15 14 6 
6 6 6 22 6 6 
6 6 6 25 6 6 
6 6 6 23 6 6 
6 6 14 14 11 6 
6 6 14 14 6 14 
6 6 14 14 6 15 
6 6 14 14 6 14 
6 6 14 14 6 11 
6 6 14 14 6 6 
6 6 14 11 6 14 
6 6 14 11 6 15 
6 6 14 11 6 14 
6 6 14 14 14 6 
6 6 14 15 14 6 
6 6 14 14 14 6 
6 6 14 6 17 6 
6 6 14 6 21 6 
6 6 14 6 17 6 
6 6 14 6 22 6 
6 6 14 6 20 6 
6 6 14 6 15 6 
6 6 14 6 15 6 
6 6 14 6 15 11 
6 6 14 6 15 14 
6 6 14 6 15 15 
6 6 14 6 15 14 
6 6 14 6 14 14 
6 6 14 6 14 15 
6 6 14 6 14 14 
6 6 14 6 11 14 
6 6 14 6 11 15 
6 6 14 6 11 14 
6 6 14 6 6 14 
6 6 14 6 22 6 
6 6 14 6 22 6 
6 6 14 6 18 6 
6 6 14 6 25 6 
6 6 14 6 25 6 
6 6 14 6 22 6 
6 6 14 6 22 6 
6 6 14 6 23 6 
6 6 14 6 22 6 
6 6 14 6 25 6 
6 6 14 6 25 6 
6 6 14 6 22 6 
6 6 14 6 24 6 
6 6 14 6 25 6 
6 6 14 6 24 6 
6 6 14 6 20 6 
6 6 14 6 22 6 
6 6 14 6 22 6 
6 6 14 23 6 6 
6 6 14 25 6 6 
6 6 14 23 6 6 
6 6 14 22 6 6 
6 6 14 22 6 6 
6 6 14 17 6 6 
6 6 14 25 6 6 
6 6 14 27 6 6 
6 6 14 25 6 6 
6 6 14 25 6 6 
6 6 14 25 6 6 
6 6 14 21 6 6 
6 6 14 22 6 6 
6 6 14 25 6 6 
6 6 14 23 6 6 
6 6 14 25 6 6 
6 6 14 25 6 6 
6 6 14 22 6 6 
6 6 14 23 6 6 
6 6 14 25 6 6 
6 6 14 22 6 6 
6 6 14 23 6 6 
6 6 14 22 6 6 
6 6 14 17 6 6 
6 6 14 22 6 6 
6 6 14 25 6 6 
6 6 14 22 6 6 
6 6 14 25 6 6 
6 6 14 24 6 6 
6 6 14 20 6 6 
6 6 14 17 6 6 
6 6 14 21 6 6 
6 6 14 17 6 6 
6 6 14 22 6 6 
6 6 14 20 6 6 
6 6 14 15 6 6 
6 6 14 15 11 6 
6 6 14 15 6 14 
6 6 14 15 6 15 
6 6 14 15 6 14 
6 6 14 15 6 11 
6 6 14 15 14 6 
6 6 14 15 15 6 
6 6 14 15 14 6 
6 6 14 14 11 6 
6 6 14 14 6 14 
6 6 14 14 6 15 
6 6 14 14 6 14 
6 6 14 14 6 11 
6 6 14 14 14 6 
6 6 14 14 15 6 
6 6 14 14 14 6 
6 6 14 11 11 6 
6 6 14 11 6 14 
6 6 14 11 6 15 
6 6 14 11 6 14 
6 6 14 11 6 11 
6 6 14 11 14 6 
6 6 14 11 15 6 
6 6 14 11 14 6 
6 6 14 6 14 6 
6 6 20 6 15 6 
6 6 22 6 15 6 
6 6 22 6 15 6 
6 6 20 6 15 6 
6 6 20 14 6 6 
6 6 20 11 6 6 
6 6 20 6 15 6 
6 6 20 6 14 6 
6 6 20 6 11 6 
6 6 20 15 6 6 
6 6 20 14 6 6 
6 6 20 11 6 6 
6 6 24 14 6 6 
6 6 24 11 6 6 
6 6 24 6 15 6 
6 6 24 6 14 6 
6 6 24 6 11 6 
6 6 24 15 6 6 
6 6 24 14 6 6 
6 6 24 11 6 6 
6 6 25 14 6 6 
6 6 25 11 6 6 
6 6 25 6 15 6 
6 6 25 6 14 6 
6 6 25 6 11 6 
6 6 25 15 6 6 
6 6 25 14 6 6 
6 6 25 11 6 6 
6 6 24 14 6 6 
6 6 24 11 6 6 
6 6 24 6 15 6 
6 6 24 6 14 6 
6 6 24 6 11 6 
6 6 24 15 6 6 
6 6 20 15 6 6 
6 6 22 14 6 6 
6 6 22 11 6 6 
6 6 22 6 6 6 
6 6 22 6 11 6 
6 6 22 6 11 6 
6 6 22 6 14 6 
6 6 22 6 15 6 
6 6 22 6 14 6 
6 6 22 6 11 6 
6 6 22 6 14 6 
6 6 22 15 6 6 
6 6 22 15 6 6 
6 6 22 14 6 6 
6 6 22 11 6 6 
6 6 25 14 6 6 
6 6 25 11 6 6 
6 6 25 6 11 6 
6 6 25 6 11 6 
6 6 25 6 14 6 
6 6 25 6 15 6 
6 6 25 6 14 6 
6 6 25 6 11 6 
6 6 25 6 14 6 
6 6 25 15 6 6 
6 6 25 15 6 6 
6 6 25 14 6 6 
6 6 25 11 6 6 
6 6 25 14 6 6 
6 6 25 11 6 6 
6 6 25 6 11 6 
6 6 25 6 11 6 
6 6 25 6 14 6 
6 6 25 6 15 6 
6 6 25 6 14 6 
6 6 25 6 11 6 
6 6 25 6 14 6 
6 6 25 15 6 6 
6 6 25 15 6 6 
6 6 22 15 6 6 
6 6 22 15 6 6 
6 6 22 14 6 6 
6 6 22 11 6 6 
6 6 22 6 11 6 
6 6 22 6 11 6 
6 6 22 6 14 6 
6 6 22 6 15 6 
6 6 22 6 14 6 
6 6 22 6 11 6 
6 6 22 6 14 6 
6 6 22 15 6 6 
6 6 22 15 6 6 
6 6 22 14 6 6 
6 6 22 11 6 6 
6 6 22 6 6 6 
6 6 24 14 6 6 
6 6 24 11 6 6 
6 6 24 6 11 6 
6 6 24 6 11 6 
6 6 24 6 14 6 
6 6 24 6 15 6 
6 6 24 6 14 6 
6 6 24 6 11 6 
6 6 24 6 14 6 
6 6 24 15 6 6 
6 6 24 15 6 6 
6 6 22 15 6 6 
6 6 22 15 6 6 
6 6 20 14 6 6 
6 6 20 11 6 6 
6 6 20 6 11 6 
6 6 20 6 11 6 
6 6 20 6 14 6 
6 6 20 6 15 6 
6 6 20 6 14 6 
6 6 20 6 11 6 
6 6 20 6 14 6 
6 6 20 15 6 6 
6 6 20 15 6 6 
6 6 20 15 6 6 
6 6 20 15 6 6 
6 6 14 15 6 6 
6 6 14 15 6 6 
6 6 17 14 6 6 
6 6 17 11 6 6 
6 6 17 6 15 6 
6 6 17 6 14 6 
6 6 17 6 11 6 
6 6 17 15 6 6 
6 6 17 14 6 6 
6 6 17 11 6 6 
6 6 22 14 6 6 
6 6 22 11 6 6 
6 6 22 6 15 6 
6 6 22 6 14 6 
6 6 22 6 11 6 
6 6 22 15 6 6 
6 6 22 14 6 6 
6 6 22 11 6 6 
6 6 23 14 6 6 
6 6 23 11 6 6 
6 6 23 6 15 6 
6 6 23 6 14 6 
6 6 23 6 11 6 
6 6 23 15 6 6 
6 6 23 14 6 6 
6 6 23 11 6 6 
6 6 22 14 6 6 
6 6 22 11 6 6 
6 6 22 6 15 6 
6 6 22 6 14 6 
6 6 22 6 11 6 
6 6 22 15 6 6 
6 6 17 15 6 6 
6 6 22 14 6 6 
6 6 22 11 6 6 
6 6 22 6 6 6 
6 6 22 6 11 6 
6 6 22 6 11 6 
6 6 22 6 14 6 
6 6 22 6 15 6 
6 6 22 6 14 6 
6 6 22 6 11 6 
6 6 22 6 14 6 
6 6 22 15 6 6 
6 6 22 15 6 6 
6 6 22 14 6 6 
6 6 22 11 6 6 
6 6 25 14 6 6 
6 6 25 11 6 6 
6 6 25 6 11 6 
6 6 25 6 11 6 
6 6 25 6 14 6 
6 6 25 6 15 6 
6 6 25 6 14 6 
6 6 25 6 11 6 
6 6 25 6 14 6 
6 6 25 15 6 6 
6 6 25 15 6 6 
6 6 25 14 6 6 
6 6 25 11 6 6 
6 6 25 14 6 6 
6 6 25 11 6 6 
6 6 25 6 11 6 
6 6 25 6 11 6 
6 6 25 6 14 6 
6 6 25 6 15 6 
6 6 25 6 14 6 
6 6 25 6 11 6 
6 6 25 6 14 6 
6 6 25 15 6 6 
6 6 25 15 6 6 
6 6 21 15 6 6 
6 6 21 15 6 6 
6 6 23 14 6 6 
6 6 23 11 6 6 
6 6 23 6 11 6 
6 6 23 6 11 6 
6 6 23 6 14 6 
6 6 23 6 15 6 
6 6 23 6 14 6 
6 6 23 6 11 6 
6 6 23 6 14 6 
6 6 23 15 6 6 
6 6 23 15 6 6 
6 6 23 14 6 6 
6 6 23 11 6 6 
6 6 23 6 6 6 
6 6 25 14 6 6 
6 6 25 11 6 6 
6 6 25 6 11 6 
6 6 25 6 11 6 
6 6 25 6 14 6 
6 6 25 6 15 6 
6 6 25 6 14 6 
6 6 25 6 11 6 
6 6 25 6 14 6 
6 6 25 15 6 6 
6 6 25 15 6 6 
6 6 22 15 6 6 
6 6 22 15 6 6 
6 6 22 14 6 6 
6 6 22 11 6 6 
6 6 22 6 11 6 
6 6 22 6 11 6 
6 6 22 6 14 6 
6 6 22 6 15 6 
6 6 22 6 14 6 
6 6 22 6 11 6 
6 6 22 6 14 6 
6 6 22 15 6 6 
6 6 22 15 6 6 
6 6 21 15 6 6 
6 6 21 15 6 6 
6 6 15 15 6 6 
6 6 15 15 6 6 
6 6 18 6 6 6 
6 6 18 6 11 6 
6 6 18 6 11 6 
6 6 18 6 14 6 
6 6 18 6 15 6 
6 6 18 6 14 6 
6 6 18 15 6 6 
6 6 22 6 11 6 
6 6 22 6 11 6 
6 6 22 6 14 6 
6 6 22 6 15 6 
6 6 22 6 14 6 
6 6 22 15 6 6 
6 6 22 6 11 6 
6 6 22 6 11 6 
6 6 22 6 14 6 
6 6 22 6 15 6 
6 6 22 6 14 6 
6 6 22 15 6 6 
6 6 17 15 6 6 
6 6 22 6 11 6 
6 6 22 6 11 6 
6 6 22 6 14 6 
6 6 22 6 15 6 
6 6 22 6 14 6 
6 6 22 15 6 6 
6 6 24 6 11 6 
6 6 24 6 11 6 
6 6 24 6 14 6 
6 6 24 6 15 6 
6 6 24 6 14 6 
6 6 24 15 6 6 
6 6 20 15 6 6 
6 6 22 6 11 6 
6 6 22 6 11 6 
6 6 22 6 14 6 
6 6 22 6 15 6 
6 6 22 6 14 6 
6 6 22 15 6 6 
6 6 20 15 6 6 
6 6 14 15 6 6 
6 6 17 6 15 6 
6 6 20 6 15 6 
6 6 20 6 15 6 
6 6 14 6 15 6 
6 11 14 15 6 6 
6 11 14 14 6 6 
6 11 14 11 6 6 
6 11 14 6 11 6 
6 11 14 6 6 15 
6 11 14 6 6 14 
6 11 14 6 6 11 
6 11 14 6 14 6 
6 11 14 6 15 6 
6 11 14 6 14 6 
6 11 14 6 11 6 
6 11 15 15 6 6 
6 11 15 14 6 6 
6 11 15 11 6 6 
6 11 15 6 11 6 
6 11 15 6 6 6 
6 11 15 6 6 11 
6 11 15 6 6 14 
6 11 15 6 6 15 
6 11 15 6 6 14 
6 11 15 6 6 11 
6 11 15 6 14 6 
6 11 15 6 15 6 
6 11 15 6 14 6 
6 11 15 6 11 6 
6 11 14 15 6 6 
6 11 14 14 6 6 
6 11 14 11 6 6 
6 11 14 6 11 6 
6 11 14 6 6 14 
6 11 14 6 6 15 
6 11 14 6 6 14 
6 11 14 6 6 11 
6 11 14 6 14 6 
6 11 14 6 15 6 
6 11 14 6 14 6 
6 11 14 6 11 6 
6 11 14 6 6 6 
6 11 11 6 11 6 
6 11 11 6 6 14 
6 11 11 6 6 15 
6 11 11 6 6 14 
6 11 11 6 6 11 
6 11 11 6 14 6 
6 11 11 6 15 6 
6 11 11 6 14 6 
6 11 6 14 11 6 
6 11 6 14 6 14 
6 11 6 14 6 15 
6 11 6 14 6 14 
6 11 6 14 6 11 
6 11 6 14 6 6 
6 11 6 11 6 14 
6 11 6 11 6 15 
6 11 6 11 6 14 
6 11 6 14 14 6 
6 11 6 15 14 6 
6 11 6 14 14 6 
6 11 6 6 17 6 
6 11 6 6 21 6 
6 11 6 6 17 6 
6 11 6 6 22 6 
6 11 6 6 20 6 
6 11 6 6 15 6 
6 11 6 6 15 6 
6 11 6 6 15 11 
6 11 6 6 15 14 
6 11 6 6 15 15 
6 11 6 6 15 14 
6 11 6 6 14 14 
6 11 6 6 14 15 
6 11 6 6 14 14 
6 11 6 6 11 14 
6 11 6 6 11 15 
6 11 6 6 11 14 
6 11 6 6 6 14 
6 11 6 6 22 6 
6 11 6 6 22 6 
6 11 6 6 18 6 
6 11 6 6 25 6 
6 11 6 6 25 6 
6 11 6 6 22 6 
6 11 6 6 22 6 
6 11 6 6 23 6 
6 11 6 6 22 6 
6 11 6 6 25 6 
6 11 6 6 25 6 
6 11 6 6 22 6 
6 11 6 6 24 6 
6 11 6 6 25 6 
6 11 6 6 24 6 
6 11 6 6 20 6 
6 11 6 6 22 6 
6 11 6 6 22 6 
6 11 6 23 6 6 
6 11 6 25 6 6 
6 11 6 23 6 6 
6 11 6 22 6 6 
6 11 6 22 6 6 
6 11 6 17 6 6 
6 11 6 25 6 6 
6 11 6 27 6 6 
6 11 6 25 6 6 
6 11 6 25 6 6 
6 11 6 25 6 6 
6 11 6 21 6 6 
6 11 6 22 6 6 
6 11 6 25 6 6 
6 11 6 23 6 6 
6 11 6 25 6 6 
6 11 6 25 6 6 
6 11 6 22 6 6 
6 11 6 23 6 6 
6 11 6 25 6 6 
6 11 6 22 6 6 
6 11 6 23 6 6 
6 11 6 22 6 6 
6 11 6 17 6 6 
6 11 6 22 6 6 
6 11 6 25 6 6 
6 11 6 22 6 6 
6 11 6 25 6 6 
6 11 6 24 6 6 
6 11 6 20 6 6 
6 11 6 17 6 6 
6 11 6 21 6 6 
6 11 6 17 6 6 
6 11 6 22 6 6 
6 11 6 20 6 6 
6 11 6 15 6 6 
6 11 6 15 11 6 
6 11 6 15 6 14 
6 11 6 15 6 15 
6 11 6 15 6 14 
6 11 6 15 6 11 
6 11 6 15 14 6 
6 11 6 15 15 6 
6 11 6 15 14 6 
6 11 6 14 11 6 
6 11 6 14 6 14 
6 11 6 14 6 15 
6 11 6 14 6 14 
6 11 6 14 6 11 
6 11 6 14 14 6 
6 11 6 14 15 6 
6 11 6 14 14 6 
6 11 6 11 11 6 
6 11 6 11 6 14 
6 11 6 11 6 15 
6 11 6 11 6 14 
6 11 6 11 6 11 
6 11 6 11 14 6 
6 11 6 11 15 6 
6 11 6 11 14 6 
6 11 6 6 14 6 
6 17 15 6 6 6 
6 17 6 6 15 6 
6 20 15 6 6 6 
6 20 6 6 15 6 
6 21 15 6 6 6 
6 21 6 6 15 6 
6 20 6 6 15 6 
6 15 15 6 6 6 
6 15 14 6 6 6 
6 15 11 6 6 6 
6 15 6 14 6 6 
6 15 6 11 6 6 
6 15 6 6 15 6 
6 15 6 6 14 6 
6 15 6 6 11 6 
6 15 6 15 6 6 
6 15 6 14 6 6 
6 15 6 11 6 6 
6 20 15 6 6 6 
6 20 14 6 6 6 
6 20 11 6 6 6 
6 20 6 14 6 6 
6 20 6 11 6 6 
6 20 6 6 15 6 
6 20 6 6 14 6 
6 20 6 6 11 6 
6 20 6 15 6 6 
6 20 6 14 6 6 
6 20 6 11 6 6 
6 22 15 6 6 6 
6 22 14 6 6 6 
6 22 11 6 6 6 
6 22 6 14 6 6 
6 22 6 11 6 6 
6 22 6 6 15 6 
6 22 6 6 14 6 
6 22 6 6 11 6 
6 22 6 15 6 6 
6 22 6 14 6 6 
6 22 6 11 6 6 
6 22 6 14 6 6 
6 22 6 11 6 6 
6 22 6 6 15 6 
6 22 6 6 14 6 
6 22 6 6 11 6 
6 22 6 15 6 6 
6 20 6 15 6 6 
6 14 6 15 6 6 
6 17 15 6 6 6 
6 17 14 6 6 6 
6 17 11 6 6 6 
6 17 6 14 6 6 
6 17 6 11 6 6 
6 17 6 6 6 6 
6 17 6 6 11 6 
6 17 6 6 11 6 
6 17 6 6 14 6 
6 17 6 6 15 6 
6 17 6 6 14 6 
6 17 6 6 11 6 
6 17 6 6 14 6 
6 17 6 15 6 6 
6 17 6 15 6 6 
6 17 6 14 6 6 
6 17 6 11 6 6 
6 21 15 6 6 6 
6 21 14 6 6 6 
6 21 11 6 6 6 
6 21 6 14 6 6 
6 21 6 11 6 6 
6 21 6 6 11 6 
6 21 6 6 11 6 
6 21 6 6 14 6 
6 21 6 6 15 6 
6 21 6 6 14 6 
6 21 6 6 11 6 
6 21 6 6 14 6 
6 21 6 15 6 6 
6 21 6 15 6 6 
6 21 6 14 6 6 
6 21 6 11 6 6 
6 22 6 14 6 6 
6 22 6 11 6 6 
6 22 6 6 11 6 
6 22 6 6 11 6 
6 22 6 6 14 6 
6 22 6 6 15 6 
6 22 6 6 14 6 
6 22 6 6 11 6 
6 22 6 6 14 6 
6 22 6 15 6 6 
6 22 6 15 6 6 
6 21 6 15 6 6 
6 21 6 15 6 6 
6 15 6 15 6 6 
6 15 6 15 6 6 
6 17 15 6 6 6 
6 17 14 6 6 6 
6 17 11 6 6 6 
6 17 6 14 6 6 
6 17 6 11 6 6 
6 17 6 6 11 6 
6 17 6 6 11 6 
6 17 6 6 14 6 
6 17 6 6 15 6 
6 17 6 6 14 6 
6 17 6 6 11 6 
6 17 6 6 14 6 
6 17 6 15 6 6 
6 17 6 15 6 6 
6 17 6 14 6 6 
6 17 6 11 6 6 
6 17 6 6 6 6 
6 20 6 14 6 6 
6 20 6 11 6 6 
6 20 6 6 11 6 
6 20 6 6 11 6 
6 20 6 6 14 6 
6 20 6 6 15 6 
6 20 6 6 14 6 
6 20 6 6 11 6 
6 20 6 6 14 6 
6 20 6 15 6 6 
6 20 6 15 6 6 
6 20 6 15 6 6 
6 20 6 15 6 6 
6 14 6 15 6 6 
6 14 6 15 6 6 
6 15 6 14 6 6 
6 15 6 11 6 6 
6 15 6 6 11 6 
6 15 6 6 11 6 
6 15 6 6 14 6 
6 15 6 6 15 6 
6 15 6 6 14 6 
6 15 6 6 11 6 
6 15 6 6 14 6 
6 15 6 15 6 6 
6 15 6 15 6 6 
6 17 6 15 6 6 
6 17 6 15 6 6 
6 11 6 15 6 6 
6 11 6 15 6 6 
6 11 15 14 6 6 
6 11 15 11 6 6 
6 11 15 6 11 6 
6 11 15 6 11 6 
6 11 15 6 14 6 
6 11 15 6 15 6 
6 11 15 6 14 6 
6 11 15 6 11 6 
6 11 15 6 14 6 
6 11 15 15 6 6 
6 11 14 14 6 6 
6 11 14 11 6 6 
6 11 14 6 11 6 
6 11 14 6 11 6 
6 11 14 6 14 6 
6 11 14 6 15 6 
6 11 14 6 14 6 
6 11 14 6 11 6 
6 11 14 6 6 6 
6 11 14 6 14 6 
6 11 14 15 6 6 
6 11 11 6 11 6 
6 11 11 6 11 6 
6 11 11 6 14 6 
6 11 11 6 15 6 
6 11 11 6 14 6 
6 11 11 6 14 6 
6 11 11 15 6 6 
6 11 15 15 6 6 
6 11 15 14 6 6 
6 11 6 14 11 6 
6 11 6 14 6 15 
6 11 6 14 6 14 
6 11 6 14 6 11 
6 11 6 14 6 6 
6 11 6 22 6 6 
6 11 6 25 6 6 
6 11 6 23 6 6 
6 11 6 25 6 6 
6 11 6 25 6 6 
6 11 6 22 6 6 
6 11 6 22 6 6 
6 11 6 23 6 6 
6 11 6 22 6 6 
6 11 6 17 6 6 
6 11 6 20 6 6 
6 11 6 24 6 6 
6 11 6 22 6 6 
6 11 6 25 6 6 
6 11 6 25 6 6 
6 11 6 22 6 6 
6 11 6 24 6 6 
6 11 6 25 6 6 
6 11 6 24 6 6 
6 11 6 20 6 6 
6 11 6 15 6 6 
6 11 6 20 6 6 
6 11 6 17 6 6 
6 11 6 22 6 6 
6 11 6 21 6 6 
6 11 6 17 6 6 
6 11 6 22 6 6 
6 11 6 22 6 6 
6 11 6 20 6 6 
6 11 6 15 6 6 
6 11 6 14 6 6 
6 11 6 14 11 6 
6 11 6 14 11 6 
6 11 6 14 14 6 
6 11 6 14 15 6 
6 11 6 14 14 6 
6 11 6 14 14 6 
6 11 6 15 11 6 
6 11 6 15 11 6 
6 11 6 15 14 6 
6 11 6 15 15 6 
6 11 6 15 14 6 
6 11 6 15 14 6 
6 11 6 14 11 6 
6 11 6 14 11 6 
6 11 6 14 14 6 
6 11 6 14 15 6 
6 11 6 14 14 6 
6 11 6 14 14 6 
6 11 6 11 11 6 
6 11 6 11 11 6 
6 11 6 11 14 6 
6 11 6 11 15 6 
6 11 6 11 14 6 
6 11 6 11 14 6 
6 11 6 6 14 6 
6 11 6 15 11 6 
6 11 6 15 6 15 
6 11 6 15 6 14 
6 11 6 15 6 11 
6 11 6 15 14 6 
6 11 6 15 15 6 
6 11 6 15 14 6 
6 11 6 15 11 6 
6 11 6 21 6 6 
6 11 6 25 6 6 
6 11 6 25 6 6 
6 11 6 25 6 6 
6 11 6 27 6 6 
6 11 6 25 6 6 
6 11 6 22 6 6 
6 11 6 25 6 6 
6 11 6 25 6 6 
6 11 6 21 6 6 
6 11 6 17 6 6 
6 11 6 22 6 6 
6 11 6 22 6 6 
6 11 6 23 6 6 
6 11 6 25 6 6 
6 11 6 23 6 6 
6 11 6 22 6 6 
6 11 6 25 6 6 
6 11 6 25 6 6 
6 11 6 22 6 6 
6 11 14 15 6 6 
6 11 14 14 6 6 
6 11 14 11 6 6 
6 11 14 6 11 6 
6 11 14 6 6 15 
6 11 14 6 6 14 
6 11 14 6 6 11 
6 11 14 6 14 6 
6 11 14 6 15 6 
6 11 14 6 14 6 
6 11 14 6 11 6 
6 11 17 6 6 6 
6 11 22 6 6 6 
6 11 23 6 6 6 
6 11 22 6 6 6 
6 11 25 6 6 6 
6 11 23 6 6 6 
6 11 18 6 6 6 
6 11 22 6 6 6 
6 11 22 6 6 6 
6 11 17 6 6 6 
6 11 14 14 6 6 
6 11 14 11 6 6 
6 11 14 6 11 6 
6 11 14 6 11 6 
6 11 14 6 14 6 
6 11 14 6 15 6 
6 11 14 6 14 6 
6 11 14 6 11 6 
6 11 14 6 14 6 
6 11 14 15 6 6 
6 11 14 15 6 6 
6 11 11 15 6 6 
6 11 11 15 6 6 
6 11 6 15 6 6 
6 11 6 15 6 6 
6 11 11 15 6 6 
6 11 11 6 6 15 
6 6 14 15 6 6 
6 6 14 14 6 6 
6 6 14 11 6 6 
6 6 14 6 11 6 
6 6 14 6 6 15 
6 6 14 6 6 14 
6 6 14 6 6 11 
6 6 14 6 14 6 
6 6 14 6 15 6 
6 6 14 6 14 6 
6 6 14 6 11 6 
6 6 17 6 6 6 
6 6 22 6 6 6 
6 6 23 6 6 6 
6 6 22 6 6 6 
6 6 25 6 6 6 
6 6 23 6 6 6 
6 6 18 6 6 6 
6 6 22 6 6 6 
6 6 22 6 6 6 
6 6 17 6 6 6 
6 6 14 14 6 6 
6 6 14 11 6 6 
6 6 14 6 11 6 
6 6 14 6 11 6 
6 6 14 6 14 6 
6 6 14 6 15 6 
6 6 14 6 14 6 
6 6 14 6 11 6 
6 6 14 6 14 6 
6 6 14 15 6 6 
6 6 14 15 6 6 
6 6 11 15 6 6 
6 6 11 15 6 6 
6 6 6 15 6 6 
6 6 6 15 6 6 
6 6 11 15 6 6 
6 6 11 6 6 15 
6 6 14 15 6 6 
6 6 14 14 6 6 
6 6 14 11 6 6 
6 6 14 6 11 6 
6 6 14 6 6 15 
6 6 14 6 6 14 
6 6 14 6 6 11 
6 6 14 6 14 6 
6 6 14 6 15 6 
6 6 14 6 14 6 
6 6 14 6 11 6 
6 6 15 6 6 6 
6 6 15 6 6 11 
6 6 15 6 6 14 
6 6 14 6 6 14 
6 6 11 6 6 14 
6 6 6 14 6 14 
6 6 6 11 6 14 
6 6 6 6 17 6 
6 6 6 6 15 6 
6 6 6 6 15 11 
6 6 6 6 15 14 
6 6 6 6 14 14 
6 6 6 6 11 14 
6 6 6 6 22 6 
6 6 6 6 22 6 
6 6 6 6 18 6 
6 6 6 23 6 6 
6 6 6 25 6 6 
6 6 6 23 6 6 
6 6 6 22 6 6 
6 6 6 22 6 6 
6 6 6 17 6 6 
6 6 6 15 6 14 
6 6 6 14 6 14 
6 6 6 11 6 14 
6 6 11 15 6 6 
6 6 11 6 6 15 
6 6 6 15 6 6 
6 6 6 6 6 15 
6 11 15 6 6 6 
6 11 6 6 15 6 
6 14 15 6 6 6 
6 14 6 6 15 6 
6 15 15 6 6 6 
6 15 6 6 15 6 
6 14 6 6 15 6 
