138065 40 
138066 40 
138074 40 
138075 40 
138077 40 
138078 40 
138095 40 
138096 40 
138121 40 
138123 40 
138124 40 
138131 40 
138132 40 
138135 40 
138136 40 
138140 40 
138141 40 
138151 40 
138152 40 
138155 40 
138156 40 
138160 40 
138370 40 
138373 40 
138381 40 
138384 40 
138392 40 
138395 40 
138403 40 
138406 40 
138425 40 
138428 40 
138433 40 
138436 38 
138437 40 
138439 38 
138440 40 
138441 40 
138444 40 
138447 38 
138448 40 
138450 38 
138451 40 
138452 40 
138458 40 
138461 40 
138469 40 
138472 40 
138477 40 
138480 38 
138481 40 
138483 38 
138484 40 
138485 40 
138488 40 
138491 38 
138492 40 
138494 38 
138495 40 
138496 40 
138502 40 
138505 40 
138524 40 
138527 40 
138535 40 
138538 40 
138546 40 
138549 40 
138557 40 
138560 40 
138722 40 
138723 40 
138725 40 
138766 40 
138767 40 
138769 40 
138777 40 
138778 40 
138780 40 
138799 40 
138800 40 
138802 40 
138810 40 
138811 40 
138813 40 
138832 40 
138833 40 
138835 40 
138843 40 
138844 40 
138846 40 
138887 40 
138888 40 
138890 40 
139055 40 
139056 40 
139058 40 
139075 40 
139076 40 
139078 40 
139109 40 
139110 40 
139115 38 
139116 38 
139117 40 
139118 38 
139119 40 
139120 40 
139121 40 
139124 40 
139129 40 
139130 40 
139135 38 
139136 38 
139137 40 
139138 38 
139139 40 
139140 40 
139141 40 
139144 40 
139155 40 
139156 40 
139158 40 
139169 40 
139170 40 
139175 38 
139176 38 
139177 40 
139178 38 
139179 40 
139180 40 
139181 40 
139184 40 
139195 40 
139196 40 
139198 40 
139215 40 
139216 40 
139218 40 
139235 40 
139236 40 
139238 40 
139810 40 
139811 40 
139830 40 
139831 40 
139850 40 
139851 40 
139864 40 
139870 38 
139871 38 
139872 40 
139873 40 
139874 40 
139878 40 
139890 40 
139891 40 
139904 40 
139910 38 
139911 38 
139912 40 
139913 40 
139914 40 
139918 40 
139924 40 
139930 38 
139931 38 
139932 40 
139933 40 
139934 40 
139938 40 
139970 40 
139971 40 
139990 40 
139991 40 
140192 40 
140193 40 
140195 40 
140206 40 
140207 40 
140234 40 
140235 40 
140240 40 
140254 38 
140255 38 
140256 40 
140257 38 
140258 40 
140259 40 
140260 40 
140262 40 
140268 38 
140269 38 
140270 40 
140271 40 
140275 40 
140276 40 
140277 40 
140296 40 
140297 40 
140302 40 
140316 38 
140317 38 
140318 40 
140319 38 
140320 40 
140321 40 
140322 40 
140324 40 
140330 38 
140331 38 
140332 40 
140333 40 
140337 40 
140338 40 
140339 40 
140378 40 
140379 40 
140381 40 
140392 40 
140393 40 
140785 40 
140793 40 
140796 40 
140815 40 
140823 40 
140826 40 
140834 40 
140837 40 
140842 40 
140845 38 
140846 40 
140847 40 
140850 40 
140853 38 
140854 40 
140856 38 
140857 40 
140858 40 
140905 40 
140913 40 
140916 40 
140935 40 
140943 40 
140946 40 
141012 40 
141015 40 
141022 40 
141028 40 
141029 40 
141031 40 
141082 40 
141088 40 
141089 40 
141091 40 
141228 40 
141229 40 
141231 38 
141232 40 
141233 40 
141234 40 
141235 40 
141240 38 
141241 38 
141242 40 
141243 38 
141244 40 
141245 40 
141246 40 
141249 40 
141254 40 
141255 40 
141257 38 
141258 40 
141259 40 
141260 40 
141261 40 
141266 38 
141267 38 
141268 40 
141269 38 
141270 40 
141271 40 
141272 40 
141275 40 
141283 40 
141292 40 
141293 40 
141295 40 
141306 40 
141307 40 
141309 38 
141310 40 
141311 40 
141312 40 
141313 40 
141318 38 
141319 38 
141320 40 
141321 38 
141322 40 
141323 40 
141324 40 
141327 40 
141335 40 
141344 40 
141345 40 
141347 40 
141361 40 
141370 40 
141371 40 
141373 40 
141387 40 
141396 40 
141397 40 
141399 40 
141882 40 
141894 40 
141895 40 
141924 40 
141936 40 
141937 40 
141951 40 
141956 40 
141961 40 
141966 38 
141967 40 
141968 40 
141972 40 
141978 38 
141979 38 
141980 40 
141981 40 
141982 40 
141986 40 
142050 40 
142062 40 
142063 40 
142226 40 
142227 40 
142230 40 
142232 40 
142237 38 
142238 40 
142239 40 
142240 38 
142241 40 
142242 40 
142258 38 
142259 38 
142260 40 
142261 38 
142262 40 
142263 40 
142264 40 
142266 40 
142272 38 
142273 38 
142274 40 
142275 40 
142279 40 
142280 40 
142281 40 
142300 40 
142301 40 
142304 40 
142306 40 
142311 38 
142312 40 
142313 40 
142314 38 
142315 40 
142316 40 
142331 38 
142332 38 
142333 40 
142334 38 
142335 40 
142336 40 
142337 40 
142339 40 
142345 38 
142346 38 
142347 40 
142348 40 
142352 40 
142353 40 
142354 40 
142384 40 
142387 40 
142403 40 
142404 40 
142406 40 
142417 40 
142418 40 
143159 40 
143160 40 
143162 40 
143176 40 
143180 40 
143188 40 
143191 40 
143651 40 
143652 40 
143653 40 
143657 40 
143672 40 
143673 40 
143675 40 
143676 40 
143680 40 
143685 40 
143687 40 
143688 40 
143692 40 
143695 40 
143703 40 
143709 40 
143710 40 
143712 40 
144328 40 
144329 40 
144331 40 
144343 40 
144346 40 
144355 40 
144356 40 
144675 40 
144676 40 
144677 40 
144681 40 
144694 40 
144695 40 
144696 40 
144697 40 
144700 40 
144701 40 
144704 40 
144710 40 
144711 40 
144715 40 
144716 40 
144717 40 
144721 40 
144722 40 
144746 40 
144749 40 
144761 40 
144762 40 
144764 40 
144775 40 
144776 40 
150286 40 
150288 40 
150289 40 
150291 40 
150293 40 
150294 40 
150295 40 
150297 40 
150301 40 
150302 38 
150303 38 
150304 38 
150305 38 
150306 40 
150427 40 
150428 40 
150429 40 
150437 40 
150438 40 
150439 40 
150457 38 
150458 38 
150459 38 
150460 40 
150461 40 
150464 40 
150467 38 
150468 38 
150469 38 
150470 40 
150471 40 
150474 40 
150477 40 
150478 40 
150479 40 
150855 40 
150856 40 
150865 40 
150866 40 
150875 40 
150876 40 
150885 38 
150886 38 
150887 40 
150888 40 
150891 40 
150895 38 
150896 38 
150897 40 
150898 40 
150901 40 
151039 40 
151040 40 
151041 40 
151049 40 
151050 40 
151070 38 
151071 38 
151072 38 
151073 40 
151074 40 
151075 40 
151080 38 
151081 38 
151082 40 
151085 40 
151086 40 
151087 40 
151142 40 
151143 38 
151144 40 
151145 38 
151146 38 
151147 36 
151148 36 
151149 38 
151150 36 
151151 36 
151152 36 
151153 36 
151154 38 
151155 38 
151156 40 
151160 40 
151161 40 
151162 38 
151163 38 
151164 38 
151165 38 
151166 40 
151167 40 
151172 40 
151173 40 
151174 38 
151175 38 
151176 38 
151177 38 
151178 40 
151179 40 
151186 40 
151187 40 
151545 40 
151548 40 
151551 40 
151554 38 
151555 40 
151557 38 
151558 38 
151559 40 
151560 40 
151563 40 
151578 40 
151581 40 
151584 40 
151587 38 
151588 40 
151590 38 
151591 38 
151592 40 
151593 40 
151596 40 
151620 40 
151623 40 
151624 40 
151715 38 
151716 38 
151717 40 
151719 36 
151720 36 
151721 38 
151722 36 
151723 38 
151724 40 
151726 40 
151737 38 
151738 40 
151740 36 
151741 38 
151742 40 
151744 40 
151756 40 
151902 40 
151965 40 
151967 40 
151968 40 
151969 38 
151978 40 
151987 40 
